********************************************************************************
product = Open Liberty 21.0.0.10 (wlp-1.0.57.cl211020210920-1900)
wlp.install.dir = /home/johnojacob84/480/SocialLogIn/backend/socialLogin/target/liberty/wlp/
java.home = /usr/lib/jvm/java-11-openjdk-amd64
java.version = 11.0.11
java.runtime = OpenJDK Runtime Environment (11.0.11+9-Ubuntu-0ubuntu2.20.04)
os = Linux (5.11.0-37-generic; amd64) (en_US)
process = 9079@johnojacob
********************************************************************************
[10/7/21, 11:04:06:082 EDT] 00000001 com.ibm.ws.kernel.launch.internal.FrameworkManager           A CWWKE0001I: The server defaultServer has been launched.
[10/7/21, 11:04:06:620 EDT] 00000018 com.ibm.ws.config.xml.internal.ServerXMLConfiguration        A CWWKG0093A: Processing configuration drop-ins resource: /home/johnojacob84/480/SocialLogIn/backend/socialLogin/target/liberty/wlp/usr/servers/defaultServer/configDropins/overrides/liberty-plugin-variable-config.xml
[10/7/21, 11:04:06:885 EDT] 00000001 com.ibm.ws.kernel.launch.internal.FrameworkManager           I CWWKE0002I: The kernel started after 0.975 seconds
[10/7/21, 11:04:06:929 EDT] 00000023 com.ibm.ws.kernel.feature.internal.FeatureManager            I CWWKF0007I: Feature update started.
[10/7/21, 11:04:08:074 EDT] 00000018 .apache.cxf.cxf.core.3.2:1.0.57.cl211020210920-1900(id=191)] I Aries Blueprint packages not available. So namespaces will not be registered
[10/7/21, 11:04:08:151 EDT] 00000017 com.ibm.ws.security.ready.internal.SecurityReadyServiceImpl  I CWWKS0007I: The security service is starting...
[10/7/21, 11:04:08:526 EDT] 0000001b com.ibm.ws.cache.ServerCache                                 I DYNA1001I: WebSphere Dynamic Cache instance named baseCache initialized successfully.
[10/7/21, 11:04:08:529 EDT] 0000001b com.ibm.ws.cache.ServerCache                                 I DYNA1071I: The cache provider default is being used.
[10/7/21, 11:04:08:530 EDT] 0000001b com.ibm.ws.cache.CacheServiceImpl                            I DYNA1056I: Dynamic Cache (object cache) initialized successfully.
[10/7/21, 11:04:08:555 EDT] 00000019 com.ibm.ws.app.manager.internal.monitor.DropinMonitor        A CWWKZ0058I: Monitoring dropins for applications.
[10/7/21, 11:04:09:020 EDT] 0000001f com.ibm.ws.ssl.config.WSKeyStore                             I CWPKI0802I: Creating the SSL certificate. This may take a few seconds.
[10/7/21, 11:04:09:062 EDT] 00000034 com.ibm.ws.security.token.ltpa.LTPAKeyInfoManager            I CWWKS4103I: Creating the LTPA keys. This may take a few seconds.
[10/7/21, 11:04:09:102 EDT] 00000017 ibm.ws.security.authentication.internal.jaas.JAASServiceImpl I CWWKS1123I: The collective authentication plugin with class name NullCollectiveAuthenticationPlugin has been activated. 
[10/7/21, 11:04:09:306 EDT] 00000017 com.ibm.ws.security.jwt.internal.ConsumerImpl                I CWWKS6012I: The JSON Web Token (JWT) consumer service is available.
[10/7/21, 11:04:09:351 EDT] 00000017 com.ibm.ws.security.jwt.web.JwtEndpointServices              I CWWKS6002I: The JSON Web Token (JWT) endpoint service is available.
[10/7/21, 11:04:09:449 EDT] 00000017 com.ibm.ws.security.jaspi.AuthConfigFactoryWrapper           I CWWKS1655I: The default Java Authentication SPI for Containers (JASPIC) AuthConfigFactory class com.ibm.ws.security.jaspi.ProviderRegistry is being used because the Java security property authconfigprovider.factory is not set. 
[10/7/21, 11:04:09:470 EDT] 00000017 com.ibm.ws.security.social.internal.SocialLoginServiceImpl   I CWWKS5400I: The social login configuration [SocialLoginService] was successfully processed.
[10/7/21, 11:04:09:503 EDT] 00000017 com.ibm.ws.security.social.web.EndpointServices              I CWWKS5407I: The Social Login Version 1.0 endpoint service is activated.
[10/7/21, 11:04:09:520 EDT] 00000017 com.ibm.ws.security.social.internal.Oauth2LoginConfigImpl    I CWWKS5400I: The social login configuration [googleLogin] was successfully processed.
[10/7/21, 11:04:09:770 EDT] 00000034 com.ibm.ws.security.token.ltpa.LTPAKeyInfoManager            A CWWKS4104A: LTPA keys created in 0.708 seconds. LTPA key file: /home/johnojacob84/480/SocialLogIn/backend/socialLogin/target/liberty/wlp/usr/servers/defaultServer/resources/security/ltpa.keys
[10/7/21, 11:04:09:778 EDT] 00000034 com.ibm.ws.security.token.ltpa.internal.LTPAKeyCreateTask    I CWWKS4105I: LTPA configuration is ready after 0.718 seconds.
[10/7/21, 11:04:10:125 EDT] 00000029 com.ibm.ws.app.manager.AppMessageHelper                      I CWWKZ0018I: Starting application guide-social-login.
[10/7/21, 11:04:10:128 EDT] 00000029 bm.ws.app.manager.war.internal.WARDeployedAppInfoFactoryImpl I CWWKZ0134I: The guide-social-login application is using the loose application definition at the /home/johnojacob84/480/SocialLogIn/backend/socialLogin/target/liberty/wlp/usr/servers/defaultServer/apps/guide-social-login.war.xml location.
[10/7/21, 11:04:10:406 EDT] 00000028 com.ibm.ws.webcontainer.osgi.webapp.WebGroup                 I SRVE0169I: Loading Web Module: Social Login 1.0 Endpoint Servlet.
[10/7/21, 11:04:10:409 EDT] 00000028 com.ibm.ws.webcontainer                                      I SRVE0250I: Web Module Social Login 1.0 Endpoint Servlet has been bound to default_host.
[10/7/21, 11:04:10:417 EDT] 00000028 com.ibm.ws.http.internal.VirtualHostImpl                     A CWWKT0016I: Web application available (default_host): http://192.168.0.12:9080/ibm/api/social-login/
[10/7/21, 11:04:10:525 EDT] 00000033 com.ibm.ws.session.WASSessionCore                            I SESN8501I: The session manager did not find a persistent storage location; HttpSession objects will be stored in the local application server's memory.
[10/7/21, 11:04:10:525 EDT] 00000031 com.ibm.ws.session.WASSessionCore                            I SESN8501I: The session manager did not find a persistent storage location; HttpSession objects will be stored in the local application server's memory.
[10/7/21, 11:04:10:534 EDT] 00000031 com.ibm.ws.session.WASSessionCore                            I SESN0176I: A new session context will be created for application key default_host/ibm/api/social-login
[10/7/21, 11:04:10:548 EDT] 00000031 com.ibm.ws.util                                              I SESN0172I: The session manager is using the Java default SecureRandom implementation for session ID generation.
[10/7/21, 11:04:10:580 EDT] 00000027 com.ibm.ws.webcontainer.osgi.webapp.WebGroup                 I SRVE0169I: Loading Web Module: com.ibm.ws.security.jwt.
[10/7/21, 11:04:10:581 EDT] 00000027 com.ibm.ws.webcontainer                                      I SRVE0250I: Web Module com.ibm.ws.security.jwt has been bound to default_host.
[10/7/21, 11:04:10:584 EDT] 00000027 com.ibm.ws.http.internal.VirtualHostImpl                     A CWWKT0016I: Web application available (default_host): http://192.168.0.12:9080/jwt/
[10/7/21, 11:04:10:729 EDT] 00000031 com.ibm.ws.jsp                                               I JSPG8502I: The value of the JSP attribute jdkSourceLevel is "15".
[10/7/21, 11:04:10:802 EDT] 00000031 com.ibm.ws.cache.CacheServiceImpl                            I DYNA1056I: Dynamic Cache (object cache) initialized successfully.
[10/7/21, 11:04:10:821 EDT] 00000037 com.ibm.ws.session.WASSessionCore                            I SESN0176I: A new session context will be created for application key default_host/jwt
[10/7/21, 11:04:10:827 EDT] 00000037 com.ibm.ws.util                                              I SESN0172I: The session manager is using the Java default SecureRandom implementation for session ID generation.
[10/7/21, 11:04:11:100 EDT] 00000033 com.ibm.ws.webcontainer.osgi.mbeans.PluginGenerator          I SRVE9103I: A configuration file for a web server plugin was automatically generated for this server at /home/johnojacob84/480/SocialLogIn/backend/socialLogin/target/liberty/wlp/usr/servers/defaultServer/logs/state/plugin-cfg.xml.
[10/7/21, 11:04:11:167 EDT] 00000038 com.ibm.ws.webcontainer.osgi.mbeans.PluginGenerator          I SRVE9103I: A configuration file for a web server plugin was automatically generated for this server at /home/johnojacob84/480/SocialLogIn/backend/socialLogin/target/liberty/wlp/usr/servers/defaultServer/logs/state/plugin-cfg.xml.
[10/7/21, 11:04:11:196 EDT] 0000001f com.ibm.ws.ssl.config.WSKeyStore                             A CWPKI0803A: SSL certificate created in 2.176 seconds. SSL key file: /home/johnojacob84/480/SocialLogIn/backend/socialLogin/target/liberty/wlp/usr/servers/defaultServer/resources/security/key.p12
[10/7/21, 11:04:11:197 EDT] 0000001f com.ibm.ws.ssl.config.WSKeyStore                             I Successfully loaded default keystore: /home/johnojacob84/480/SocialLogIn/backend/socialLogin/target/liberty/wlp/usr/servers/defaultServer/resources/security/key.p12 of type: PKCS12
[10/7/21, 11:04:11:881 EDT] 00000029 org.jboss.weld.Version                                       I WELD-000900: 3.1.7 (SP1)
[10/7/21, 11:04:12:857 EDT] 00000029 com.ibm.ws.logging.internal.impl.IncidentImpl                I FFDC1015I: An FFDC Incident has been created: "java.lang.NoClassDefFoundError: LLogoutHandler; com.ibm.ws.injectionengine.InjectionProcessorManager.getAllDeclaredFields 249" at ffdc_21.10.07_11.04.12.0.log
[10/7/21, 11:04:12:861 EDT] 00000029 com.ibm.ws.injectionengine.InjectionProcessorManager         W CWNEN0047W: Resource annotations on the fields of the edu.oswego.rest.sociallogin.LogoutServlet class will be ignored. The annotations could not be obtained because of the exception : java.lang.NoClassDefFoundError: LLogoutHandler;
[10/7/21, 11:04:13:253 EDT] 00000029 org.jboss.weld.Bootstrap                                     I WELD-000119: Not generating any bean definitions from edu.oswego.rest.sociallogin.LogoutServlet because of underlying class loading error: Type LogoutHandler not found.  If this is unexpected, enable DEBUG logging to see the full error.
[10/7/21, 11:04:13:429 EDT] 00000029 com.ibm.ws.logging.internal.impl.IncidentImpl                I FFDC1015I: An FFDC Incident has been created: "org.jboss.weld.resources.spi.ResourceLoadingException: Error while loading class edu.oswego.rest.sociallogin.LogoutServlet com.ibm.ws.cdi.impl.weld.BeanDeploymentArchiveImpl 946" at ffdc_21.10.07_11.04.13.0.log
[10/7/21, 11:04:13:858 EDT] 00000029 com.ibm.ws.webcontainer.osgi.webapp.WebGroup                 I SRVE0169I: Loading Web Module: Hello Servlet.
[10/7/21, 11:04:13:859 EDT] 00000029 com.ibm.ws.webcontainer                                      I SRVE0250I: Web Module Hello Servlet has been bound to default_host.
[10/7/21, 11:04:13:859 EDT] 00000029 com.ibm.ws.http.internal.VirtualHostImpl                     A CWWKT0016I: Web application available (default_host): http://192.168.0.12:9080/api/
[10/7/21, 11:04:13:861 EDT] 00000038 com.ibm.ws.session.WASSessionCore                            I SESN0176I: A new session context will be created for application key default_host/api
[10/7/21, 11:04:13:862 EDT] 00000038 com.ibm.ws.util                                              I SESN0172I: The session manager is using the Java default SecureRandom implementation for session ID generation.
[10/7/21, 11:04:13:914 EDT] 00000038 com.ibm.ws.app.manager.AppMessageHelper                      A CWWKZ0001I: Application guide-social-login started in 3.789 seconds.
[10/7/21, 11:04:13:919 EDT] 00000029 com.ibm.ws.webcontainer.osgi.mbeans.PluginGenerator          I SRVE9103I: A configuration file for a web server plugin was automatically generated for this server at /home/johnojacob84/480/SocialLogIn/backend/socialLogin/target/liberty/wlp/usr/servers/defaultServer/logs/state/plugin-cfg.xml.
[10/7/21, 11:04:13:945 EDT] 00000023 com.ibm.ws.tcpchannel.internal.TCPPort                       I CWWKO0219I: TCP Channel defaultHttpEndpoint has been started and is now listening for requests on host *  (IPv6) port 9080.
[10/7/21, 11:04:13:947 EDT] 00000023 com.ibm.ws.tcpchannel.internal.TCPPort                       I CWWKO0219I: TCP Channel defaultHttpEndpoint-ssl has been started and is now listening for requests on host *  (IPv6) port 9443.
[10/7/21, 11:04:13:965 EDT] 00000023 com.ibm.ws.kernel.feature.internal.FeatureManager            A CWWKF0012I: The server installed the following features: [appSecurity-3.0, cdi-2.0, distributedMap-1.0, el-3.0, jaxrsClient-2.1, jndi-1.0, jsonb-1.0, jsonp-1.1, jsp-2.3, jwt-1.0, mpConfig-2.0, servlet-4.0, socialLogin-1.0, ssl-1.0, transportSecurity-1.0].
[10/7/21, 11:04:13:967 EDT] 00000023 com.ibm.ws.kernel.feature.internal.FeatureManager            I CWWKF0008I: Feature update completed in 7.084 seconds.
[10/7/21, 11:04:13:967 EDT] 00000023 com.ibm.ws.kernel.feature.internal.FeatureManager            A CWWKF0011I: The defaultServer server is ready to run a smarter planet. The defaultServer server started in 8.060 seconds.
[10/7/21, 11:04:16:449 EDT] 00000027 com.ibm.ws.http.internal.VirtualHostImpl                     A CWWKT0017I: Web application removed (default_host): http://192.168.0.12:9080/api/
[10/7/21, 11:04:16:477 EDT] 00000027 com.ibm.ws.app.manager.AppMessageHelper                      A CWWKZ0009I: The application guide-social-login has stopped successfully.
[10/7/21, 11:04:16:485 EDT] 00000027 com.ibm.ws.app.manager.AppMessageHelper                      I CWWKZ0018I: Starting application guide-social-login.
[10/7/21, 11:04:16:485 EDT] 00000027 bm.ws.app.manager.war.internal.WARDeployedAppInfoFactoryImpl I CWWKZ0134I: The guide-social-login application is using the loose application definition at the /home/johnojacob84/480/SocialLogIn/backend/socialLogin/target/liberty/wlp/usr/servers/defaultServer/apps/guide-social-login.war.xml location.
[10/7/21, 11:04:16:543 EDT] 00000034 com.ibm.ws.webcontainer.osgi.mbeans.PluginGenerator          I SRVE9103I: A configuration file for a web server plugin was automatically generated for this server at /home/johnojacob84/480/SocialLogIn/backend/socialLogin/target/liberty/wlp/usr/servers/defaultServer/logs/state/plugin-cfg.xml.
[10/7/21, 11:04:16:896 EDT] 00000027 com.ibm.ws.injectionengine.InjectionProcessorManager         W CWNEN0047W: Resource annotations on the fields of the edu.oswego.rest.sociallogin.LogoutServlet class will be ignored. The annotations could not be obtained because of the exception : java.lang.NoClassDefFoundError: LLogoutHandler;
[10/7/21, 11:04:17:013 EDT] 00000027 org.jboss.weld.Bootstrap                                     I WELD-000119: Not generating any bean definitions from edu.oswego.rest.sociallogin.LogoutServlet because of underlying class loading error: Type LogoutHandler not found.  If this is unexpected, enable DEBUG logging to see the full error.
[10/7/21, 11:04:17:180 EDT] 00000027 com.ibm.ws.webcontainer.osgi.webapp.WebGroup                 I SRVE0169I: Loading Web Module: Hello Servlet.
[10/7/21, 11:04:17:180 EDT] 00000027 com.ibm.ws.webcontainer                                      I SRVE0250I: Web Module Hello Servlet has been bound to default_host.
[10/7/21, 11:04:17:181 EDT] 00000027 com.ibm.ws.http.internal.VirtualHostImpl                     A CWWKT0016I: Web application available (default_host): http://192.168.0.12:9080/api/
[10/7/21, 11:04:17:182 EDT] 00000037 com.ibm.ws.session.WASSessionCore                            I SESN0176I: A new session context will be created for application key default_host/api
[10/7/21, 11:04:17:183 EDT] 00000037 com.ibm.ws.util                                              I SESN0172I: The session manager is using the Java default SecureRandom implementation for session ID generation.
[10/7/21, 11:04:17:215 EDT] 00000037 com.ibm.ws.app.manager.AppMessageHelper                      A CWWKZ0003I: The application guide-social-login updated in 0.730 seconds.
[10/7/21, 11:04:17:239 EDT] 00000029 com.ibm.ws.webcontainer.osgi.mbeans.PluginGenerator          I SRVE9103I: A configuration file for a web server plugin was automatically generated for this server at /home/johnojacob84/480/SocialLogIn/backend/socialLogin/target/liberty/wlp/usr/servers/defaultServer/logs/state/plugin-cfg.xml.
[10/7/21, 11:04:43:815 EDT] 00000038 com.ibm.ws.webcontainer.servlet                              I SRVE0242I: [com.ibm.ws.security.social] [/ibm/api/social-login] [EndpointServlet]: Initialization successful.
[10/7/21, 11:04:44:624 EDT] 00000034 com.ibm.ws.logging.internal.impl.IncidentImpl                I FFDC1015I: An FFDC Incident has been created: "com.ibm.wsspi.injectionengine.InjectionException: java.lang.Error: Unresolved compilation problem: 
	The declared package "io.openliberty.guides.sociallogin" does not match the expected package "edu.oswego.rest.sociallogin"
 com.ibm.ws.webcontainer.servlet.ServletWrapper.loadServlet 228" at ffdc_21.10.07_11.04.44.0.log
[10/7/21, 11:04:44:624 EDT] 00000034 com.ibm.ws.webcontainer.servlet                              E SRVE0319E: For the [HelloServlet] servlet, edu.oswego.rest.sociallogin.HelloServlet servlet class was found, but a resource injection failure has occurred. java.lang.Error: Unresolved compilation problem: 
	The declared package "io.openliberty.guides.sociallogin" does not match the expected package "edu.oswego.rest.sociallogin"

[10/7/21, 11:04:44:628 EDT] 00000034 com.ibm.ws.logging.internal.impl.IncidentImpl                I FFDC1015I: An FFDC Incident has been created: "javax.servlet.UnavailableException: SRVE0319E: For the [HelloServlet] servlet, edu.oswego.rest.sociallogin.HelloServlet servlet class was found, but a resource injection failure has occurred. java.lang.Error: Unresolved compilation problem: 
	The declared package "io.openliberty.guides.sociallogin" does not match the expected package "edu.oswego.rest.sociallogin"
 com.ibm.ws.webcontainer.servlet.ServletWrapper.handleRequest() 302" at ffdc_21.10.07_11.04.44.1.log
[10/7/21, 11:04:44:767 EDT] 00000034 com.ibm.ws.logging.internal.impl.IncidentImpl                I FFDC1015I: An FFDC Incident has been created: "com.ibm.ws.webcontainer.webapp.WebAppErrorReport: javax.servlet.UnavailableException: SRVE0319E: For the [HelloServlet] servlet, edu.oswego.rest.sociallogin.HelloServlet servlet class was found, but a resource injection failure has occurred. java.lang.Error: Unresolved compilation problem: 
	The declared package &quot;io.openliberty.guides.sociallogin&quot; does not match the expected package &quot;edu.oswego.rest.sociallogin&quot;
 com.ibm.ws.webcontainer.filter.WebAppFilterChain.doFilter 82" at ffdc_21.10.07_11.04.44.2.log
[10/7/21, 11:04:44:806 EDT] 00000034 com.ibm.ws.logging.internal.impl.IncidentImpl                I FFDC1015I: An FFDC Incident has been created: "com.ibm.ws.webcontainer.webapp.WebAppErrorReport: javax.servlet.UnavailableException: SRVE0319E: For the [HelloServlet] servlet, edu.oswego.rest.sociallogin.HelloServlet servlet class was found, but a resource injection failure has occurred. java.lang.Error: Unresolved compilation problem: 
	The declared package &quot;io.openliberty.guides.sociallogin&quot; does not match the expected package &quot;edu.oswego.rest.sociallogin&quot;
 com.ibm.ws.webcontainer.filter.FilterInstanceWrapper.doFilter 144" at ffdc_21.10.07_11.04.44.3.log
[10/7/21, 11:07:21:572 EDT] 00000037 com.ibm.ws.http.internal.VirtualHostImpl                     A CWWKT0017I: Web application removed (default_host): http://192.168.0.12:9080/api/
[10/7/21, 11:07:21:585 EDT] 00000037 com.ibm.ws.app.manager.AppMessageHelper                      A CWWKZ0009I: The application guide-social-login has stopped successfully.
[10/7/21, 11:07:21:592 EDT] 00000037 com.ibm.ws.app.manager.AppMessageHelper                      I CWWKZ0018I: Starting application guide-social-login.
[10/7/21, 11:07:21:593 EDT] 00000037 bm.ws.app.manager.war.internal.WARDeployedAppInfoFactoryImpl I CWWKZ0134I: The guide-social-login application is using the loose application definition at the /home/johnojacob84/480/SocialLogIn/backend/socialLogin/target/liberty/wlp/usr/servers/defaultServer/apps/guide-social-login.war.xml location.
[10/7/21, 11:07:21:650 EDT] 00000029 com.ibm.ws.webcontainer.osgi.mbeans.PluginGenerator          I SRVE9103I: A configuration file for a web server plugin was automatically generated for this server at /home/johnojacob84/480/SocialLogIn/backend/socialLogin/target/liberty/wlp/usr/servers/defaultServer/logs/state/plugin-cfg.xml.
[10/7/21, 11:07:21:952 EDT] 00000037 com.ibm.ws.injectionengine.InjectionProcessorManager         W CWNEN0047W: Resource annotations on the fields of the edu.oswego.rest.sociallogin.LogoutServlet class will be ignored. The annotations could not be obtained because of the exception : java.lang.NoClassDefFoundError: LLogoutHandler;
[10/7/21, 11:07:22:021 EDT] 00000037 org.jboss.weld.Bootstrap                                     I WELD-000119: Not generating any bean definitions from edu.oswego.rest.sociallogin.LogoutServlet because of underlying class loading error: Type LogoutHandler not found.  If this is unexpected, enable DEBUG logging to see the full error.
[10/7/21, 11:07:22:123 EDT] 00000037 com.ibm.ws.webcontainer.osgi.webapp.WebGroup                 I SRVE0169I: Loading Web Module: Hello Servlet.
[10/7/21, 11:07:22:123 EDT] 00000037 com.ibm.ws.webcontainer                                      I SRVE0250I: Web Module Hello Servlet has been bound to default_host.
[10/7/21, 11:07:22:123 EDT] 00000037 com.ibm.ws.http.internal.VirtualHostImpl                     A CWWKT0016I: Web application available (default_host): http://192.168.0.12:9080/api/
[10/7/21, 11:07:22:125 EDT] 00000030 com.ibm.ws.session.WASSessionCore                            I SESN0176I: A new session context will be created for application key default_host/api
[10/7/21, 11:07:22:125 EDT] 00000030 com.ibm.ws.util                                              I SESN0172I: The session manager is using the Java default SecureRandom implementation for session ID generation.
[10/7/21, 11:07:22:142 EDT] 00000030 com.ibm.ws.app.manager.AppMessageHelper                      A CWWKZ0003I: The application guide-social-login updated in 0.550 seconds.
[10/7/21, 11:07:22:174 EDT] 00000025 com.ibm.ws.webcontainer.osgi.mbeans.PluginGenerator          I SRVE9103I: A configuration file for a web server plugin was automatically generated for this server at /home/johnojacob84/480/SocialLogIn/backend/socialLogin/target/liberty/wlp/usr/servers/defaultServer/logs/state/plugin-cfg.xml.
[10/7/21, 11:07:50:937 EDT] 00000028 com.ibm.ws.webcontainer.servlet                              I SRVE0242I: [guide-social-login] [/api] [HelloServlet]: Initialization successful.
[10/7/21, 11:07:50:938 EDT] 00000028 SystemOut                                                    O username is inside the arraylist
[10/7/21, 11:07:51:436 EDT] 00000028 com.ibm.ws.webcontainer.servlet                              I SRVE0242I: [guide-social-login] [/api] [/securedHello.jsp]: Initialization successful.
[10/7/21, 11:08:05:384 EDT] 00000013 com.ibm.ws.kernel.launch.internal.FrameworkManager           A CWWKE0085I: The server defaultServer is stopping because the JVM is exiting.
[10/7/21, 11:08:05:395 EDT] 0000005c com.ibm.ws.runtime.update.internal.RuntimeUpdateManagerImpl  A CWWKE1100I: Waiting for up to 30 seconds for the server to quiesce.
[10/7/21, 11:08:05:405 EDT] 00000039 com.ibm.ws.tcpchannel.internal.TCPChannel                    I CWWKO0220I: TCP Channel defaultHttpEndpoint-ssl has stopped listening for requests on host *  (IPv6) port 9443.
[10/7/21, 11:08:05:407 EDT] 00000039 com.ibm.ws.tcpchannel.internal.TCPChannel                    I CWWKO0220I: TCP Channel defaultHttpEndpoint has stopped listening for requests on host *  (IPv6) port 9080.
[10/7/21, 11:08:05:407 EDT] 00000039 com.ibm.ws.http.internal.VirtualHostImpl                     A CWWKT0017I: Web application removed (default_host): http://192.168.0.12:9080/jwt/
[10/7/21, 11:08:05:408 EDT] 00000039 com.ibm.ws.http.internal.VirtualHostImpl                     A CWWKT0017I: Web application removed (default_host): http://192.168.0.12:9080/api/
[10/7/21, 11:08:05:408 EDT] 00000039 com.ibm.ws.http.internal.VirtualHostImpl                     A CWWKT0017I: Web application removed (default_host): http://192.168.0.12:9080/ibm/api/social-login/
[10/7/21, 11:08:05:545 EDT] 00000014 com.ibm.ws.kernel.launch.internal.ServerCommandListener      A CWWKE0055I: Server shutdown requested on Thursday, October 7, 2021 at 11:08 AM. The server defaultServer is shutting down.
[10/7/21, 11:08:06:410 EDT] 0000005c com.ibm.ws.runtime.update.internal.RuntimeUpdateManagerImpl  I CWWKE1101I: Server quiesce complete.
[10/7/21, 11:08:06:470 EDT] 00000029 com.ibm.ws.app.manager.AppMessageHelper                      A CWWKZ0009I: The application guide-social-login has stopped successfully.
[10/7/21, 11:08:06:665 EDT] 0000005c com.ibm.ws.security.social.internal.Oauth2LoginConfigImpl    I CWWKS5402I: The social login configuration [googleLogin] was successfully deactivated.
[10/7/21, 11:08:06:666 EDT] 0000005c com.ibm.ws.security.social.internal.SocialLoginServiceImpl   I CWWKS5402I: The social login configuration [SocialLoginService] was successfully deactivated.
[10/7/21, 11:08:06:791 EDT] 0000005c com.ibm.ws.security.ready.internal.SecurityReadyServiceImpl  I CWWKS0009I: The security service has stopped.
[10/7/21, 11:08:06:811 EDT] 0000005c ibm.ws.security.authentication.internal.jaas.JAASServiceImpl I CWWKS1124I: The collective authentication plugin with class name NullCollectiveAuthenticationPlugin has been deactivated. 
[10/7/21, 11:08:07:044 EDT] 00000001 com.ibm.ws.kernel.launch.internal.FrameworkManager           A CWWKE0036I: The server defaultServer stopped after 4 minutes, 1.136 seconds.
