********************************************************************************
product = Open Liberty 21.0.0.10 (wlp-1.0.57.cl211020210920-1900)
wlp.install.dir = /home/johnojacob84/480/Updated_480/CSC480-21F-backend/backend/teamManager/target/liberty/wlp/
java.home = /usr/lib/jvm/java-11-openjdk-amd64
java.version = 11.0.11
java.runtime = OpenJDK Runtime Environment (11.0.11+9-Ubuntu-0ubuntu2.20.04)
os = Linux (5.11.0-37-generic; amd64) (en_US)
process = 16715@johnojacob
********************************************************************************
[10/17/21, 17:19:32:475 EDT] 00000001 com.ibm.ws.kernel.launch.internal.FrameworkManager           A CWWKE0001I: The server defaultServer has been launched.
[10/17/21, 17:19:33:135 EDT] 00000001 com.ibm.ws.kernel.launch.internal.FrameworkManager           I CWWKE0002I: The kernel started after 0.847 seconds
[10/17/21, 17:19:33:155 EDT] 00000023 com.ibm.ws.kernel.feature.internal.FeatureManager            I CWWKF0007I: Feature update started.
[10/17/21, 17:19:33:418 EDT] 0000001a .apache.cxf.cxf.core.3.2:1.0.57.cl211020210920-1900(id=209)] I Aries Blueprint packages not available. So namespaces will not be registered
[10/17/21, 17:19:33:419 EDT] 00000019 .apache.cxf.cxf.core.3.2:1.0.57.cl211020210920-1900(id=209)] I Aries Blueprint packages not available. So namespaces will not be registered
[10/17/21, 17:19:33:460 EDT] 00000017 com.ibm.ws.security.ready.internal.SecurityReadyServiceImpl  I CWWKS0007I: The security service is starting...
[10/17/21, 17:19:33:623 EDT] 00000018 com.ibm.ws.app.manager.internal.monitor.DropinMonitor        A CWWKZ0058I: Monitoring dropins for applications.
[10/17/21, 17:19:34:152 EDT] 0000001b rty.security.mp.jwt.v12.config.impl.MpConfigProxyServiceImpl I CWWKS5780I: The MicroProfile JWT version 1.2 mpConfigProxy processed successfully.
[10/17/21, 17:19:34:167 EDT] 0000001b .ws.security.mp.jwt.v11.config.impl.MpConfigProxyServiceImpl I CWWKS5775I: The MicroProfile JWT version 1.1 mpConfigProxy processed successfully.
[10/17/21, 17:19:34:193 EDT] 0000001a com.ibm.ws.cache.ServerCache                                 I DYNA1001I: WebSphere Dynamic Cache instance named baseCache initialized successfully.
[10/17/21, 17:19:34:196 EDT] 0000001a com.ibm.ws.cache.ServerCache                                 I DYNA1071I: The cache provider default is being used.
[10/17/21, 17:19:34:198 EDT] 0000001a com.ibm.ws.cache.CacheServiceImpl                            I DYNA1056I: Dynamic Cache (object cache) initialized successfully.
[10/17/21, 17:19:34:402 EDT] 0000001f com.ibm.ws.ssl.config.WSKeyStore                             A CWPKI0820A: The default keystore has been created using the 'keystore_password' environment variable.
[10/17/21, 17:19:34:433 EDT] 00000030 com.ibm.ws.security.token.ltpa.internal.LTPAKeyCreateTask    I CWWKS4105I: LTPA configuration is ready after 0.021 seconds.
[10/17/21, 17:19:34:461 EDT] 00000017 ibm.ws.security.authentication.internal.jaas.JAASServiceImpl I CWWKS1123I: The collective authentication plugin with class name NullCollectiveAuthenticationPlugin has been activated. 
[10/17/21, 17:19:34:617 EDT] 0000001f com.ibm.ws.ssl.config.WSKeyStore                             I Successfully loaded default keystore: /home/johnojacob84/480/Updated_480/CSC480-21F-backend/backend/teamManager/target/liberty/wlp/usr/servers/defaultServer/resources/security/key.p12 of type: PKCS12
[10/17/21, 17:19:34:678 EDT] 00000017 com.ibm.ws.security.jaspi.AuthConfigFactoryWrapper           I CWWKS1655I: The default Java Authentication SPI for Containers (JASPIC) AuthConfigFactory class com.ibm.ws.security.jaspi.ProviderRegistry is being used because the Java security property authconfigprovider.factory is not set. 
[10/17/21, 17:19:34:739 EDT] 0000001f com.ibm.ws.security.mp.jwt.impl.MicroProfileJwtServiceImpl   I CWWKS5500I: The MicroProfile JWT configuration [MicroProfileJwtService] was successfully processed.
[10/17/21, 17:19:34:740 EDT] 0000001f com.ibm.ws.security.mp.jwt.impl.MicroProfileJwtConfigImpl    I CWWKS5500I: The MicroProfile JWT configuration [defaultMpJwt] was successfully processed.
[10/17/21, 17:19:35:227 EDT] 00000017 com.ibm.ws.sib.utils.ras.SibMessage                          I  CWSID0108I: JMS server has started.  
[10/17/21, 17:19:35:387 EDT] 00000017 org.apache.cxf.bus.osgi.CXFActivator                         I Adding the extensions from bundle com.ibm.ws.org.apache.cxf.cxf.rt.bindings.soap.2.6.2 (278) [org.apache.cxf.binding.soap.SoapBindingFactory, org.apache.cxf.binding.soap.SoapTransportFactory]
[10/17/21, 17:19:35:389 EDT] 00000017 org.apache.cxf.bus.osgi.CXFActivator                         I Adding the extensions from bundle com.ibm.ws.org.apache.cxf.cxf.rt.bindings.xml.2.6.2 (279) [org.apache.cxf.binding.xml.XMLBindingFactory, org.apache.cxf.binding.xml.wsdl11.XMLWSDLExtensionLoader]
[10/17/21, 17:19:35:390 EDT] 00000017 org.apache.cxf.bus.osgi.CXFActivator                         I Adding the extensions from bundle com.ibm.ws.org.apache.cxf.cxf.rt.frontend.jaxws.2.6.2 (282) [org.apache.cxf.jaxws.context.WebServiceContextResourceResolver]
[10/17/21, 17:19:35:390 EDT] 00000017 org.apache.cxf.bus.osgi.CXFActivator                         I Adding the extensions from bundle com.ibm.ws.org.apache.cxf.cxf.rt.management.2.6.2 (284) [org.apache.cxf.management.InstrumentationManager]
[10/17/21, 17:19:35:391 EDT] 00000017 org.apache.cxf.bus.osgi.CXFActivator                         I Adding the extensions from bundle com.ibm.ws.org.apache.cxf.cxf.rt.transports.http.2.6.2 (285) [org.apache.cxf.transport.http.HTTPTransportFactory, org.apache.cxf.transport.http.HTTPWSDLExtensionLoader, org.apache.cxf.transport.http.policy.HTTPClientAssertionBuilder, org.apache.cxf.transport.http.policy.HTTPServerAssertionBuilder, org.apache.cxf.transport.http.policy.NoOpPolicyInterceptorProvider]
[10/17/21, 17:19:35:391 EDT] 00000017 org.apache.cxf.bus.osgi.CXFActivator                         I Adding the extensions from bundle com.ibm.ws.org.apache.cxf.cxf.rt.ws.addr.2.6.2 (286) [org.apache.cxf.ws.addressing.policy.AddressingAssertionBuilder, org.apache.cxf.ws.addressing.policy.UsingAddressingAssertionBuilder, org.apache.cxf.ws.addressing.policy.AddressingPolicyInterceptorProvider, org.apache.cxf.ws.addressing.impl.AddressingWSDLExtensionLoader, org.apache.cxf.ws.addressing.WSAddressingFeature$WSAddressingFeatureApplier, org.apache.cxf.ws.addressing.MAPAggregator$MAPAggregatorLoader]
[10/17/21, 17:19:35:392 EDT] 00000017 org.apache.cxf.bus.osgi.CXFActivator                         I Adding the extensions from bundle com.ibm.ws.org.apache.cxf.cxf.rt.ws.policy.2.6.2 (287) [org.apache.cxf.ws.policy.PolicyEngine, org.apache.cxf.policy.PolicyDataEngine, org.apache.cxf.ws.policy.AssertionBuilderRegistry, org.apache.cxf.ws.policy.PolicyInterceptorProviderRegistry, org.apache.cxf.ws.policy.PolicyBuilder, org.apache.cxf.ws.policy.PolicyAnnotationListener, org.apache.cxf.ws.policy.attachment.ServiceModelPolicyProvider, org.apache.cxf.ws.policy.attachment.external.DomainExpressionBuilderRegistry, org.apache.cxf.ws.policy.attachment.external.EndpointReferenceDomainExpressionBuilder, org.apache.cxf.ws.policy.attachment.wsdl11.Wsdl11AttachmentPolicyProvider, org.apache.cxf.ws.policy.mtom.MTOMAssertionBuilder, org.apache.cxf.ws.policy.mtom.MTOMPolicyInterceptorProvider]
[10/17/21, 17:19:35:449 EDT] 00000017 com.ibm.ws.security.jwt.internal.ConsumerImpl                I CWWKS6012I: The JSON Web Token (JWT) consumer service is available.
[10/17/21, 17:19:35:461 EDT] 00000017 com.ibm.ws.security.jwt.web.JwtEndpointServices              I CWWKS6002I: The JSON Web Token (JWT) endpoint service is available.
[10/17/21, 17:19:35:720 EDT] 00000017 com.ibm.ws.session.WASSessionCore                            I SESN8501I: The session manager did not find a persistent storage location; HttpSession objects will be stored in the local application server's memory.
[10/17/21, 17:19:35:853 EDT] 00000017 .microprofile.metrics.internal.monitor.MonitorMetricsHandler I CWPMI2003I: Monitoring metrics can be retrieved through mpMetrics.
[10/17/21, 17:19:36:771 EDT] 0000002e com.ibm.ws.app.manager.AppMessageHelper                      I CWWKZ0018I: Starting application cpr-webapp.
[10/17/21, 17:19:36:773 EDT] 0000002e bm.ws.app.manager.war.internal.WARDeployedAppInfoFactoryImpl I CWWKZ0134I: The cpr-webapp application is using the loose application definition at the /home/johnojacob84/480/Updated_480/CSC480-21F-backend/backend/teamManager/target/liberty/wlp/usr/servers/defaultServer/apps/cpr-webapp.war.xml location.
[10/17/21, 17:19:37:192 EDT] 0000002d com.ibm.ws.webcontainer.osgi.webapp.WebGroup                 I SRVE0169I: Loading Web Module: PrivateMicroProfileMetrics.
[10/17/21, 17:19:37:188 EDT] 00000026 com.ibm.ws.webcontainer.osgi.webapp.WebGroup                 I SRVE0169I: Loading Web Module: OpenAPIUI.
[10/17/21, 17:19:37:188 EDT] 00000046 com.ibm.ws.webcontainer.osgi.webapp.WebGroup                 I SRVE0169I: Loading Web Module: com.ibm.ws.security.jwt.
[10/17/21, 17:19:37:189 EDT] 00000027 com.ibm.ws.webcontainer.osgi.webapp.WebGroup                 I SRVE0169I: Loading Web Module: ibm/api.
[10/17/21, 17:19:37:188 EDT] 00000025 com.ibm.ws.webcontainer.osgi.webapp.WebGroup                 I SRVE0169I: Loading Web Module: MicroProfileOpenAPI.
[10/17/21, 17:19:37:192 EDT] 00000046 com.ibm.ws.webcontainer                                      I SRVE0250I: Web Module com.ibm.ws.security.jwt has been bound to default_host.
[10/17/21, 17:19:37:192 EDT] 00000025 com.ibm.ws.webcontainer                                      I SRVE0250I: Web Module MicroProfileOpenAPI has been bound to default_host.
[10/17/21, 17:19:37:192 EDT] 0000002d com.ibm.ws.webcontainer                                      I SRVE0250I: Web Module PrivateMicroProfileMetrics has been bound to default_host.
[10/17/21, 17:19:37:192 EDT] 00000026 com.ibm.ws.webcontainer                                      I SRVE0250I: Web Module OpenAPIUI has been bound to default_host.
[10/17/21, 17:19:37:196 EDT] 00000027 com.ibm.ws.webcontainer                                      I SRVE0250I: Web Module ibm/api has been bound to default_host.
[10/17/21, 17:19:37:189 EDT] 0000002c com.ibm.ws.webcontainer.osgi.webapp.WebGroup                 I SRVE0169I: Loading Web Module: health.
[10/17/21, 17:19:37:197 EDT] 0000002c com.ibm.ws.webcontainer                                      I SRVE0250I: Web Module health has been bound to default_host.
[10/17/21, 17:19:37:197 EDT] 00000046 com.ibm.ws.http.internal.VirtualHostImpl                     A CWWKT0016I: Web application available (default_host): http://192.168.0.12:9080/jwt/
[10/17/21, 17:19:37:202 EDT] 0000002c com.ibm.ws.http.internal.VirtualHostImpl                     A CWWKT0016I: Web application available (default_host): http://192.168.0.12:9080/health/
[10/17/21, 17:19:37:212 EDT] 00000027 com.ibm.ws.http.internal.VirtualHostImpl                     A CWWKT0016I: Web application available (default_host): http://192.168.0.12:9080/ibm/api/
[10/17/21, 17:19:37:215 EDT] 00000026 com.ibm.ws.http.internal.VirtualHostImpl                     A CWWKT0016I: Web application available (default_host): http://192.168.0.12:9080/openapi/ui/
[10/17/21, 17:19:37:216 EDT] 0000002d com.ibm.ws.http.internal.VirtualHostImpl                     A CWWKT0016I: Web application available (default_host): http://192.168.0.12:9080/metrics/
[10/17/21, 17:19:37:217 EDT] 00000025 com.ibm.ws.http.internal.VirtualHostImpl                     A CWWKT0016I: Web application available (default_host): http://192.168.0.12:9080/openapi/
[10/17/21, 17:19:37:302 EDT] 00000035 com.ibm.ws.session.WASSessionCore                            I SESN0176I: A new session context will be created for application key default_host/jwt
[10/17/21, 17:19:37:302 EDT] 00000032 com.ibm.ws.session.WASSessionCore                            I SESN0176I: A new session context will be created for application key default_host/metrics
[10/17/21, 17:19:37:302 EDT] 00000045 com.ibm.ws.session.WASSessionCore                            I SESN0176I: A new session context will be created for application key default_host/openapi/ui
[10/17/21, 17:19:37:302 EDT] 00000036 com.ibm.ws.session.WASSessionCore                            I SESN0176I: A new session context will be created for application key default_host/health
[10/17/21, 17:19:37:303 EDT] 00000033 com.ibm.ws.session.WASSessionCore                            I SESN0176I: A new session context will be created for application key default_host/ibm/api
[10/17/21, 17:19:37:303 EDT] 00000030 com.ibm.ws.session.WASSessionCore                            I SESN0176I: A new session context will be created for application key default_host/openapi
[10/17/21, 17:19:37:378 EDT] 00000035 com.ibm.ws.util                                              I SESN0172I: The session manager is using the Java default SecureRandom implementation for session ID generation.
[10/17/21, 17:19:37:388 EDT] 00000030 com.ibm.ws.util                                              I SESN0172I: The session manager is using the Java default SecureRandom implementation for session ID generation.
[10/17/21, 17:19:37:390 EDT] 00000033 com.ibm.ws.util                                              I SESN0172I: The session manager is using the Java default SecureRandom implementation for session ID generation.
[10/17/21, 17:19:37:390 EDT] 00000036 com.ibm.ws.util                                              I SESN0172I: The session manager is using the Java default SecureRandom implementation for session ID generation.
[10/17/21, 17:19:37:391 EDT] 00000045 com.ibm.ws.util                                              I SESN0172I: The session manager is using the Java default SecureRandom implementation for session ID generation.
[10/17/21, 17:19:37:392 EDT] 00000032 com.ibm.ws.util                                              I SESN0172I: The session manager is using the Java default SecureRandom implementation for session ID generation.
[10/17/21, 17:19:37:434 EDT] 00000035 org.hibernate.validator.internal.util.Version                I HV000001: Hibernate Validator 6.1.7.Final
[10/17/21, 17:19:37:652 EDT] 00000045 com.ibm.ws.cache.CacheServiceImpl                            I DYNA1056I: Dynamic Cache (object cache) initialized successfully.
[10/17/21, 17:19:37:667 EDT] 00000034 com.ibm.ws.webcontainer.osgi.mbeans.PluginGenerator          I SRVE9103I: A configuration file for a web server plugin was automatically generated for this server at /home/johnojacob84/480/Updated_480/CSC480-21F-backend/backend/teamManager/target/liberty/wlp/usr/servers/defaultServer/logs/state/plugin-cfg.xml.
[10/17/21, 17:19:37:727 EDT] 00000045 org.apache.myfaces.ee.MyFacesContainerInitializer            I Using org.apache.myfaces.ee.MyFacesContainerInitializer
[10/17/21, 17:19:37:728 EDT] 00000030 org.apache.myfaces.ee.MyFacesContainerInitializer            I Using org.apache.myfaces.ee.MyFacesContainerInitializer
[10/17/21, 17:19:37:728 EDT] 00000032 org.apache.myfaces.ee.MyFacesContainerInitializer            I Using org.apache.myfaces.ee.MyFacesContainerInitializer
[10/17/21, 17:19:37:732 EDT] 00000035 org.apache.myfaces.ee.MyFacesContainerInitializer            I Using org.apache.myfaces.ee.MyFacesContainerInitializer
[10/17/21, 17:19:37:736 EDT] 00000036 org.apache.myfaces.ee.MyFacesContainerInitializer            I Using org.apache.myfaces.ee.MyFacesContainerInitializer
[10/17/21, 17:19:37:740 EDT] 00000033 org.apache.myfaces.ee.MyFacesContainerInitializer            I Using org.apache.myfaces.ee.MyFacesContainerInitializer
[10/17/21, 17:19:37:918 EDT] 00000036 com.ibm.ws.webcontainer.servlet                              I SRVE0242I: [io.openliberty.microprofile.health.3.0.internal] [/health] [HealthCheckReadinessServlet]: Initialization successful.
[10/17/21, 17:19:37:928 EDT] 00000036 com.ibm.ws.webcontainer.servlet                              I SRVE0242I: [io.openliberty.microprofile.health.3.0.internal] [/health] [HealthCheckServlet]: Initialization successful.
[10/17/21, 17:19:37:930 EDT] 00000030 com.ibm.ws.webcontainer.servlet                              I SRVE0242I: [io.openliberty.microprofile.openapi.2.0.internal] [/openapi] [ApplicationServlet]: Initialization successful.
[10/17/21, 17:19:37:930 EDT] 00000036 com.ibm.ws.webcontainer.servlet                              I SRVE0242I: [io.openliberty.microprofile.health.3.0.internal] [/health] [HealthCheckLivenessServlet]: Initialization successful.
[10/17/21, 17:19:37:941 EDT] 00000032 com.ibm.ws.webcontainer.servlet                              I SRVE0242I: [io.openliberty.microprofile.metrics.internal.private] [/metrics] [PrivateMetricsRESTProxyServlet]: Initialization successful.
[10/17/21, 17:19:38:472 EDT] 0000002e io.openliberty.microprofile.openapi20.ApplicationProcessor   I CWWKO1660I: The application cpr-webapp was processed and an OpenAPI document was produced.
[10/17/21, 17:19:38:490 EDT] 0000002e org.jboss.weld.Version                                       I WELD-000900: 3.1.7 (SP1)
[10/17/21, 17:19:39:228 EDT] 0000002e org.jboss.weld.Event                                         I WELD-000411: Observer method [BackedAnnotatedMethod] org.apache.myfaces.config.annotation.CdiAnnotationProviderExtension.processAnnotatedType(@Observes ProcessAnnotatedType<T>) receives events for all annotated types. Consider restricting events using @WithAnnotations or a generic type with bounds.
[10/17/21, 17:19:39:235 EDT] 0000002e org.jboss.weld.Event                                         I WELD-000411: Observer method [BackedAnnotatedMethod] org.apache.myfaces.cdi.JsfArtifactProducerExtension.processAnnotatedType(@Observes ProcessAnnotatedType<T>, BeanManager) receives events for all annotated types. Consider restricting events using @WithAnnotations or a generic type with bounds.
[10/17/21, 17:19:40:138 EDT] 0000002e com.ibm.ws.webcontainer.osgi.webapp.WebGroup                 I SRVE0169I: Loading Web Module: cpr-webapp.
[10/17/21, 17:19:40:138 EDT] 0000002e com.ibm.ws.webcontainer                                      I SRVE0250I: Web Module cpr-webapp has been bound to default_host.
[10/17/21, 17:19:40:138 EDT] 0000002e com.ibm.ws.http.internal.VirtualHostImpl                     A CWWKT0016I: Web application available (default_host): http://192.168.0.12:9080/
[10/17/21, 17:19:40:141 EDT] 00000034 com.ibm.ws.session.WASSessionCore                            I SESN0176I: A new session context will be created for application key default_host/
[10/17/21, 17:19:40:141 EDT] 00000034 com.ibm.ws.util                                              I SESN0172I: The session manager is using the Java default SecureRandom implementation for session ID generation.
[10/17/21, 17:19:40:177 EDT] 00000034 com.ibm.ws.webcontainer.webapp                               W SRVE0274W: Error while adding servlet mapping for path-->api/*, wrapper-->ServletWrapper[edu.oswego.rest.controller.student.StudentApplication:[api/*]], application-->cpr-webapp.
[10/17/21, 17:19:40:180 EDT] 00000034 org.apache.myfaces.ee.MyFacesContainerInitializer            I Using org.apache.myfaces.ee.MyFacesContainerInitializer
[10/17/21, 17:19:40:236 EDT] 00000034 com.ibm.ws.app.manager.AppMessageHelper                      A CWWKZ0001I: Application cpr-webapp started in 3.465 seconds.
[10/17/21, 17:19:40:266 EDT] 00000023 com.ibm.ws.tcpchannel.internal.TCPPort                       I CWWKO0219I: TCP Channel defaultHttpEndpoint has been started and is now listening for requests on host *  (IPv6) port 9080.
[10/17/21, 17:19:40:269 EDT] 00000023 com.ibm.ws.tcpchannel.internal.TCPPort                       I CWWKO0219I: TCP Channel defaultHttpEndpoint-ssl has been started and is now listening for requests on host *  (IPv6) port 9443.
[10/17/21, 17:19:40:270 EDT] 00000023 com.ibm.ws.tcpchannel.internal.TCPPort                       I CWWKO0219I: TCP Channel wasJmsEndpoint606 has been started and is now listening for requests on host localhost  (IPv4: 127.0.0.1) port 7276.
[10/17/21, 17:19:40:270 EDT] 00000023 com.ibm.ws.tcpchannel.internal.TCPPort                       I CWWKO0219I: TCP Channel wasJmsEndpoint606-ssl has been started and is now listening for requests on host localhost  (IPv4: 127.0.0.1) port 7286.
[10/17/21, 17:19:40:284 EDT] 00000023 com.ibm.ws.kernel.feature.internal.FeatureManager            A CWWKF0012I: The server installed the following features: [appClientSupport-1.0, appSecurity-2.0, appSecurity-3.0, batch-1.0, beanValidation-2.0, cdi-2.0, concurrent-1.0, distributedMap-1.0, ejb-3.2, ejbHome-3.2, ejbLite-3.2, ejbPersistentTimer-3.2, ejbRemote-3.2, el-3.0, j2eeManagement-1.1, jacc-1.5, jakartaee-8.0, jaspic-1.1, javaMail-1.6, jaxb-2.2, jaxrs-2.1, jaxrsClient-2.1, jaxws-2.2, jca-1.7, jcaInboundSecurity-1.0, jdbc-4.2, jms-2.0, jndi-1.0, jpa-2.2, jpaContainer-2.2, jsf-2.3, json-1.0, jsonb-1.0, jsonp-1.1, jsp-2.3, jwt-1.0, managedBeans-1.0, mdb-3.2, microProfile-4.0, monitor-1.0, mpConfig-2.0, mpFaultTolerance-3.0, mpHealth-3.0, mpJwt-1.2, mpMetrics-3.0, mpOpenAPI-2.0, mpOpenTracing-2.0, mpRestClient-2.0, opentracing-2.0, servlet-4.0, ssl-1.0, wasJmsClient-2.0, wasJmsSecurity-1.0, wasJmsServer-1.0, webProfile-8.0, websocket-1.1].
[10/17/21, 17:19:40:285 EDT] 00000023 com.ibm.ws.kernel.feature.internal.FeatureManager            I CWWKF0008I: Feature update completed in 7.151 seconds.
[10/17/21, 17:19:40:285 EDT] 00000023 com.ibm.ws.kernel.feature.internal.FeatureManager            A CWWKF0011I: The defaultServer server is ready to run a smarter planet. The defaultServer server started in 7.999 seconds.
[10/17/21, 17:19:42:981 EDT] 00000027 com.ibm.ws.http.internal.VirtualHostImpl                     A CWWKT0017I: Web application removed (default_host): http://192.168.0.12:9080/
[10/17/21, 17:19:43:032 EDT] 00000027 com.ibm.ws.app.manager.AppMessageHelper                      A CWWKZ0009I: The application cpr-webapp has stopped successfully.
[10/17/21, 17:19:43:037 EDT] 00000027 com.ibm.ws.app.manager.AppMessageHelper                      I CWWKZ0018I: Starting application cpr-webapp.
[10/17/21, 17:19:43:038 EDT] 00000027 bm.ws.app.manager.war.internal.WARDeployedAppInfoFactoryImpl I CWWKZ0134I: The cpr-webapp application is using the loose application definition at the /home/johnojacob84/480/Updated_480/CSC480-21F-backend/backend/teamManager/target/liberty/wlp/usr/servers/defaultServer/apps/cpr-webapp.war.xml location.
[10/17/21, 17:19:43:613 EDT] 00000027 io.openliberty.microprofile.openapi20.ApplicationProcessor   I CWWKO1660I: The application cpr-webapp was processed and an OpenAPI document was produced.
[10/17/21, 17:19:43:737 EDT] 00000027 org.jboss.weld.Event                                         I WELD-000411: Observer method [BackedAnnotatedMethod] org.apache.myfaces.cdi.JsfArtifactProducerExtension.processAnnotatedType(@Observes ProcessAnnotatedType<T>, BeanManager) receives events for all annotated types. Consider restricting events using @WithAnnotations or a generic type with bounds.
[10/17/21, 17:19:43:746 EDT] 00000027 org.jboss.weld.Event                                         I WELD-000411: Observer method [BackedAnnotatedMethod] org.apache.myfaces.config.annotation.CdiAnnotationProviderExtension.processAnnotatedType(@Observes ProcessAnnotatedType<T>) receives events for all annotated types. Consider restricting events using @WithAnnotations or a generic type with bounds.
[10/17/21, 17:19:44:082 EDT] 00000027 com.ibm.ws.webcontainer.osgi.webapp.WebGroup                 I SRVE0169I: Loading Web Module: cpr-webapp.
[10/17/21, 17:19:44:083 EDT] 00000027 com.ibm.ws.webcontainer                                      I SRVE0250I: Web Module cpr-webapp has been bound to default_host.
[10/17/21, 17:19:44:083 EDT] 00000027 com.ibm.ws.http.internal.VirtualHostImpl                     A CWWKT0016I: Web application available (default_host): http://192.168.0.12:9080/
[10/17/21, 17:19:44:084 EDT] 0000002d com.ibm.ws.session.WASSessionCore                            I SESN0176I: A new session context will be created for application key default_host/
[10/17/21, 17:19:44:084 EDT] 0000002d com.ibm.ws.util                                              I SESN0172I: The session manager is using the Java default SecureRandom implementation for session ID generation.
[10/17/21, 17:19:44:099 EDT] 0000002d com.ibm.ws.webcontainer.webapp                               W SRVE0274W: Error while adding servlet mapping for path-->api/*, wrapper-->ServletWrapper[edu.oswego.rest.controller.student.StudentApplication:[api/*]], application-->cpr-webapp.
[10/17/21, 17:19:44:100 EDT] 0000002d org.apache.myfaces.ee.MyFacesContainerInitializer            I Using org.apache.myfaces.ee.MyFacesContainerInitializer
[10/17/21, 17:19:44:121 EDT] 0000002d com.ibm.ws.app.manager.AppMessageHelper                      A CWWKZ0003I: The application cpr-webapp updated in 1.084 seconds.
[10/17/21, 17:19:46:086 EDT] 0000002f .ibm.ws.transport.iiop.server.security.CSIv2SubsystemFactory E NO_USER_REGISTRY 
                                                                                                               defaultOrb
                                                                                                               10
[10/17/21, 17:19:48:215 EDT] 00000026 com.ibm.ws.webcontainer.osgi.mbeans.PluginGenerator          I SRVE9103I: A configuration file for a web server plugin was automatically generated for this server at /home/johnojacob84/480/Updated_480/CSC480-21F-backend/backend/teamManager/target/liberty/wlp/usr/servers/defaultServer/logs/state/plugin-cfg.xml.
[10/17/21, 17:19:59:696 EDT] 00000045 com.ibm.ws.http.internal.VirtualHostImpl                     A CWWKT0017I: Web application removed (default_host): http://192.168.0.12:9080/
[10/17/21, 17:19:59:726 EDT] 00000045 com.ibm.ws.app.manager.AppMessageHelper                      A CWWKZ0009I: The application cpr-webapp has stopped successfully.
[10/17/21, 17:19:59:748 EDT] 00000045 com.ibm.ws.app.manager.AppMessageHelper                      I CWWKZ0018I: Starting application cpr-webapp.
[10/17/21, 17:19:59:748 EDT] 00000045 bm.ws.app.manager.war.internal.WARDeployedAppInfoFactoryImpl I CWWKZ0134I: The cpr-webapp application is using the loose application definition at the /home/johnojacob84/480/Updated_480/CSC480-21F-backend/backend/teamManager/target/liberty/wlp/usr/servers/defaultServer/apps/cpr-webapp.war.xml location.
[10/17/21, 17:19:59:796 EDT] 00000027 com.ibm.ws.webcontainer.osgi.mbeans.PluginGenerator          I SRVE9103I: A configuration file for a web server plugin was automatically generated for this server at /home/johnojacob84/480/Updated_480/CSC480-21F-backend/backend/teamManager/target/liberty/wlp/usr/servers/defaultServer/logs/state/plugin-cfg.xml.
[10/17/21, 17:20:00:288 EDT] 00000045 io.openliberty.microprofile.openapi20.ApplicationProcessor   I CWWKO1660I: The application cpr-webapp was processed and an OpenAPI document was produced.
[10/17/21, 17:20:00:412 EDT] 00000045 org.jboss.weld.Event                                         I WELD-000411: Observer method [BackedAnnotatedMethod] org.apache.myfaces.config.annotation.CdiAnnotationProviderExtension.processAnnotatedType(@Observes ProcessAnnotatedType<T>) receives events for all annotated types. Consider restricting events using @WithAnnotations or a generic type with bounds.
[10/17/21, 17:20:00:417 EDT] 00000045 org.jboss.weld.Event                                         I WELD-000411: Observer method [BackedAnnotatedMethod] org.apache.myfaces.cdi.JsfArtifactProducerExtension.processAnnotatedType(@Observes ProcessAnnotatedType<T>, BeanManager) receives events for all annotated types. Consider restricting events using @WithAnnotations or a generic type with bounds.
[10/17/21, 17:20:00:730 EDT] 00000045 com.ibm.ws.webcontainer.osgi.webapp.WebGroup                 I SRVE0169I: Loading Web Module: cpr-webapp.
[10/17/21, 17:20:00:731 EDT] 00000045 com.ibm.ws.webcontainer                                      I SRVE0250I: Web Module cpr-webapp has been bound to default_host.
[10/17/21, 17:20:00:731 EDT] 00000045 com.ibm.ws.http.internal.VirtualHostImpl                     A CWWKT0016I: Web application available (default_host): http://192.168.0.12:9080/
[10/17/21, 17:20:00:733 EDT] 0000002d com.ibm.ws.session.WASSessionCore                            I SESN0176I: A new session context will be created for application key default_host/
[10/17/21, 17:20:00:733 EDT] 0000002d com.ibm.ws.util                                              I SESN0172I: The session manager is using the Java default SecureRandom implementation for session ID generation.
[10/17/21, 17:20:00:754 EDT] 0000002d com.ibm.ws.webcontainer.webapp                               W SRVE0274W: Error while adding servlet mapping for path-->api/*, wrapper-->ServletWrapper[edu.oswego.rest.controller.student.StudentApplication:[api/*]], application-->cpr-webapp.
[10/17/21, 17:20:00:756 EDT] 0000002d org.apache.myfaces.ee.MyFacesContainerInitializer            I Using org.apache.myfaces.ee.MyFacesContainerInitializer
[10/17/21, 17:20:00:780 EDT] 0000002d com.ibm.ws.app.manager.AppMessageHelper                      A CWWKZ0003I: The application cpr-webapp updated in 1.032 seconds.
[10/17/21, 17:20:00:791 EDT] 00000027 com.ibm.ws.webcontainer.osgi.mbeans.PluginGenerator          I SRVE9103I: A configuration file for a web server plugin was automatically generated for this server at /home/johnojacob84/480/Updated_480/CSC480-21F-backend/backend/teamManager/target/liberty/wlp/usr/servers/defaultServer/logs/state/plugin-cfg.xml.
[10/17/21, 17:20:06:177 EDT] 00000046 .apache.cxf.cxf.core.3.2:1.0.57.cl211020210920-1900(id=209)] I Setting the server's publish address to be /api/
[10/17/21, 17:20:06:306 EDT] 00000046 com.ibm.ws.webcontainer.servlet                              I SRVE0242I: [cpr-webapp] [/] [edu.oswego.rest.hello.RestApplication]: Initialization successful.
[10/17/21, 17:20:06:387 EDT] 00000046 rty.opentracing.internal.OpentracingUserFeatureAccessService W CWMOT0010W: OpenTracing cannot track JAX-RS requests because an OpentracingTracerFactory class was not provided or client libraries for tracing backend are not in the class path.
[10/17/21, 17:20:06:475 EDT] 00000046 nliberty.opentracing.internal.OpentracingJaxRsEMCallbackImpl W CWMOT0009W: The OpenTracing exception mapper detected and is handling an unhandled exception from the JAX-RS application. 
                                                                                                               java.lang.ClassCastException: class java.lang.String cannot be cast to class java.lang.Integer (java.lang.String and java.lang.Integer are in module java.base of loader 'bootstrap')
	at edu.oswego.rest.teamManager.teamManager.MakeTeamsManually(teamManager.java:44)
	at jdk.internal.reflect.GeneratedMethodAccessor1349.invoke(Unknown Source)
	at java.base/java.lang.reflect.Method.invoke(Method.java:566)
	at com.ibm.ws.jaxrs20.cdi.component.JaxRsFactoryImplicitBeanCDICustomizer.serviceInvoke(JaxRsFactoryImplicitBeanCDICustomizer.java:351)
	at com.ibm.ws.jaxrs20.server.LibertyJaxRsServerFactoryBean.performInvocation(LibertyJaxRsServerFactoryBean.java:641)
	at com.ibm.ws.jaxrs20.server.LibertyJaxRsInvoker.performInvocation(LibertyJaxRsInvoker.java:160)
	at org.apache.cxf.service.invoker.AbstractInvoker.invoke(AbstractInvoker.java:101)
	at com.ibm.ws.jaxrs20.server.LibertyJaxRsInvoker.invoke(LibertyJaxRsInvoker.java:273)
	at org.apache.cxf.jaxrs.JAXRSInvoker.invoke(JAXRSInvoker.java:213)
	at com.ibm.ws.jaxrs20.server.LibertyJaxRsInvoker.invoke(LibertyJaxRsInvoker.java:444)
	at org.apache.cxf.jaxrs.JAXRSInvoker.invoke(JAXRSInvoker.java:112)
	at org.apache.cxf.interceptor.ServiceInvokerInterceptor$1.run(ServiceInvokerInterceptor.java:59)
	at org.apache.cxf.interceptor.ServiceInvokerInterceptor.handleMessage(ServiceInvokerInterceptor.java:96)
	at org.apache.cxf.phase.PhaseInterceptorChain.doIntercept(PhaseInterceptorChain.java:308)
	at org.apache.cxf.transport.ChainInitiationObserver.onMessage(ChainInitiationObserver.java:123)
	at org.apache.cxf.transport.http.AbstractHTTPDestination.invoke(AbstractHTTPDestination.java:277)
	at com.ibm.ws.jaxrs20.endpoint.AbstractJaxRsWebEndpoint.invoke(AbstractJaxRsWebEndpoint.java:137)
	at com.ibm.websphere.jaxrs.server.IBMRestServlet.handleRequest(IBMRestServlet.java:146)
	at com.ibm.websphere.jaxrs.server.IBMRestServlet.doPost(IBMRestServlet.java:104)
	at javax.servlet.http.HttpServlet.service(HttpServlet.java:706)
	at com.ibm.websphere.jaxrs.server.IBMRestServlet.service(IBMRestServlet.java:96)
	at com.ibm.ws.webcontainer.servlet.ServletWrapper.service(ServletWrapper.java:1258)
	at com.ibm.ws.webcontainer.servlet.ServletWrapper.handleRequest(ServletWrapper.java:746)
	at com.ibm.ws.webcontainer.servlet.ServletWrapper.handleRequest(ServletWrapper.java:443)
	at com.ibm.ws.webcontainer.filter.WebAppFilterChain.invokeTarget(WebAppFilterChain.java:183)
	at com.ibm.ws.webcontainer.filter.WebAppFilterChain.doFilter(WebAppFilterChain.java:94)
	at com.ibm.ws.security.jaspi.JaspiServletFilter.doFilter(JaspiServletFilter.java:56)
	at com.ibm.ws.webcontainer.filter.FilterInstanceWrapper.doFilter(FilterInstanceWrapper.java:201)
	at com.ibm.ws.webcontainer.filter.WebAppFilterChain.doFilter(WebAppFilterChain.java:91)
	at com.ibm.ws.webcontainer.filter.WebAppFilterManager.doFilter(WebAppFilterManager.java:1002)
	at com.ibm.ws.webcontainer.filter.WebAppFilterManager.invokeFilters(WebAppFilterManager.java:1140)
	at com.ibm.ws.webcontainer.webapp.WebApp.handleRequest(WebApp.java:5049)
	at com.ibm.ws.webcontainer.osgi.DynamicVirtualHost$2.handleRequest(DynamicVirtualHost.java:314)
	at com.ibm.ws.webcontainer.WebContainer.handleRequest(WebContainer.java:1007)
	at com.ibm.ws.webcontainer.osgi.DynamicVirtualHost$2.run(DynamicVirtualHost.java:279)
	at com.ibm.ws.http.dispatcher.internal.channel.HttpDispatcherLink$TaskWrapper.run(HttpDispatcherLink.java:1159)
	at com.ibm.ws.http.dispatcher.internal.channel.HttpDispatcherLink.wrapHandlerAndExecute(HttpDispatcherLink.java:428)
	at com.ibm.ws.http.dispatcher.internal.channel.HttpDispatcherLink.ready(HttpDispatcherLink.java:387)
	at com.ibm.ws.http.channel.internal.inbound.HttpInboundLink.handleDiscrimination(HttpInboundLink.java:566)
	at com.ibm.ws.http.channel.internal.inbound.HttpInboundLink.handleNewRequest(HttpInboundLink.java:500)
	at com.ibm.ws.http.channel.internal.inbound.HttpInboundLink.processRequest(HttpInboundLink.java:360)
	at com.ibm.ws.http.channel.internal.inbound.HttpInboundLink.ready(HttpInboundLink.java:327)
	at com.ibm.ws.tcpchannel.internal.NewConnectionInitialReadCallback.sendToDiscriminators(NewConnectionInitialReadCallback.java:167)
	at com.ibm.ws.tcpchannel.internal.NewConnectionInitialReadCallback.complete(NewConnectionInitialReadCallback.java:75)
	at com.ibm.ws.tcpchannel.internal.WorkQueueManager.requestComplete(WorkQueueManager.java:504)
	at com.ibm.ws.tcpchannel.internal.WorkQueueManager.attemptIO(WorkQueueManager.java:574)
	at com.ibm.ws.tcpchannel.internal.WorkQueueManager.workerRun(WorkQueueManager.java:958)
	at com.ibm.ws.tcpchannel.internal.WorkQueueManager$Worker.run(WorkQueueManager.java:1047)
	at com.ibm.ws.threading.internal.ExecutorServiceImpl$RunnableWrapper.run(ExecutorServiceImpl.java:238)
	at java.base/java.util.concurrent.ThreadPoolExecutor.runWorker(ThreadPoolExecutor.java:1128)
	at java.base/java.util.concurrent.ThreadPoolExecutor$Worker.run(ThreadPoolExecutor.java:628)
	at java.base/java.lang.Thread.run(Thread.java:829)

[10/17/21, 17:20:06:534 EDT] 00000046 oprofile.metrics.internal.monitor.MetricsJaxRsEMCallbackImpl W CWPMI2005W: The MicroProfile Metrics exception mapper detected and is handling an unhandled exception from the JAX-RS application. 
                                                                                                               java.lang.ClassCastException: class java.lang.String cannot be cast to class java.lang.Integer (java.lang.String and java.lang.Integer are in module java.base of loader 'bootstrap')
	at edu.oswego.rest.teamManager.teamManager.MakeTeamsManually(teamManager.java:44)
	at jdk.internal.reflect.GeneratedMethodAccessor1349.invoke(Unknown Source)
	at java.base/java.lang.reflect.Method.invoke(Method.java:566)
	at com.ibm.ws.jaxrs20.cdi.component.JaxRsFactoryImplicitBeanCDICustomizer.serviceInvoke(JaxRsFactoryImplicitBeanCDICustomizer.java:351)
	at com.ibm.ws.jaxrs20.server.LibertyJaxRsServerFactoryBean.performInvocation(LibertyJaxRsServerFactoryBean.java:641)
	at com.ibm.ws.jaxrs20.server.LibertyJaxRsInvoker.performInvocation(LibertyJaxRsInvoker.java:160)
	at org.apache.cxf.service.invoker.AbstractInvoker.invoke(AbstractInvoker.java:101)
	at com.ibm.ws.jaxrs20.server.LibertyJaxRsInvoker.invoke(LibertyJaxRsInvoker.java:273)
	at org.apache.cxf.jaxrs.JAXRSInvoker.invoke(JAXRSInvoker.java:213)
	at com.ibm.ws.jaxrs20.server.LibertyJaxRsInvoker.invoke(LibertyJaxRsInvoker.java:444)
	at org.apache.cxf.jaxrs.JAXRSInvoker.invoke(JAXRSInvoker.java:112)
	at org.apache.cxf.interceptor.ServiceInvokerInterceptor$1.run(ServiceInvokerInterceptor.java:59)
	at org.apache.cxf.interceptor.ServiceInvokerInterceptor.handleMessage(ServiceInvokerInterceptor.java:96)
	at org.apache.cxf.phase.PhaseInterceptorChain.doIntercept(PhaseInterceptorChain.java:308)
	at org.apache.cxf.transport.ChainInitiationObserver.onMessage(ChainInitiationObserver.java:123)
	at org.apache.cxf.transport.http.AbstractHTTPDestination.invoke(AbstractHTTPDestination.java:277)
	at com.ibm.ws.jaxrs20.endpoint.AbstractJaxRsWebEndpoint.invoke(AbstractJaxRsWebEndpoint.java:137)
	at com.ibm.websphere.jaxrs.server.IBMRestServlet.handleRequest(IBMRestServlet.java:146)
	at com.ibm.websphere.jaxrs.server.IBMRestServlet.doPost(IBMRestServlet.java:104)
	at javax.servlet.http.HttpServlet.service(HttpServlet.java:706)
	at com.ibm.websphere.jaxrs.server.IBMRestServlet.service(IBMRestServlet.java:96)
	at com.ibm.ws.webcontainer.servlet.ServletWrapper.service(ServletWrapper.java:1258)
	at com.ibm.ws.webcontainer.servlet.ServletWrapper.handleRequest(ServletWrapper.java:746)
	at com.ibm.ws.webcontainer.servlet.ServletWrapper.handleRequest(ServletWrapper.java:443)
	at com.ibm.ws.webcontainer.filter.WebAppFilterChain.invokeTarget(WebAppFilterChain.java:183)
	at com.ibm.ws.webcontainer.filter.WebAppFilterChain.doFilter(WebAppFilterChain.java:94)
	at com.ibm.ws.security.jaspi.JaspiServletFilter.doFilter(JaspiServletFilter.java:56)
	at com.ibm.ws.webcontainer.filter.FilterInstanceWrapper.doFilter(FilterInstanceWrapper.java:201)
	at com.ibm.ws.webcontainer.filter.WebAppFilterChain.doFilter(WebAppFilterChain.java:91)
	at com.ibm.ws.webcontainer.filter.WebAppFilterManager.doFilter(WebAppFilterManager.java:1002)
	at com.ibm.ws.webcontainer.filter.WebAppFilterManager.invokeFilters(WebAppFilterManager.java:1140)
	at com.ibm.ws.webcontainer.webapp.WebApp.handleRequest(WebApp.java:5049)
	at com.ibm.ws.webcontainer.osgi.DynamicVirtualHost$2.handleRequest(DynamicVirtualHost.java:314)
	at com.ibm.ws.webcontainer.WebContainer.handleRequest(WebContainer.java:1007)
	at com.ibm.ws.webcontainer.osgi.DynamicVirtualHost$2.run(DynamicVirtualHost.java:279)
	at com.ibm.ws.http.dispatcher.internal.channel.HttpDispatcherLink$TaskWrapper.run(HttpDispatcherLink.java:1159)
	at com.ibm.ws.http.dispatcher.internal.channel.HttpDispatcherLink.wrapHandlerAndExecute(HttpDispatcherLink.java:428)
	at com.ibm.ws.http.dispatcher.internal.channel.HttpDispatcherLink.ready(HttpDispatcherLink.java:387)
	at com.ibm.ws.http.channel.internal.inbound.HttpInboundLink.handleDiscrimination(HttpInboundLink.java:566)
	at com.ibm.ws.http.channel.internal.inbound.HttpInboundLink.handleNewRequest(HttpInboundLink.java:500)
	at com.ibm.ws.http.channel.internal.inbound.HttpInboundLink.processRequest(HttpInboundLink.java:360)
	at com.ibm.ws.http.channel.internal.inbound.HttpInboundLink.ready(HttpInboundLink.java:327)
	at com.ibm.ws.tcpchannel.internal.NewConnectionInitialReadCallback.sendToDiscriminators(NewConnectionInitialReadCallback.java:167)
	at com.ibm.ws.tcpchannel.internal.NewConnectionInitialReadCallback.complete(NewConnectionInitialReadCallback.java:75)
	at com.ibm.ws.tcpchannel.internal.WorkQueueManager.requestComplete(WorkQueueManager.java:504)
	at com.ibm.ws.tcpchannel.internal.WorkQueueManager.attemptIO(WorkQueueManager.java:574)
	at com.ibm.ws.tcpchannel.internal.WorkQueueManager.workerRun(WorkQueueManager.java:958)
	at com.ibm.ws.tcpchannel.internal.WorkQueueManager$Worker.run(WorkQueueManager.java:1047)
	at com.ibm.ws.threading.internal.ExecutorServiceImpl$RunnableWrapper.run(ExecutorServiceImpl.java:238)
	at java.base/java.util.concurrent.ThreadPoolExecutor.runWorker(ThreadPoolExecutor.java:1128)
	at java.base/java.util.concurrent.ThreadPoolExecutor$Worker.run(ThreadPoolExecutor.java:628)
	at java.base/java.lang.Thread.run(Thread.java:829)

[10/17/21, 17:20:52:698 EDT] 00000013 com.ibm.ws.kernel.launch.internal.FrameworkManager           A CWWKE0085I: The server defaultServer is stopping because the JVM is exiting.
[10/17/21, 17:20:52:700 EDT] 00000069 com.ibm.ws.runtime.update.internal.RuntimeUpdateManagerImpl  A CWWKE1100I: Waiting for up to 30 seconds for the server to quiesce.
[10/17/21, 17:20:52:711 EDT] 0000002e com.ibm.ws.tcpchannel.internal.TCPChannel                    I CWWKO0220I: TCP Channel defaultHttpEndpoint-ssl has stopped listening for requests on host *  (IPv6) port 9443.
[10/17/21, 17:20:52:717 EDT] 0000002e com.ibm.ws.tcpchannel.internal.TCPChannel                    I CWWKO0220I: TCP Channel wasJmsEndpoint606 has stopped listening for requests on host localhost  (IPv4: 127.0.0.1) port 7276.
[10/17/21, 17:20:52:718 EDT] 0000002e com.ibm.ws.tcpchannel.internal.TCPChannel                    I CWWKO0220I: TCP Channel defaultHttpEndpoint has stopped listening for requests on host *  (IPv6) port 9080.
[10/17/21, 17:20:52:718 EDT] 0000002e com.ibm.ws.http.internal.VirtualHostImpl                     A CWWKT0017I: Web application removed (default_host): http://192.168.0.12:9080/jwt/
[10/17/21, 17:20:52:718 EDT] 0000002e com.ibm.ws.http.internal.VirtualHostImpl                     A CWWKT0017I: Web application removed (default_host): http://192.168.0.12:9080/openapi/ui/
[10/17/21, 17:20:52:718 EDT] 0000002e com.ibm.ws.http.internal.VirtualHostImpl                     A CWWKT0017I: Web application removed (default_host): http://192.168.0.12:9080/health/
[10/17/21, 17:20:52:719 EDT] 0000002e com.ibm.ws.http.internal.VirtualHostImpl                     A CWWKT0017I: Web application removed (default_host): http://192.168.0.12:9080/metrics/
[10/17/21, 17:20:52:719 EDT] 0000002e com.ibm.ws.http.internal.VirtualHostImpl                     A CWWKT0017I: Web application removed (default_host): http://192.168.0.12:9080/
[10/17/21, 17:20:52:719 EDT] 0000002e com.ibm.ws.http.internal.VirtualHostImpl                     A CWWKT0017I: Web application removed (default_host): http://192.168.0.12:9080/ibm/api/
[10/17/21, 17:20:52:719 EDT] 0000002e com.ibm.ws.http.internal.VirtualHostImpl                     A CWWKT0017I: Web application removed (default_host): http://192.168.0.12:9080/openapi/
[10/17/21, 17:20:52:724 EDT] 0000002e com.ibm.ws.tcpchannel.internal.TCPChannel                    I CWWKO0220I: TCP Channel wasJmsEndpoint606-ssl has stopped listening for requests on host localhost  (IPv4: 127.0.0.1) port 7286.
[10/17/21, 17:20:52:859 EDT] 00000014 com.ibm.ws.kernel.launch.internal.ServerCommandListener      A CWWKE0055I: Server shutdown requested on Sunday, October 17, 2021 at 5:20 PM. The server defaultServer is shutting down.
[10/17/21, 17:20:53:728 EDT] 00000069 com.ibm.ws.runtime.update.internal.RuntimeUpdateManagerImpl  I CWWKE1101I: Server quiesce complete.
[10/17/21, 17:20:53:774 EDT] 0000002c com.ibm.ws.app.manager.AppMessageHelper                      A CWWKZ0009I: The application cpr-webapp has stopped successfully.
[10/17/21, 17:20:54:228 EDT] 00000069 rty.security.mp.jwt.v12.config.impl.MpConfigProxyServiceImpl I CWWKS5782I: The MicroProfile JWT version 1.2 mpConfigProxy deactivated successfully.
[10/17/21, 17:20:54:230 EDT] 00000069 .ws.security.mp.jwt.v11.config.impl.MpConfigProxyServiceImpl I CWWKS5777I: The MicroProfile JWT version 1.1 mpConfigProxy deactivated successfully.
[10/17/21, 17:20:54:232 EDT] 00000069 com.ibm.ws.security.mp.jwt.impl.MicroProfileJwtConfigImpl    I CWWKS5502I: The MicroProfile JWT configuration [defaultMpJwt] was successfully deactivated.
[10/17/21, 17:20:54:234 EDT] 00000069 com.ibm.ws.security.mp.jwt.impl.MicroProfileJwtServiceImpl   I CWWKS5502I: The MicroProfile JWT configuration [MicroProfileJwtService] was successfully deactivated.
[10/17/21, 17:20:54:257 EDT] 00000069 .microprofile.metrics.internal.monitor.MonitorMetricsHandler I CWPMI2004I: All monitoring metrics were unregistered from mpMetrics.
[10/17/21, 17:20:54:478 EDT] 00000069 com.ibm.ws.security.ready.internal.SecurityReadyServiceImpl  I CWWKS0009I: The security service has stopped.
[10/17/21, 17:20:54:528 EDT] 00000069 ibm.ws.security.authentication.internal.jaas.JAASServiceImpl I CWWKS1124I: The collective authentication plugin with class name NullCollectiveAuthenticationPlugin has been deactivated. 
[10/17/21, 17:20:54:670 EDT] 00000069 com.ibm.ws.sib.utils.ras.SibMessage                          I  CWSIS1589I: The file store has stopped successfully.
[10/17/21, 17:20:54:780 EDT] 00000069 com.ibm.ws.sib.utils.ras.SibMessage                          I  CWSID0121I: JMS server stopped.  
[10/17/21, 17:20:55:120 EDT] 00000001 com.ibm.ws.kernel.launch.internal.FrameworkManager           A CWWKE0036I: The server defaultServer stopped after 1 minutes, 22.833 seconds.
