********************************************************************************
product = Open Liberty 21.0.0.10 (wlp-1.0.57.cl211020210920-1900)
wlp.install.dir = /home/johnojacob84/480/Updated_480/CSC480-21F-backend/backend/teamManager/target/liberty/wlp/
java.home = /usr/lib/jvm/java-11-openjdk-amd64
java.version = 11.0.11
java.runtime = OpenJDK Runtime Environment (11.0.11+9-Ubuntu-0ubuntu2.20.04)
os = Linux (5.11.0-37-generic; amd64) (en_US)
process = 17206@johnojacob
********************************************************************************
[10/17/21, 17:21:01:130 EDT] 00000001 com.ibm.ws.kernel.launch.internal.FrameworkManager           A CWWKE0001I: The server defaultServer has been launched.
[10/17/21, 17:21:01:802 EDT] 00000001 com.ibm.ws.kernel.launch.internal.FrameworkManager           I CWWKE0002I: The kernel started after 0.853 seconds
[10/17/21, 17:21:01:820 EDT] 00000023 com.ibm.ws.kernel.feature.internal.FeatureManager            I CWWKF0007I: Feature update started.
[10/17/21, 17:21:02:114 EDT] 00000018 .apache.cxf.cxf.core.3.2:1.0.57.cl211020210920-1900(id=209)] I Aries Blueprint packages not available. So namespaces will not be registered
[10/17/21, 17:21:02:116 EDT] 00000019 .apache.cxf.cxf.core.3.2:1.0.57.cl211020210920-1900(id=209)] I Aries Blueprint packages not available. So namespaces will not be registered
[10/17/21, 17:21:02:165 EDT] 00000017 com.ibm.ws.security.ready.internal.SecurityReadyServiceImpl  I CWWKS0007I: The security service is starting...
[10/17/21, 17:21:02:340 EDT] 00000018 com.ibm.ws.app.manager.internal.monitor.DropinMonitor        A CWWKZ0058I: Monitoring dropins for applications.
[10/17/21, 17:21:03:074 EDT] 0000001b rty.security.mp.jwt.v12.config.impl.MpConfigProxyServiceImpl I CWWKS5780I: The MicroProfile JWT version 1.2 mpConfigProxy processed successfully.
[10/17/21, 17:21:03:094 EDT] 0000001b .ws.security.mp.jwt.v11.config.impl.MpConfigProxyServiceImpl I CWWKS5775I: The MicroProfile JWT version 1.1 mpConfigProxy processed successfully.
[10/17/21, 17:21:03:173 EDT] 00000019 com.ibm.ws.cache.ServerCache                                 I DYNA1001I: WebSphere Dynamic Cache instance named baseCache initialized successfully.
[10/17/21, 17:21:03:178 EDT] 00000019 com.ibm.ws.cache.ServerCache                                 I DYNA1071I: The cache provider default is being used.
[10/17/21, 17:21:03:180 EDT] 00000019 com.ibm.ws.cache.CacheServiceImpl                            I DYNA1056I: Dynamic Cache (object cache) initialized successfully.
[10/17/21, 17:21:03:729 EDT] 0000001f com.ibm.ws.ssl.config.WSKeyStore                             A CWPKI0820A: The default keystore has been created using the 'keystore_password' environment variable.
[10/17/21, 17:21:03:847 EDT] 00000033 com.ibm.ws.security.token.ltpa.internal.LTPAKeyCreateTask    I CWWKS4105I: LTPA configuration is ready after 0.088 seconds.
[10/17/21, 17:21:03:858 EDT] 00000017 ibm.ws.security.authentication.internal.jaas.JAASServiceImpl I CWWKS1123I: The collective authentication plugin with class name NullCollectiveAuthenticationPlugin has been activated. 
[10/17/21, 17:21:04:261 EDT] 00000017 com.ibm.ws.security.jaspi.AuthConfigFactoryWrapper           I CWWKS1655I: The default Java Authentication SPI for Containers (JASPIC) AuthConfigFactory class com.ibm.ws.security.jaspi.ProviderRegistry is being used because the Java security property authconfigprovider.factory is not set. 
[10/17/21, 17:21:04:279 EDT] 0000001f com.ibm.ws.ssl.config.WSKeyStore                             I Successfully loaded default keystore: /home/johnojacob84/480/Updated_480/CSC480-21F-backend/backend/teamManager/target/liberty/wlp/usr/servers/defaultServer/resources/security/key.p12 of type: PKCS12
[10/17/21, 17:21:04:468 EDT] 0000001f com.ibm.ws.security.mp.jwt.impl.MicroProfileJwtServiceImpl   I CWWKS5500I: The MicroProfile JWT configuration [MicroProfileJwtService] was successfully processed.
[10/17/21, 17:21:04:469 EDT] 0000001f com.ibm.ws.security.mp.jwt.impl.MicroProfileJwtConfigImpl    I CWWKS5500I: The MicroProfile JWT configuration [defaultMpJwt] was successfully processed.
[10/17/21, 17:21:04:948 EDT] 00000017 com.ibm.ws.sib.utils.ras.SibMessage                          I  CWSID0108I: JMS server has started.  
[10/17/21, 17:21:05:357 EDT] 00000017 org.apache.cxf.bus.osgi.CXFActivator                         I Adding the extensions from bundle com.ibm.ws.org.apache.cxf.cxf.rt.bindings.soap.2.6.2 (278) [org.apache.cxf.binding.soap.SoapBindingFactory, org.apache.cxf.binding.soap.SoapTransportFactory]
[10/17/21, 17:21:05:359 EDT] 00000017 org.apache.cxf.bus.osgi.CXFActivator                         I Adding the extensions from bundle com.ibm.ws.org.apache.cxf.cxf.rt.bindings.xml.2.6.2 (279) [org.apache.cxf.binding.xml.XMLBindingFactory, org.apache.cxf.binding.xml.wsdl11.XMLWSDLExtensionLoader]
[10/17/21, 17:21:05:360 EDT] 00000017 org.apache.cxf.bus.osgi.CXFActivator                         I Adding the extensions from bundle com.ibm.ws.org.apache.cxf.cxf.rt.frontend.jaxws.2.6.2 (282) [org.apache.cxf.jaxws.context.WebServiceContextResourceResolver]
[10/17/21, 17:21:05:361 EDT] 00000017 org.apache.cxf.bus.osgi.CXFActivator                         I Adding the extensions from bundle com.ibm.ws.org.apache.cxf.cxf.rt.management.2.6.2 (284) [org.apache.cxf.management.InstrumentationManager]
[10/17/21, 17:21:05:362 EDT] 00000017 org.apache.cxf.bus.osgi.CXFActivator                         I Adding the extensions from bundle com.ibm.ws.org.apache.cxf.cxf.rt.transports.http.2.6.2 (285) [org.apache.cxf.transport.http.HTTPTransportFactory, org.apache.cxf.transport.http.HTTPWSDLExtensionLoader, org.apache.cxf.transport.http.policy.HTTPClientAssertionBuilder, org.apache.cxf.transport.http.policy.HTTPServerAssertionBuilder, org.apache.cxf.transport.http.policy.NoOpPolicyInterceptorProvider]
[10/17/21, 17:21:05:363 EDT] 00000017 org.apache.cxf.bus.osgi.CXFActivator                         I Adding the extensions from bundle com.ibm.ws.org.apache.cxf.cxf.rt.ws.addr.2.6.2 (286) [org.apache.cxf.ws.addressing.policy.AddressingAssertionBuilder, org.apache.cxf.ws.addressing.policy.UsingAddressingAssertionBuilder, org.apache.cxf.ws.addressing.policy.AddressingPolicyInterceptorProvider, org.apache.cxf.ws.addressing.impl.AddressingWSDLExtensionLoader, org.apache.cxf.ws.addressing.WSAddressingFeature$WSAddressingFeatureApplier, org.apache.cxf.ws.addressing.MAPAggregator$MAPAggregatorLoader]
[10/17/21, 17:21:05:364 EDT] 00000017 org.apache.cxf.bus.osgi.CXFActivator                         I Adding the extensions from bundle com.ibm.ws.org.apache.cxf.cxf.rt.ws.policy.2.6.2 (287) [org.apache.cxf.ws.policy.PolicyEngine, org.apache.cxf.policy.PolicyDataEngine, org.apache.cxf.ws.policy.AssertionBuilderRegistry, org.apache.cxf.ws.policy.PolicyInterceptorProviderRegistry, org.apache.cxf.ws.policy.PolicyBuilder, org.apache.cxf.ws.policy.PolicyAnnotationListener, org.apache.cxf.ws.policy.attachment.ServiceModelPolicyProvider, org.apache.cxf.ws.policy.attachment.external.DomainExpressionBuilderRegistry, org.apache.cxf.ws.policy.attachment.external.EndpointReferenceDomainExpressionBuilder, org.apache.cxf.ws.policy.attachment.wsdl11.Wsdl11AttachmentPolicyProvider, org.apache.cxf.ws.policy.mtom.MTOMAssertionBuilder, org.apache.cxf.ws.policy.mtom.MTOMPolicyInterceptorProvider]
[10/17/21, 17:21:05:489 EDT] 00000017 com.ibm.ws.security.jwt.internal.ConsumerImpl                I CWWKS6012I: The JSON Web Token (JWT) consumer service is available.
[10/17/21, 17:21:05:523 EDT] 00000017 com.ibm.ws.security.jwt.web.JwtEndpointServices              I CWWKS6002I: The JSON Web Token (JWT) endpoint service is available.
[10/17/21, 17:21:05:818 EDT] 00000017 com.ibm.ws.session.WASSessionCore                            I SESN8501I: The session manager did not find a persistent storage location; HttpSession objects will be stored in the local application server's memory.
[10/17/21, 17:21:05:969 EDT] 00000017 .microprofile.metrics.internal.monitor.MonitorMetricsHandler I CWPMI2003I: Monitoring metrics can be retrieved through mpMetrics.
[10/17/21, 17:21:07:105 EDT] 00000024 com.ibm.ws.app.manager.AppMessageHelper                      I CWWKZ0018I: Starting application cpr-webapp.
[10/17/21, 17:21:07:106 EDT] 00000024 bm.ws.app.manager.war.internal.WARDeployedAppInfoFactoryImpl I CWWKZ0134I: The cpr-webapp application is using the loose application definition at the /home/johnojacob84/480/Updated_480/CSC480-21F-backend/backend/teamManager/target/liberty/wlp/usr/servers/defaultServer/apps/cpr-webapp.war.xml location.
[10/17/21, 17:21:07:439 EDT] 00000025 com.ibm.ws.webcontainer.osgi.webapp.WebGroup                 I SRVE0169I: Loading Web Module: health.
[10/17/21, 17:21:07:441 EDT] 00000025 com.ibm.ws.webcontainer                                      I SRVE0250I: Web Module health has been bound to default_host.
[10/17/21, 17:21:07:443 EDT] 00000025 com.ibm.ws.http.internal.VirtualHostImpl                     A CWWKT0016I: Web application available (default_host): http://192.168.0.12:9080/health/
[10/17/21, 17:21:07:439 EDT] 00000034 com.ibm.ws.webcontainer.osgi.webapp.WebGroup                 I SRVE0169I: Loading Web Module: com.ibm.ws.security.jwt.
[10/17/21, 17:21:07:439 EDT] 00000035 com.ibm.ws.webcontainer.osgi.webapp.WebGroup                 I SRVE0169I: Loading Web Module: MicroProfileOpenAPI.
[10/17/21, 17:21:07:444 EDT] 00000034 com.ibm.ws.webcontainer                                      I SRVE0250I: Web Module com.ibm.ws.security.jwt has been bound to default_host.
[10/17/21, 17:21:07:439 EDT] 00000038 com.ibm.ws.webcontainer.osgi.webapp.WebGroup                 I SRVE0169I: Loading Web Module: PrivateMicroProfileMetrics.
[10/17/21, 17:21:07:439 EDT] 00000036 com.ibm.ws.webcontainer.osgi.webapp.WebGroup                 I SRVE0169I: Loading Web Module: OpenAPIUI.
[10/17/21, 17:21:07:445 EDT] 00000036 com.ibm.ws.webcontainer                                      I SRVE0250I: Web Module OpenAPIUI has been bound to default_host.
[10/17/21, 17:21:07:445 EDT] 00000034 com.ibm.ws.http.internal.VirtualHostImpl                     A CWWKT0016I: Web application available (default_host): http://192.168.0.12:9080/jwt/
[10/17/21, 17:21:07:445 EDT] 00000038 com.ibm.ws.webcontainer                                      I SRVE0250I: Web Module PrivateMicroProfileMetrics has been bound to default_host.
[10/17/21, 17:21:07:444 EDT] 00000035 com.ibm.ws.webcontainer                                      I SRVE0250I: Web Module MicroProfileOpenAPI has been bound to default_host.
[10/17/21, 17:21:07:445 EDT] 00000036 com.ibm.ws.http.internal.VirtualHostImpl                     A CWWKT0016I: Web application available (default_host): http://192.168.0.12:9080/openapi/ui/
[10/17/21, 17:21:07:439 EDT] 00000033 com.ibm.ws.webcontainer.osgi.webapp.WebGroup                 I SRVE0169I: Loading Web Module: ibm/api.
[10/17/21, 17:21:07:446 EDT] 00000033 com.ibm.ws.webcontainer                                      I SRVE0250I: Web Module ibm/api has been bound to default_host.
[10/17/21, 17:21:07:446 EDT] 00000033 com.ibm.ws.http.internal.VirtualHostImpl                     A CWWKT0016I: Web application available (default_host): http://192.168.0.12:9080/ibm/api/
[10/17/21, 17:21:07:447 EDT] 00000038 com.ibm.ws.http.internal.VirtualHostImpl                     A CWWKT0016I: Web application available (default_host): http://192.168.0.12:9080/metrics/
[10/17/21, 17:21:07:449 EDT] 00000035 com.ibm.ws.http.internal.VirtualHostImpl                     A CWWKT0016I: Web application available (default_host): http://192.168.0.12:9080/openapi/
[10/17/21, 17:21:07:526 EDT] 00000032 com.ibm.ws.session.WASSessionCore                            I SESN0176I: A new session context will be created for application key default_host/ibm/api
[10/17/21, 17:21:07:526 EDT] 0000002e com.ibm.ws.session.WASSessionCore                            I SESN0176I: A new session context will be created for application key default_host/openapi/ui
[10/17/21, 17:21:07:526 EDT] 00000030 com.ibm.ws.session.WASSessionCore                            I SESN0176I: A new session context will be created for application key default_host/health
[10/17/21, 17:21:07:526 EDT] 0000002c com.ibm.ws.session.WASSessionCore                            I SESN0176I: A new session context will be created for application key default_host/jwt
[10/17/21, 17:21:07:530 EDT] 0000002d com.ibm.ws.session.WASSessionCore                            I SESN0176I: A new session context will be created for application key default_host/openapi
[10/17/21, 17:21:07:526 EDT] 00000027 com.ibm.ws.session.WASSessionCore                            I SESN0176I: A new session context will be created for application key default_host/metrics
[10/17/21, 17:21:07:583 EDT] 00000032 com.ibm.ws.util                                              I SESN0172I: The session manager is using the Java default SecureRandom implementation for session ID generation.
[10/17/21, 17:21:07:593 EDT] 00000027 com.ibm.ws.util                                              I SESN0172I: The session manager is using the Java default SecureRandom implementation for session ID generation.
[10/17/21, 17:21:07:596 EDT] 0000002d com.ibm.ws.util                                              I SESN0172I: The session manager is using the Java default SecureRandom implementation for session ID generation.
[10/17/21, 17:21:07:596 EDT] 0000002c com.ibm.ws.util                                              I SESN0172I: The session manager is using the Java default SecureRandom implementation for session ID generation.
[10/17/21, 17:21:07:597 EDT] 00000030 com.ibm.ws.util                                              I SESN0172I: The session manager is using the Java default SecureRandom implementation for session ID generation.
[10/17/21, 17:21:07:599 EDT] 0000002e com.ibm.ws.util                                              I SESN0172I: The session manager is using the Java default SecureRandom implementation for session ID generation.
[10/17/21, 17:21:07:651 EDT] 0000002c org.hibernate.validator.internal.util.Version                I HV000001: Hibernate Validator 6.1.7.Final
[10/17/21, 17:21:07:941 EDT] 00000031 com.ibm.ws.webcontainer.osgi.mbeans.PluginGenerator          I SRVE9103I: A configuration file for a web server plugin was automatically generated for this server at /home/johnojacob84/480/Updated_480/CSC480-21F-backend/backend/teamManager/target/liberty/wlp/usr/servers/defaultServer/logs/state/plugin-cfg.xml.
[10/17/21, 17:21:07:947 EDT] 0000002e com.ibm.ws.cache.CacheServiceImpl                            I DYNA1056I: Dynamic Cache (object cache) initialized successfully.
[10/17/21, 17:21:08:119 EDT] 00000027 org.apache.myfaces.ee.MyFacesContainerInitializer            I Using org.apache.myfaces.ee.MyFacesContainerInitializer
[10/17/21, 17:21:08:119 EDT] 0000002c org.apache.myfaces.ee.MyFacesContainerInitializer            I Using org.apache.myfaces.ee.MyFacesContainerInitializer
[10/17/21, 17:21:08:119 EDT] 00000032 org.apache.myfaces.ee.MyFacesContainerInitializer            I Using org.apache.myfaces.ee.MyFacesContainerInitializer
[10/17/21, 17:21:08:119 EDT] 00000030 org.apache.myfaces.ee.MyFacesContainerInitializer            I Using org.apache.myfaces.ee.MyFacesContainerInitializer
[10/17/21, 17:21:08:118 EDT] 0000002e org.apache.myfaces.ee.MyFacesContainerInitializer            I Using org.apache.myfaces.ee.MyFacesContainerInitializer
[10/17/21, 17:21:08:120 EDT] 0000002d org.apache.myfaces.ee.MyFacesContainerInitializer            I Using org.apache.myfaces.ee.MyFacesContainerInitializer
[10/17/21, 17:21:08:433 EDT] 00000027 com.ibm.ws.webcontainer.servlet                              I SRVE0242I: [io.openliberty.microprofile.metrics.internal.private] [/metrics] [PrivateMetricsRESTProxyServlet]: Initialization successful.
[10/17/21, 17:21:08:460 EDT] 0000002d com.ibm.ws.webcontainer.servlet                              I SRVE0242I: [io.openliberty.microprofile.openapi.2.0.internal] [/openapi] [ApplicationServlet]: Initialization successful.
[10/17/21, 17:21:08:472 EDT] 00000030 com.ibm.ws.webcontainer.servlet                              I SRVE0242I: [io.openliberty.microprofile.health.3.0.internal] [/health] [HealthCheckReadinessServlet]: Initialization successful.
[10/17/21, 17:21:08:473 EDT] 00000030 com.ibm.ws.webcontainer.servlet                              I SRVE0242I: [io.openliberty.microprofile.health.3.0.internal] [/health] [HealthCheckServlet]: Initialization successful.
[10/17/21, 17:21:08:475 EDT] 00000030 com.ibm.ws.webcontainer.servlet                              I SRVE0242I: [io.openliberty.microprofile.health.3.0.internal] [/health] [HealthCheckLivenessServlet]: Initialization successful.
[10/17/21, 17:21:09:477 EDT] 00000024 io.openliberty.microprofile.openapi20.ApplicationProcessor   I CWWKO1660I: The application cpr-webapp was processed and an OpenAPI document was produced.
[10/17/21, 17:21:09:503 EDT] 00000024 org.jboss.weld.Version                                       I WELD-000900: 3.1.7 (SP1)
[10/17/21, 17:21:10:645 EDT] 00000024 org.jboss.weld.Event                                         I WELD-000411: Observer method [BackedAnnotatedMethod] org.apache.myfaces.cdi.JsfArtifactProducerExtension.processAnnotatedType(@Observes ProcessAnnotatedType<T>, BeanManager) receives events for all annotated types. Consider restricting events using @WithAnnotations or a generic type with bounds.
[10/17/21, 17:21:10:669 EDT] 00000024 org.jboss.weld.Event                                         I WELD-000411: Observer method [BackedAnnotatedMethod] org.apache.myfaces.config.annotation.CdiAnnotationProviderExtension.processAnnotatedType(@Observes ProcessAnnotatedType<T>) receives events for all annotated types. Consider restricting events using @WithAnnotations or a generic type with bounds.
[10/17/21, 17:21:12:100 EDT] 00000024 com.ibm.ws.webcontainer.osgi.webapp.WebGroup                 I SRVE0169I: Loading Web Module: cpr-webapp.
[10/17/21, 17:21:12:101 EDT] 00000024 com.ibm.ws.webcontainer                                      I SRVE0250I: Web Module cpr-webapp has been bound to default_host.
[10/17/21, 17:21:12:101 EDT] 00000024 com.ibm.ws.http.internal.VirtualHostImpl                     A CWWKT0016I: Web application available (default_host): http://192.168.0.12:9080/
[10/17/21, 17:21:12:103 EDT] 00000027 com.ibm.ws.session.WASSessionCore                            I SESN0176I: A new session context will be created for application key default_host/
[10/17/21, 17:21:12:103 EDT] 00000027 com.ibm.ws.util                                              I SESN0172I: The session manager is using the Java default SecureRandom implementation for session ID generation.
[10/17/21, 17:21:12:128 EDT] 00000027 com.ibm.ws.webcontainer.webapp                               W SRVE0274W: Error while adding servlet mapping for path-->api/*, wrapper-->ServletWrapper[edu.oswego.rest.controller.student.StudentApplication:[api/*]], application-->cpr-webapp.
[10/17/21, 17:21:12:130 EDT] 00000027 org.apache.myfaces.ee.MyFacesContainerInitializer            I Using org.apache.myfaces.ee.MyFacesContainerInitializer
[10/17/21, 17:21:12:191 EDT] 00000027 com.ibm.ws.app.manager.AppMessageHelper                      A CWWKZ0001I: Application cpr-webapp started in 5.086 seconds.
[10/17/21, 17:21:12:221 EDT] 00000025 com.ibm.ws.webcontainer.osgi.mbeans.PluginGenerator          I SRVE9103I: A configuration file for a web server plugin was automatically generated for this server at /home/johnojacob84/480/Updated_480/CSC480-21F-backend/backend/teamManager/target/liberty/wlp/usr/servers/defaultServer/logs/state/plugin-cfg.xml.
[10/17/21, 17:21:12:254 EDT] 00000023 com.ibm.ws.tcpchannel.internal.TCPPort                       I CWWKO0219I: TCP Channel defaultHttpEndpoint has been started and is now listening for requests on host *  (IPv6) port 9080.
[10/17/21, 17:21:12:258 EDT] 00000023 com.ibm.ws.tcpchannel.internal.TCPPort                       I CWWKO0219I: TCP Channel defaultHttpEndpoint-ssl has been started and is now listening for requests on host *  (IPv6) port 9443.
[10/17/21, 17:21:12:259 EDT] 00000023 com.ibm.ws.tcpchannel.internal.TCPPort                       I CWWKO0219I: TCP Channel wasJmsEndpoint604 has been started and is now listening for requests on host localhost  (IPv4: 127.0.0.1) port 7276.
[10/17/21, 17:21:12:260 EDT] 00000023 com.ibm.ws.tcpchannel.internal.TCPPort                       I CWWKO0219I: TCP Channel wasJmsEndpoint604-ssl has been started and is now listening for requests on host localhost  (IPv4: 127.0.0.1) port 7286.
[10/17/21, 17:21:12:278 EDT] 00000023 com.ibm.ws.kernel.feature.internal.FeatureManager            A CWWKF0012I: The server installed the following features: [appClientSupport-1.0, appSecurity-2.0, appSecurity-3.0, batch-1.0, beanValidation-2.0, cdi-2.0, concurrent-1.0, distributedMap-1.0, ejb-3.2, ejbHome-3.2, ejbLite-3.2, ejbPersistentTimer-3.2, ejbRemote-3.2, el-3.0, j2eeManagement-1.1, jacc-1.5, jakartaee-8.0, jaspic-1.1, javaMail-1.6, jaxb-2.2, jaxrs-2.1, jaxrsClient-2.1, jaxws-2.2, jca-1.7, jcaInboundSecurity-1.0, jdbc-4.2, jms-2.0, jndi-1.0, jpa-2.2, jpaContainer-2.2, jsf-2.3, json-1.0, jsonb-1.0, jsonp-1.1, jsp-2.3, jwt-1.0, managedBeans-1.0, mdb-3.2, microProfile-4.0, monitor-1.0, mpConfig-2.0, mpFaultTolerance-3.0, mpHealth-3.0, mpJwt-1.2, mpMetrics-3.0, mpOpenAPI-2.0, mpOpenTracing-2.0, mpRestClient-2.0, opentracing-2.0, servlet-4.0, ssl-1.0, wasJmsClient-2.0, wasJmsSecurity-1.0, wasJmsServer-1.0, webProfile-8.0, websocket-1.1].
[10/17/21, 17:21:12:284 EDT] 00000023 com.ibm.ws.kernel.feature.internal.FeatureManager            I CWWKF0008I: Feature update completed in 10.481 seconds.
[10/17/21, 17:21:12:284 EDT] 00000023 com.ibm.ws.kernel.feature.internal.FeatureManager            A CWWKF0011I: The defaultServer server is ready to run a smarter planet. The defaultServer server started in 11.336 seconds.
[10/17/21, 17:21:15:247 EDT] 0000002d com.ibm.ws.http.internal.VirtualHostImpl                     A CWWKT0017I: Web application removed (default_host): http://192.168.0.12:9080/
[10/17/21, 17:21:15:278 EDT] 0000002d com.ibm.ws.app.manager.AppMessageHelper                      A CWWKZ0009I: The application cpr-webapp has stopped successfully.
[10/17/21, 17:21:15:284 EDT] 0000002d com.ibm.ws.app.manager.AppMessageHelper                      I CWWKZ0018I: Starting application cpr-webapp.
[10/17/21, 17:21:15:284 EDT] 0000002d bm.ws.app.manager.war.internal.WARDeployedAppInfoFactoryImpl I CWWKZ0134I: The cpr-webapp application is using the loose application definition at the /home/johnojacob84/480/Updated_480/CSC480-21F-backend/backend/teamManager/target/liberty/wlp/usr/servers/defaultServer/apps/cpr-webapp.war.xml location.
[10/17/21, 17:21:15:344 EDT] 00000030 com.ibm.ws.webcontainer.osgi.mbeans.PluginGenerator          I SRVE9103I: A configuration file for a web server plugin was automatically generated for this server at /home/johnojacob84/480/Updated_480/CSC480-21F-backend/backend/teamManager/target/liberty/wlp/usr/servers/defaultServer/logs/state/plugin-cfg.xml.
[10/17/21, 17:21:15:845 EDT] 0000002d io.openliberty.microprofile.openapi20.ApplicationProcessor   I CWWKO1660I: The application cpr-webapp was processed and an OpenAPI document was produced.
[10/17/21, 17:21:16:112 EDT] 0000002d org.jboss.weld.Event                                         I WELD-000411: Observer method [BackedAnnotatedMethod] org.apache.myfaces.config.annotation.CdiAnnotationProviderExtension.processAnnotatedType(@Observes ProcessAnnotatedType<T>) receives events for all annotated types. Consider restricting events using @WithAnnotations or a generic type with bounds.
[10/17/21, 17:21:16:117 EDT] 0000002d org.jboss.weld.Event                                         I WELD-000411: Observer method [BackedAnnotatedMethod] org.apache.myfaces.cdi.JsfArtifactProducerExtension.processAnnotatedType(@Observes ProcessAnnotatedType<T>, BeanManager) receives events for all annotated types. Consider restricting events using @WithAnnotations or a generic type with bounds.
[10/17/21, 17:21:16:256 EDT] 00000038 .ibm.ws.transport.iiop.server.security.CSIv2SubsystemFactory E NO_USER_REGISTRY 
                                                                                                               defaultOrb
                                                                                                               10
[10/17/21, 17:21:16:484 EDT] 0000002d com.ibm.ws.webcontainer.osgi.webapp.WebGroup                 I SRVE0169I: Loading Web Module: cpr-webapp.
[10/17/21, 17:21:16:484 EDT] 0000002d com.ibm.ws.webcontainer                                      I SRVE0250I: Web Module cpr-webapp has been bound to default_host.
[10/17/21, 17:21:16:485 EDT] 0000002d com.ibm.ws.http.internal.VirtualHostImpl                     A CWWKT0016I: Web application available (default_host): http://192.168.0.12:9080/
[10/17/21, 17:21:16:487 EDT] 00000027 com.ibm.ws.session.WASSessionCore                            I SESN0176I: A new session context will be created for application key default_host/
[10/17/21, 17:21:16:487 EDT] 00000027 com.ibm.ws.util                                              I SESN0172I: The session manager is using the Java default SecureRandom implementation for session ID generation.
[10/17/21, 17:21:16:501 EDT] 00000027 com.ibm.ws.webcontainer.webapp                               W SRVE0274W: Error while adding servlet mapping for path-->api/*, wrapper-->ServletWrapper[edu.oswego.rest.controller.student.StudentApplication:[api/*]], application-->cpr-webapp.
[10/17/21, 17:21:16:502 EDT] 00000027 org.apache.myfaces.ee.MyFacesContainerInitializer            I Using org.apache.myfaces.ee.MyFacesContainerInitializer
[10/17/21, 17:21:16:518 EDT] 00000027 com.ibm.ws.app.manager.AppMessageHelper                      A CWWKZ0003I: The application cpr-webapp updated in 1.234 seconds.
[10/17/21, 17:21:16:559 EDT] 00000033 com.ibm.ws.webcontainer.osgi.mbeans.PluginGenerator          I SRVE9103I: A configuration file for a web server plugin was automatically generated for this server at /home/johnojacob84/480/Updated_480/CSC480-21F-backend/backend/teamManager/target/liberty/wlp/usr/servers/defaultServer/logs/state/plugin-cfg.xml.
[10/17/21, 17:27:04:218 EDT] 00000035 com.ibm.ws.http.internal.VirtualHostImpl                     A CWWKT0017I: Web application removed (default_host): http://192.168.0.12:9080/
[10/17/21, 17:27:04:265 EDT] 00000035 com.ibm.ws.app.manager.AppMessageHelper                      A CWWKZ0009I: The application cpr-webapp has stopped successfully.
[10/17/21, 17:27:04:274 EDT] 00000035 com.ibm.ws.app.manager.AppMessageHelper                      I CWWKZ0018I: Starting application cpr-webapp.
[10/17/21, 17:27:04:275 EDT] 00000035 bm.ws.app.manager.war.internal.WARDeployedAppInfoFactoryImpl I CWWKZ0134I: The cpr-webapp application is using the loose application definition at the /home/johnojacob84/480/Updated_480/CSC480-21F-backend/backend/teamManager/target/liberty/wlp/usr/servers/defaultServer/apps/cpr-webapp.war.xml location.
[10/17/21, 17:27:04:333 EDT] 0000002d com.ibm.ws.webcontainer.osgi.mbeans.PluginGenerator          I SRVE9103I: A configuration file for a web server plugin was automatically generated for this server at /home/johnojacob84/480/Updated_480/CSC480-21F-backend/backend/teamManager/target/liberty/wlp/usr/servers/defaultServer/logs/state/plugin-cfg.xml.
[10/17/21, 17:27:04:858 EDT] 00000035 io.openliberty.microprofile.openapi20.ApplicationProcessor   I CWWKO1660I: The application cpr-webapp was processed and an OpenAPI document was produced.
[10/17/21, 17:27:05:101 EDT] 00000035 org.jboss.weld.Event                                         I WELD-000411: Observer method [BackedAnnotatedMethod] org.apache.myfaces.cdi.JsfArtifactProducerExtension.processAnnotatedType(@Observes ProcessAnnotatedType<T>, BeanManager) receives events for all annotated types. Consider restricting events using @WithAnnotations or a generic type with bounds.
[10/17/21, 17:27:05:109 EDT] 00000035 org.jboss.weld.Event                                         I WELD-000411: Observer method [BackedAnnotatedMethod] org.apache.myfaces.config.annotation.CdiAnnotationProviderExtension.processAnnotatedType(@Observes ProcessAnnotatedType<T>) receives events for all annotated types. Consider restricting events using @WithAnnotations or a generic type with bounds.
[10/17/21, 17:27:05:587 EDT] 00000035 com.ibm.ws.webcontainer.osgi.webapp.WebGroup                 I SRVE0169I: Loading Web Module: cpr-webapp.
[10/17/21, 17:27:05:587 EDT] 00000035 com.ibm.ws.webcontainer                                      I SRVE0250I: Web Module cpr-webapp has been bound to default_host.
[10/17/21, 17:27:05:587 EDT] 00000035 com.ibm.ws.http.internal.VirtualHostImpl                     A CWWKT0016I: Web application available (default_host): http://192.168.0.12:9080/
[10/17/21, 17:27:05:591 EDT] 00000031 com.ibm.ws.session.WASSessionCore                            I SESN0176I: A new session context will be created for application key default_host/
[10/17/21, 17:27:05:592 EDT] 00000031 com.ibm.ws.util                                              I SESN0172I: The session manager is using the Java default SecureRandom implementation for session ID generation.
[10/17/21, 17:27:05:609 EDT] 00000031 com.ibm.ws.webcontainer.webapp                               W SRVE0274W: Error while adding servlet mapping for path-->api/*, wrapper-->ServletWrapper[edu.oswego.rest.controller.student.StudentApplication:[api/*]], application-->cpr-webapp.
[10/17/21, 17:27:05:611 EDT] 00000031 org.apache.myfaces.ee.MyFacesContainerInitializer            I Using org.apache.myfaces.ee.MyFacesContainerInitializer
[10/17/21, 17:27:05:630 EDT] 00000031 com.ibm.ws.app.manager.AppMessageHelper                      A CWWKZ0003I: The application cpr-webapp updated in 1.356 seconds.
[10/17/21, 17:27:05:656 EDT] 00000030 com.ibm.ws.http.internal.VirtualHostImpl                     A CWWKT0017I: Web application removed (default_host): http://192.168.0.12:9080/
[10/17/21, 17:27:05:667 EDT] 00000030 com.ibm.ws.app.manager.AppMessageHelper                      A CWWKZ0009I: The application cpr-webapp has stopped successfully.
[10/17/21, 17:27:05:675 EDT] 00000030 com.ibm.ws.app.manager.AppMessageHelper                      I CWWKZ0018I: Starting application cpr-webapp.
[10/17/21, 17:27:05:676 EDT] 00000030 bm.ws.app.manager.war.internal.WARDeployedAppInfoFactoryImpl I CWWKZ0134I: The cpr-webapp application is using the loose application definition at the /home/johnojacob84/480/Updated_480/CSC480-21F-backend/backend/teamManager/target/liberty/wlp/usr/servers/defaultServer/apps/cpr-webapp.war.xml location.
[10/17/21, 17:27:06:205 EDT] 00000030 io.openliberty.microprofile.openapi20.ApplicationProcessor   I CWWKO1660I: The application cpr-webapp was processed and an OpenAPI document was produced.
[10/17/21, 17:27:06:305 EDT] 00000030 org.jboss.weld.Event                                         I WELD-000411: Observer method [BackedAnnotatedMethod] org.apache.myfaces.cdi.JsfArtifactProducerExtension.processAnnotatedType(@Observes ProcessAnnotatedType<T>, BeanManager) receives events for all annotated types. Consider restricting events using @WithAnnotations or a generic type with bounds.
[10/17/21, 17:27:06:315 EDT] 00000030 org.jboss.weld.Event                                         I WELD-000411: Observer method [BackedAnnotatedMethod] org.apache.myfaces.config.annotation.CdiAnnotationProviderExtension.processAnnotatedType(@Observes ProcessAnnotatedType<T>) receives events for all annotated types. Consider restricting events using @WithAnnotations or a generic type with bounds.
[10/17/21, 17:27:06:552 EDT] 00000030 com.ibm.ws.webcontainer.osgi.webapp.WebGroup                 I SRVE0169I: Loading Web Module: cpr-webapp.
[10/17/21, 17:27:06:552 EDT] 00000030 com.ibm.ws.webcontainer                                      I SRVE0250I: Web Module cpr-webapp has been bound to default_host.
[10/17/21, 17:27:06:552 EDT] 00000030 com.ibm.ws.http.internal.VirtualHostImpl                     A CWWKT0016I: Web application available (default_host): http://192.168.0.12:9080/
[10/17/21, 17:27:06:553 EDT] 00000023 com.ibm.ws.session.WASSessionCore                            I SESN0176I: A new session context will be created for application key default_host/
[10/17/21, 17:27:06:554 EDT] 00000023 com.ibm.ws.util                                              I SESN0172I: The session manager is using the Java default SecureRandom implementation for session ID generation.
[10/17/21, 17:27:06:566 EDT] 00000023 com.ibm.ws.webcontainer.webapp                               W SRVE0274W: Error while adding servlet mapping for path-->api/*, wrapper-->ServletWrapper[edu.oswego.rest.controller.student.StudentApplication:[api/*]], application-->cpr-webapp.
[10/17/21, 17:27:06:567 EDT] 00000023 org.apache.myfaces.ee.MyFacesContainerInitializer            I Using org.apache.myfaces.ee.MyFacesContainerInitializer
[10/17/21, 17:27:06:580 EDT] 00000023 com.ibm.ws.app.manager.AppMessageHelper                      A CWWKZ0003I: The application cpr-webapp updated in 0.905 seconds.
[10/17/21, 17:27:06:640 EDT] 00000033 com.ibm.ws.webcontainer.osgi.mbeans.PluginGenerator          I SRVE9103I: A configuration file for a web server plugin was automatically generated for this server at /home/johnojacob84/480/Updated_480/CSC480-21F-backend/backend/teamManager/target/liberty/wlp/usr/servers/defaultServer/logs/state/plugin-cfg.xml.
[10/17/21, 17:28:13:172 EDT] 00000032 .apache.cxf.cxf.core.3.2:1.0.57.cl211020210920-1900(id=209)] I Setting the server's publish address to be /api/
[10/17/21, 17:28:13:291 EDT] 00000032 com.ibm.ws.webcontainer.servlet                              I SRVE0242I: [cpr-webapp] [/] [edu.oswego.rest.hello.RestApplication]: Initialization successful.
[10/17/21, 17:28:13:398 EDT] 00000032 rty.opentracing.internal.OpentracingUserFeatureAccessService W CWMOT0010W: OpenTracing cannot track JAX-RS requests because an OpentracingTracerFactory class was not provided or client libraries for tracing backend are not in the class path.
[10/17/21, 17:28:13:488 EDT] 00000032 SystemOut                                                    O nah
[10/17/21, 17:28:13:490 EDT] 00000032 SystemOut                                                    O nah1111
[10/17/21, 17:28:14:142 EDT] 00000032 SystemOut                                                    O here is the email: dtran3@oswego.edu
[10/17/21, 17:28:14:221 EDT] 00000032 SystemOut                                                    O nah
[10/17/21, 17:28:14:221 EDT] 00000032 SystemOut                                                    O nah0
[10/17/21, 17:28:14:240 EDT] 00000032 SystemOut                                                    O here is the email: jowens4@oswego.edu
[10/17/21, 17:30:41:863 EDT] 00000027 com.ibm.ws.http.internal.VirtualHostImpl                     A CWWKT0017I: Web application removed (default_host): http://192.168.0.12:9080/
[10/17/21, 17:30:41:866 EDT] 00000027 com.ibm.ws.webcontainer.servlet                              I SRVE0253I: [cpr-webapp] [/] [edu.oswego.rest.hello.RestApplication]: Destroy successful.
[10/17/21, 17:30:41:873 EDT] 00000027 com.ibm.ws.app.manager.AppMessageHelper                      A CWWKZ0009I: The application cpr-webapp has stopped successfully.
[10/17/21, 17:30:41:878 EDT] 00000027 com.ibm.ws.app.manager.AppMessageHelper                      I CWWKZ0018I: Starting application cpr-webapp.
[10/17/21, 17:30:41:878 EDT] 00000027 bm.ws.app.manager.war.internal.WARDeployedAppInfoFactoryImpl I CWWKZ0134I: The cpr-webapp application is using the loose application definition at the /home/johnojacob84/480/Updated_480/CSC480-21F-backend/backend/teamManager/target/liberty/wlp/usr/servers/defaultServer/apps/cpr-webapp.war.xml location.
[10/17/21, 17:30:41:925 EDT] 00000030 com.ibm.ws.webcontainer.osgi.mbeans.PluginGenerator          I SRVE9103I: A configuration file for a web server plugin was automatically generated for this server at /home/johnojacob84/480/Updated_480/CSC480-21F-backend/backend/teamManager/target/liberty/wlp/usr/servers/defaultServer/logs/state/plugin-cfg.xml.
[10/17/21, 17:30:42:350 EDT] 00000027 io.openliberty.microprofile.openapi20.ApplicationProcessor   I CWWKO1660I: The application cpr-webapp was processed and an OpenAPI document was produced.
[10/17/21, 17:30:42:453 EDT] 00000027 org.jboss.weld.Event                                         I WELD-000411: Observer method [BackedAnnotatedMethod] org.apache.myfaces.cdi.JsfArtifactProducerExtension.processAnnotatedType(@Observes ProcessAnnotatedType<T>, BeanManager) receives events for all annotated types. Consider restricting events using @WithAnnotations or a generic type with bounds.
[10/17/21, 17:30:42:456 EDT] 00000027 org.jboss.weld.Event                                         I WELD-000411: Observer method [BackedAnnotatedMethod] org.apache.myfaces.config.annotation.CdiAnnotationProviderExtension.processAnnotatedType(@Observes ProcessAnnotatedType<T>) receives events for all annotated types. Consider restricting events using @WithAnnotations or a generic type with bounds.
[10/17/21, 17:30:42:717 EDT] 00000027 com.ibm.ws.webcontainer.osgi.webapp.WebGroup                 I SRVE0169I: Loading Web Module: cpr-webapp.
[10/17/21, 17:30:42:717 EDT] 00000027 com.ibm.ws.webcontainer                                      I SRVE0250I: Web Module cpr-webapp has been bound to default_host.
[10/17/21, 17:30:42:717 EDT] 00000027 com.ibm.ws.http.internal.VirtualHostImpl                     A CWWKT0016I: Web application available (default_host): http://192.168.0.12:9080/
[10/17/21, 17:30:42:718 EDT] 0000002c com.ibm.ws.session.WASSessionCore                            I SESN0176I: A new session context will be created for application key default_host/
[10/17/21, 17:30:42:719 EDT] 0000002c com.ibm.ws.util                                              I SESN0172I: The session manager is using the Java default SecureRandom implementation for session ID generation.
[10/17/21, 17:30:42:731 EDT] 0000002c com.ibm.ws.webcontainer.webapp                               W SRVE0274W: Error while adding servlet mapping for path-->api/*, wrapper-->ServletWrapper[edu.oswego.rest.controller.student.StudentApplication:[api/*]], application-->cpr-webapp.
[10/17/21, 17:30:42:732 EDT] 0000002c org.apache.myfaces.ee.MyFacesContainerInitializer            I Using org.apache.myfaces.ee.MyFacesContainerInitializer
[10/17/21, 17:30:42:747 EDT] 0000002c com.ibm.ws.app.manager.AppMessageHelper                      A CWWKZ0003I: The application cpr-webapp updated in 0.869 seconds.
[10/17/21, 17:30:42:768 EDT] 0000002d com.ibm.ws.webcontainer.osgi.mbeans.PluginGenerator          I SRVE9103I: A configuration file for a web server plugin was automatically generated for this server at /home/johnojacob84/480/Updated_480/CSC480-21F-backend/backend/teamManager/target/liberty/wlp/usr/servers/defaultServer/logs/state/plugin-cfg.xml.
[10/17/21, 17:34:01:242 EDT] 00000015 SystemErr                                                    R !SESSION 2021-10-17 17:34:01.240 -----------------------------------------------
eclipse.buildId=unknown
java.version=11.0.11
java.vendor=Ubuntu
BootLoader constants: OS=linux, ARCH=x86_64, WS=gtk, NL=en_US

!ENTRY com.ibm.ws.webserver.plugin.runtime 4 0 2021-10-17 17:34:01.240
!MESSAGE FrameworkEvent ERROR
!STACK 0
java.io.IOException: Exception in opening zip file: /home/johnojacob84/480/Updated_480/CSC480-21F-backend/backend/teamManager/target/liberty/wlp/lib/com.ibm.ws.webserver.plugin.runtime_1.0.57.jar
	at org.eclipse.osgi.framework.util.SecureAction.getZipFile(SecureAction.java:353)
	at org.eclipse.osgi.storage.bundlefile.ZipBundleFile.doOpen(ZipBundleFile.java:48)
	at org.eclipse.osgi.storage.bundlefile.CloseableBundleFile.open(CloseableBundleFile.java:135)
	at org.eclipse.osgi.storage.bundlefile.CloseableBundleFile.lockOpen(CloseableBundleFile.java:77)
	at org.eclipse.osgi.storage.bundlefile.CloseableBundleFile.getEntry(CloseableBundleFile.java:271)
	at org.eclipse.osgi.internal.loader.classpath.ClasspathEntry.findEntry(ClasspathEntry.java:195)
	at org.eclipse.osgi.internal.loader.classpath.ClasspathManager.findClassImpl(ClasspathManager.java:623)
	at org.eclipse.osgi.internal.loader.classpath.ClasspathManager.findLocalClassImpl(ClasspathManager.java:609)
	at org.eclipse.osgi.internal.loader.classpath.ClasspathManager.findLocalClassImpl(ClasspathManager.java:589)
	at org.eclipse.osgi.internal.loader.classpath.ClasspathManager.findLocalClass(ClasspathManager.java:568)
	at org.eclipse.osgi.internal.loader.ModuleClassLoader.findLocalClass(ModuleClassLoader.java:346)
	at org.eclipse.osgi.internal.loader.BundleLoader.findLocalClass(BundleLoader.java:401)
	at org.eclipse.osgi.internal.loader.BundleLoader.findClass(BundleLoader.java:480)
	at org.eclipse.osgi.internal.loader.ModuleClassLoader.loadClass(ModuleClassLoader.java:171)
	at java.base/java.lang.ClassLoader.loadClass(ClassLoader.java:522)
	at com.ibm.ws.webserver.plugin.runtime.listeners.GeneratePluginConfigListener.notificationCreated(GeneratePluginConfigListener.java:201)
	at com.ibm.ws.runtime.update.internal.RuntimeUpdateManagerImpl.createNotification(RuntimeUpdateManagerImpl.java:518)
	at com.ibm.ws.runtime.update.internal.RuntimeUpdateManagerImpl.createNotification(RuntimeUpdateManagerImpl.java:277)
	at com.ibm.ws.config.xml.internal.ConfigRefresher.doRefresh(ConfigRefresher.java:95)
	at com.ibm.ws.config.xml.internal.ConfigRefresher.refreshConfiguration(ConfigRefresher.java:83)
	at com.ibm.ws.config.xml.internal.ConfigFileMonitor.onChange(ConfigFileMonitor.java:144)
	at com.ibm.ws.kernel.filemonitor.internal.MonitorHolder.scheduledScan(MonitorHolder.java:705)
	at com.ibm.ws.kernel.filemonitor.internal.MonitorHolder.run(MonitorHolder.java:558)
	at com.ibm.ws.threading.internal.SchedulingRunnableFixedHelper.run(SchedulingRunnableFixedHelper.java:290)
	at java.base/java.util.concurrent.Executors$RunnableAdapter.call(Executors.java:515)
	at java.base/java.util.concurrent.FutureTask.run(FutureTask.java:264)
	at com.ibm.ws.threading.internal.ExecutorServiceImpl$RunnableWrapper.run(ExecutorServiceImpl.java:238)
	at java.base/java.util.concurrent.ThreadPoolExecutor.runWorker(ThreadPoolExecutor.java:1128)
	at java.base/java.util.concurrent.ThreadPoolExecutor$Worker.run(ThreadPoolExecutor.java:628)
	at java.base/java.lang.Thread.run(Thread.java:829)
Caused by: java.nio.file.NoSuchFileException: /home/johnojacob84/480/Updated_480/CSC480-21F-backend/backend/teamManager/target/liberty/wlp/lib/com.ibm.ws.webserver.plugin.runtime_1.0.57.jar
	at java.base/sun.nio.fs.UnixException.translateToIOException(UnixException.java:92)
	at java.base/sun.nio.fs.UnixException.rethrowAsIOException(UnixException.java:111)
	at java.base/sun.nio.fs.UnixException.rethrowAsIOException(UnixException.java:116)
	at java.base/sun.nio.fs.UnixFileAttributeViews$Basic.readAttributes(UnixFileAttributeViews.java:55)
	at java.base/sun.nio.fs.UnixFileSystemProvider.readAttributes(UnixFileSystemProvider.java:149)
	at java.base/sun.nio.fs.LinuxFileSystemProvider.readAttributes(LinuxFileSystemProvider.java:99)
	at java.base/java.nio.file.Files.readAttributes(Files.java:1764)
	at java.base/java.util.zip.ZipFile$Source.get(ZipFile.java:1239)
	at java.base/java.util.zip.ZipFile$CleanableResource.<init>(ZipFile.java:732)
	at java.base/java.util.zip.ZipFile$CleanableResource.get(ZipFile.java:849)
	at java.base/java.util.zip.ZipFile.<init>(ZipFile.java:247)
	at java.base/java.util.zip.ZipFile.<init>(ZipFile.java:177)
	at java.base/java.util.zip.ZipFile.<init>(ZipFile.java:191)
	at org.eclipse.osgi.framework.util.SecureAction.getZipFile(SecureAction.java:335)
	... 29 more
[10/17/21, 17:34:01:287 EDT] 00000015 com.ibm.ws.logging.internal.impl.IncidentImpl                I FFDC1015I: An FFDC Incident has been created: "java.lang.NoClassDefFoundError: com/ibm/ws/logging/internal/osgi/TrOSGiLogForwarder$1 com.ibm.ws.webserver.plugin.runtime-1.0.57.cl211020210920-1900 log" at ffdc_21.10.17_17.34.01.0.log
[10/17/21, 17:34:01:302 EDT] 00000015 com.ibm.ws.logging.internal.impl.IncidentImpl                I FFDC1015I: An FFDC Incident has been created: "java.lang.NoClassDefFoundError: com/ibm/ws/logging/internal/osgi/TrOSGiLogForwarder$1 com.ibm.ws.logging.osgi-1.0.57.cl211020210920-1900 log" at ffdc_21.10.17_17.34.01.1.log
[10/17/21, 17:34:01:637 EDT] 00000034 com.ibm.ws.app.manager.AppMessageHelper                      E CWWKZ0059E: The cpr-webapp application installed from cpr-webapp.war has been deleted while it is still configured.
[10/17/21, 17:34:01:667 EDT] 00000027 com.ibm.ws.http.internal.VirtualHostImpl                     A CWWKT0017I: Web application removed (default_host): http://192.168.0.12:9080/
[10/17/21, 17:34:01:679 EDT] 00000027 com.ibm.ws.app.manager.AppMessageHelper                      A CWWKZ0009I: The application cpr-webapp has stopped successfully.
[10/17/21, 17:34:01:684 EDT] 00000027 com.ibm.ws.app.manager.AppMessageHelper                      W CWWKZ0014W: The application cpr-webapp could not be started as it could not be found at location cpr-webapp.war.
