------Start of DE processing------ = [10/12/21, 19:52:36:634 EDT]
Exception = java.lang.reflect.InvocationTargetException
Source = org.apache.cxf.jaxrs.lifecycle.PerRequestResourceProvider
probeid = 107
Stack Dump = java.lang.reflect.InvocationTargetException
	at jdk.internal.reflect.GeneratedConstructorAccessor2357.newInstance(Unknown Source)
	at java.base/java.lang.reflect.Constructor.newInstance(Constructor.java:490)
	at org.apache.cxf.jaxrs.lifecycle.PerRequestResourceProvider.createInstance(PerRequestResourceProvider.java:94)
	at org.apache.cxf.jaxrs.lifecycle.PerRequestResourceProvider.getInstance(PerRequestResourceProvider.java:84)
	at org.apache.cxf.jaxrs.JAXRSInvoker.getServiceObject(JAXRSInvoker.java:476)
	at org.apache.cxf.jaxrs.JAXRSInvoker.invoke(JAXRSInvoker.java:109)
	at org.apache.cxf.interceptor.ServiceInvokerInterceptor$1.run(ServiceInvokerInterceptor.java:59)
	at org.apache.cxf.interceptor.ServiceInvokerInterceptor.handleMessage(ServiceInvokerInterceptor.java:96)
	at org.apache.cxf.phase.PhaseInterceptorChain.doIntercept(PhaseInterceptorChain.java:308)
	at org.apache.cxf.transport.ChainInitiationObserver.onMessage(ChainInitiationObserver.java:123)
	at org.apache.cxf.transport.http.AbstractHTTPDestination.invoke(AbstractHTTPDestination.java:277)
	at com.ibm.ws.jaxrs20.endpoint.AbstractJaxRsWebEndpoint.invoke(AbstractJaxRsWebEndpoint.java:137)
	at com.ibm.websphere.jaxrs.server.IBMRestServlet.handleRequest(IBMRestServlet.java:146)
	at com.ibm.websphere.jaxrs.server.IBMRestServlet.doPost(IBMRestServlet.java:104)
	at javax.servlet.http.HttpServlet.service(HttpServlet.java:706)
	at com.ibm.websphere.jaxrs.server.IBMRestServlet.service(IBMRestServlet.java:96)
	at com.ibm.ws.webcontainer.servlet.ServletWrapper.service(ServletWrapper.java:1258)
	at com.ibm.ws.webcontainer.servlet.ServletWrapper.handleRequest(ServletWrapper.java:746)
	at com.ibm.ws.webcontainer.servlet.ServletWrapper.handleRequest(ServletWrapper.java:443)
	at com.ibm.ws.webcontainer.filter.WebAppFilterChain.invokeTarget(WebAppFilterChain.java:183)
	at com.ibm.ws.webcontainer.filter.WebAppFilterChain.doFilter(WebAppFilterChain.java:94)
	at com.ibm.ws.security.jaspi.JaspiServletFilter.doFilter(JaspiServletFilter.java:56)
	at com.ibm.ws.webcontainer.filter.FilterInstanceWrapper.doFilter(FilterInstanceWrapper.java:201)
	at com.ibm.ws.webcontainer.filter.WebAppFilterChain.doFilter(WebAppFilterChain.java:91)
	at com.ibm.ws.webcontainer.filter.WebAppFilterManager.doFilter(WebAppFilterManager.java:1002)
	at com.ibm.ws.webcontainer.filter.WebAppFilterManager.invokeFilters(WebAppFilterManager.java:1140)
	at com.ibm.ws.webcontainer.webapp.WebApp.handleRequest(WebApp.java:5049)
	at com.ibm.ws.webcontainer.osgi.DynamicVirtualHost$2.handleRequest(DynamicVirtualHost.java:314)
	at com.ibm.ws.webcontainer.WebContainer.handleRequest(WebContainer.java:1007)
	at com.ibm.ws.webcontainer.osgi.DynamicVirtualHost$2.run(DynamicVirtualHost.java:279)
	at com.ibm.ws.http.dispatcher.internal.channel.HttpDispatcherLink$TaskWrapper.run(HttpDispatcherLink.java:1159)
	at com.ibm.ws.http.dispatcher.internal.channel.HttpDispatcherLink.wrapHandlerAndExecute(HttpDispatcherLink.java:428)
	at com.ibm.ws.http.dispatcher.internal.channel.HttpDispatcherLink.ready(HttpDispatcherLink.java:387)
	at com.ibm.ws.http.channel.internal.inbound.HttpInboundLink.handleDiscrimination(HttpInboundLink.java:566)
	at com.ibm.ws.http.channel.internal.inbound.HttpInboundLink.handleNewRequest(HttpInboundLink.java:500)
	at com.ibm.ws.http.channel.internal.inbound.HttpInboundLink.processRequest(HttpInboundLink.java:360)
	at com.ibm.ws.http.channel.internal.inbound.HttpInboundLink.ready(HttpInboundLink.java:327)
	at com.ibm.ws.tcpchannel.internal.NewConnectionInitialReadCallback.sendToDiscriminators(NewConnectionInitialReadCallback.java:167)
	at com.ibm.ws.tcpchannel.internal.NewConnectionInitialReadCallback.complete(NewConnectionInitialReadCallback.java:75)
	at com.ibm.ws.tcpchannel.internal.WorkQueueManager.requestComplete(WorkQueueManager.java:504)
	at com.ibm.ws.tcpchannel.internal.WorkQueueManager.attemptIO(WorkQueueManager.java:574)
	at com.ibm.ws.tcpchannel.internal.WorkQueueManager.workerRun(WorkQueueManager.java:958)
	at com.ibm.ws.tcpchannel.internal.WorkQueueManager$Worker.run(WorkQueueManager.java:1047)
	at com.ibm.ws.threading.internal.ExecutorServiceImpl$RunnableWrapper.run(ExecutorServiceImpl.java:238)
	at java.base/java.util.concurrent.ThreadPoolExecutor.runWorker(ThreadPoolExecutor.java:1128)
	at java.base/java.util.concurrent.ThreadPoolExecutor$Worker.run(ThreadPoolExecutor.java:628)
	at java.base/java.lang.Thread.run(Thread.java:829)
Caused by: java.lang.Error: Unresolved compilation problem: 
	The declared package "" does not match the expected package "edu.oswego.rest.teamManager"

	at edu.oswego.rest.teamManager.teamManager.<init>(teamManager.java:1)
	... 47 more

Dump of callerThis
Object type = org.apache.cxf.jaxrs.lifecycle.PerRequestResourceProvider
  c = class java.lang.reflect.Constructor@5141ed8d
    clazz = "/* Could not access clazz */"
    slot = "/* Could not access slot */"
    parameterTypes = "/* Could not access parameterTypes */"
    exceptionTypes = "/* Could not access exceptionTypes */"
    modifiers = "/* Could not access modifiers */"
    signature = "/* Could not access signature */"
    genericInfo = "/* Could not access genericInfo */"
    annotations = "/* Could not access annotations */"
    parameterAnnotations = "/* Could not access parameterAnnotations */"
    constructorAccessor = "/* Could not access constructorAccessor */"
    root = "/* Could not access root */"
    hasRealParameterData = "/* Could not access hasRealParameterData */"
    parameters = "/* Could not access parameters */"
    declaredAnnotations = "/* Could not access declaredAnnotations */"
    override = "/* Could not access override */"
    reflectionFactory = "/* Could not access reflectionFactory */"
    securityCheckCache = "/* Could not access securityCheckCache */"
    printStackWhenAccessFails = "/* Could not access printStackWhenAccessFails */"
    printStackPropertiesSet = "/* Could not access printStackPropertiesSet */"
  postConstructMethod = null
  preDestroyMethod = null
  params = class java.lang.Class[0]
  anns = class [Ljava.lang.annotation.Annotation;[0]
  genericTypes = class java.lang.Class[0]
  serialVersionUID = 4330447189587368180
  $$$tc$$$ = class com.ibm.websphere.ras.TraceComponent@789d826f
    strings[0] = "TraceComponent[org.apache.cxf.jaxrs.lifecycle.PerRequestResourceProvider,class org.apache.cxf.jaxrs.lifecycle.PerRequestResourceProvider,[],null,null]"

Dump of objectArray[0]
Object type = org.apache.cxf.message.MessageImpl
  LOG = class com.ibm.ws.logging.internal.WsLogger@47539d3d
    ivCachedResourceBundleName = null
    ivCachedResourceBundle = null
    ivComponent = null
    ivOrganization = null
    ivProduct = null
    ivMinimumLocalizationLevelIntValue = 625
    ivTC = class com.ibm.websphere.ras.TraceComponent@627248c6
      strings[0] = "TraceComponent[org.apache.cxf.message.MessageImplorg.eclipse.osgi.internal.loader.EquinoxClassLoader@30c101ce[com.ibm.ws.org.apache.cxf.cxf.core.3.2:1.0.57.cl211020210920-1900(id=209)],class org.apache.cxf.common.logging.LogUtils,[org.apache.cxf.message.MessageImplorg.eclipse.osgi.internal.loader.EquinoxClassLoader@30c101ce[com.ibm.ws.org.apache.cxf.cxf.core.3.2:1.0.57.cl211020210920-1900(id=209)]],null,null]"
    loggerRegistrationComponent = class java.lang.ThreadLocal@53317b4e
      threadLocalHashCode = "/* Could not access threadLocalHashCode */"
      nextHashCode = "/* Could not access nextHashCode */"
      HASH_INCREMENT = "/* Could not access HASH_INCREMENT */"
    emptyHandlers = "/* Could not access emptyHandlers */"
    offValue = "/* Could not access offValue */"
    SYSTEM_LOGGER_RB_NAME = "/* Could not access SYSTEM_LOGGER_RB_NAME */"
    SYSTEM_BUNDLE = "/* Could not access SYSTEM_BUNDLE */"
    NO_RESOURCE_BUNDLE = "/* Could not access NO_RESOURCE_BUNDLE */"
    config = "/* Could not access config */"
    manager = "/* Could not access manager */"
    name = "/* Could not access name */"
    loggerBundle = "/* Could not access loggerBundle */"
    anonymous = "/* Could not access anonymous */"
    catalog = "/* Could not access catalog */"
    catalogName = "/* Could not access catalogName */"
    catalogLocale = "/* Could not access catalogLocale */"
    treeLock = "/* Could not access treeLock */"
    parent = "/* Could not access parent */"
    kids = "/* Could not access kids */"
    callerModuleRef = "/* Could not access callerModuleRef */"
    isSystemLogger = "/* Could not access isSystemLogger */"
    GLOBAL_LOGGER_NAME = "global"
    global = class java.util.logging.Logger@215c5e73
      emptyHandlers = "/* Could not access emptyHandlers */"
      offValue = "/* Could not access offValue */"
      SYSTEM_LOGGER_RB_NAME = "/* Could not access SYSTEM_LOGGER_RB_NAME */"
      SYSTEM_BUNDLE = "/* Could not access SYSTEM_BUNDLE */"
      NO_RESOURCE_BUNDLE = "/* Could not access NO_RESOURCE_BUNDLE */"
      config = "/* Could not access config */"
      manager = "/* Could not access manager */"
      name = "/* Could not access name */"
      loggerBundle = "/* Could not access loggerBundle */"
      anonymous = "/* Could not access anonymous */"
      catalog = "/* Could not access catalog */"
      catalogName = "/* Could not access catalogName */"
      catalogLocale = "/* Could not access catalogLocale */"
      treeLock = "/* Could not access treeLock */"
      parent = "/* Could not access parent */"
      kids = "/* Could not access kids */"
      callerModuleRef = "/* Could not access callerModuleRef */"
      isSystemLogger = "/* Could not access isSystemLogger */"
      GLOBAL_LOGGER_NAME = "global"
      global = class java.util.logging.Logger@215c5e73
  serialVersionUID = -3020763696429459865
  exchange = class org.apache.cxf.message.ExchangeImpl@6107de7f
    serialVersionUID = -3112077559217623594
    destination = class org.apache.cxf.transport.servlet.ServletDestination@4aa730e
      LOG = class com.ibm.ws.logging.internal.WsLogger@38c7ca4b
      HTTP_REQUEST = "HTTP.REQUEST"
      HTTP_RESPONSE = "HTTP.RESPONSE"
      HTTP_CONTEXT = "HTTP.CONTEXT"
      HTTP_CONFIG = "HTTP.CONFIG"
      HTTP_CONTEXT_MATCH_STRATEGY = "HTTP_CONTEXT_MATCH_STRATEGY"
      RESPONSE_HEADERS_COPIED = "http.headers.copied"
      RESPONSE_COMMITED = "http.response.done"
      REQUEST_REDIRECTED = "http.request.redirected"
      CXF_CONTINUATION_MESSAGE = "cxf.continuation.message"
      CXF_ASYNC_CONTEXT = "cxf.async.context"
      SERVICE_REDIRECTION = "http.service.redirection"
      HTTP_BASE_PATH = "http.base.path"
      SSL_CIPHER_SUITE_ATTRIBUTE = "javax.servlet.request.cipher_suite"
      SSL_PEER_CERT_CHAIN_ATTRIBUTE = "javax.servlet.request.X509Certificate"
      DECODE_BASIC_AUTH_WITH_ISO8859 = "decode.basicauth.with.iso8859"
      LOG = class com.ibm.ws.logging.internal.WsLogger@31485fa4
      tc = class com.ibm.websphere.ras.TraceComponent@25f4ef60
      bus = class com.ibm.ws.jaxrs20.bus.LibertyApplicationBus@f466e17
      registry = class org.apache.cxf.transport.http.DestinationRegistryImpl@375b5e54
      path = "/api/"
      serverPolicy = null
      contextMatchStrategy = "stem"
      fixedParameterOrder = false
      multiplexWithAddress = false
      certConstraints = null
      decodeBasicAuthWithIso8859 = false
      cproviderFactory = null
      enableWebSocket = false
      serverPolicyCalced = false
      serialVersionUID = -137146086541010707
      MULTIPLEX_ID_QNAME = class javax.xml.namespace.QName@23b268b0
      reference = class org.apache.cxf.ws.addressing.EndpointReferenceType@70078a13
      endpointInfo = class org.apache.cxf.service.model.EndpointInfo@3c15ec8
      bus = class com.ibm.ws.jaxrs20.bus.LibertyApplicationBus@f466e17
      incomingObserver = class org.apache.cxf.transport.ChainInitiationObserver@6e05191a
    oneWay = false
    synchronous = true
    inMessage = class org.apache.cxf.message.MessageImpl@677b4398
    outMessage = null
    inFaultMessage = null
    outFaultMessage = null
    session = class org.apache.cxf.transport.http.HTTPSession@603a5303
      request = class com.ibm.ws.jaxrs20.server.JaxRsHttpServletRequestAdapter@442719e8
      session = null
    bus = class com.ibm.ws.jaxrs20.bus.LibertyApplicationBus@f466e17
      busCounter = class java.util.concurrent.atomic.AtomicInteger@40f613c2
      serialVersionUID = 2386792285914827878
      $$$tc$$$ = class com.ibm.websphere.ras.TraceComponent@15eb9d47
      BUS_PROPERTY_NAME = "bus"
      BUS_ID_PROPERTY_NAME = "org.apache.cxf.bus.id"
      extensions = class java.util.concurrent.ConcurrentHashMap@1c6e6d8b
      missingExtensions = class java.util.concurrent.CopyOnWriteArraySet@3e8bfc11
      id = "cpr-webapp-Server-Bus"
      state = class org.apache.cxf.Bus$BusState@73d6745e
      features = class java.util.concurrent.CopyOnWriteArrayList@34e11e5
      properties = class java.util.concurrent.ConcurrentHashMap@6ca33632
      extensionManager = class org.apache.cxf.bus.extension.ExtensionManagerImpl@da924c3
      in = class org.apache.cxf.common.util.ModCountCopyOnWriteArrayList@4d1dd5ac
      out = class org.apache.cxf.common.util.ModCountCopyOnWriteArrayList@3e2f34d3
      outFault = class org.apache.cxf.common.util.ModCountCopyOnWriteArrayList@4b488782
      inFault = class org.apache.cxf.common.util.ModCountCopyOnWriteArrayList@f833d14
    endpoint = class org.apache.cxf.endpoint.EndpointImpl@7429bac2
      serialVersionUID = -7660560719050162091
      LOG = class com.ibm.ws.logging.internal.WsLogger@5676e661
      BUNDLE = class java.util.PropertyResourceBundle@be14bc4
      service = class org.apache.cxf.jaxrs.JAXRSServiceImpl@234c854a
      binding = class org.apache.cxf.jaxrs.JAXRSBinding@115c686b
      endpointInfo = class org.apache.cxf.service.model.EndpointInfo@3c15ec8
      executor = null
      bus = class com.ibm.ws.jaxrs20.bus.LibertyApplicationBus@f466e17
      inFaultObserver = class org.apache.cxf.interceptor.InFaultChainInitiatorObserver@24404284
      outFaultObserver = class org.apache.cxf.interceptor.OutFaultChainInitiatorObserver@5156b44c
      activeFeatures = null
      cleanupHooks = null
      serialVersionUID = -1915876045710441978
      in = class org.apache.cxf.common.util.ModCountCopyOnWriteArrayList@6bec98ee
      out = class org.apache.cxf.common.util.ModCountCopyOnWriteArrayList@a483e1c
      outFault = class org.apache.cxf.common.util.ModCountCopyOnWriteArrayList@b76fbfa
      inFault = class org.apache.cxf.common.util.ModCountCopyOnWriteArrayList@2d04cc72
      serialVersionUID = "/* Could not access serialVersionUID */"
      MAXIMUM_CAPACITY = "/* Could not access MAXIMUM_CAPACITY */"
      DEFAULT_CAPACITY = "/* Could not access DEFAULT_CAPACITY */"
      MAX_ARRAY_SIZE = "/* Could not access MAX_ARRAY_SIZE */"
      DEFAULT_CONCURRENCY_LEVEL = "/* Could not access DEFAULT_CONCURRENCY_LEVEL */"
      LOAD_FACTOR = "/* Could not access LOAD_FACTOR */"
      TREEIFY_THRESHOLD = "/* Could not access TREEIFY_THRESHOLD */"
      UNTREEIFY_THRESHOLD = "/* Could not access UNTREEIFY_THRESHOLD */"
      MIN_TREEIFY_CAPACITY = "/* Could not access MIN_TREEIFY_CAPACITY */"
      MIN_TRANSFER_STRIDE = "/* Could not access MIN_TRANSFER_STRIDE */"
      RESIZE_STAMP_BITS = "/* Could not access RESIZE_STAMP_BITS */"
      MAX_RESIZERS = "/* Could not access MAX_RESIZERS */"
      RESIZE_STAMP_SHIFT = "/* Could not access RESIZE_STAMP_SHIFT */"
      MOVED = "/* Could not access MOVED */"
      TREEBIN = "/* Could not access TREEBIN */"
      RESERVED = "/* Could not access RESERVED */"
      HASH_BITS = "/* Could not access HASH_BITS */"
      NCPU = "/* Could not access NCPU */"
      serialPersistentFields = "/* Could not access serialPersistentFields */"
      table = "/* Could not access table */"
      nextTable = "/* Could not access nextTable */"
      baseCount = "/* Could not access baseCount */"
      sizeCtl = "/* Could not access sizeCtl */"
      transferIndex = "/* Could not access transferIndex */"
      cellsBusy = "/* Could not access cellsBusy */"
      counterCells = "/* Could not access counterCells */"
      keySet = "/* Could not access keySet */"
      values = "/* Could not access values */"
      entrySet = "/* Could not access entrySet */"
      U = "/* Could not access U */"
      SIZECTL = "/* Could not access SIZECTL */"
      TRANSFERINDEX = "/* Could not access TRANSFERINDEX */"
      BASECOUNT = "/* Could not access BASECOUNT */"
      CELLSBUSY = "/* Could not access CELLSBUSY */"
      CELLVALUE = "/* Could not access CELLVALUE */"
      ABASE = "/* Could not access ABASE */"
      ASHIFT = "/* Could not access ASHIFT */"
      keySet = "/* Could not access keySet */"
      values = "/* Could not access values */"
    service = class org.apache.cxf.jaxrs.JAXRSServiceImpl@234c854a
      serialVersionUID = 6765400202555126993
      classResourceInfos = class java.util.ArrayList@1b676ec6
      dataBinding = null
      executor = null
      invoker = class com.ibm.ws.jaxrs20.server.LibertyJaxRsInvoker@5d6c6979
      endpoints = class java.util.HashMap@13bce75d
      address = null
      createServiceModel = false
      serviceName = null
      serialVersionUID = -1915876045710441978
      in = class org.apache.cxf.common.util.ModCountCopyOnWriteArrayList@4b978b6c
      out = class org.apache.cxf.common.util.ModCountCopyOnWriteArrayList@6ba6dd86
      outFault = class org.apache.cxf.common.util.ModCountCopyOnWriteArrayList@553f462a
      inFault = class org.apache.cxf.common.util.ModCountCopyOnWriteArrayList@21cdc5df
      serialVersionUID = "/* Could not access serialVersionUID */"
      MAXIMUM_CAPACITY = "/* Could not access MAXIMUM_CAPACITY */"
      DEFAULT_CAPACITY = "/* Could not access DEFAULT_CAPACITY */"
      MAX_ARRAY_SIZE = "/* Could not access MAX_ARRAY_SIZE */"
      DEFAULT_CONCURRENCY_LEVEL = "/* Could not access DEFAULT_CONCURRENCY_LEVEL */"
      LOAD_FACTOR = "/* Could not access LOAD_FACTOR */"
      TREEIFY_THRESHOLD = "/* Could not access TREEIFY_THRESHOLD */"
      UNTREEIFY_THRESHOLD = "/* Could not access UNTREEIFY_THRESHOLD */"
      MIN_TREEIFY_CAPACITY = "/* Could not access MIN_TREEIFY_CAPACITY */"
      MIN_TRANSFER_STRIDE = "/* Could not access MIN_TRANSFER_STRIDE */"
      RESIZE_STAMP_BITS = "/* Could not access RESIZE_STAMP_BITS */"
      MAX_RESIZERS = "/* Could not access MAX_RESIZERS */"
      RESIZE_STAMP_SHIFT = "/* Could not access RESIZE_STAMP_SHIFT */"
      MOVED = "/* Could not access MOVED */"
      TREEBIN = "/* Could not access TREEBIN */"
      RESERVED = "/* Could not access RESERVED */"
      HASH_BITS = "/* Could not access HASH_BITS */"
      NCPU = "/* Could not access NCPU */"
      serialPersistentFields = "/* Could not access serialPersistentFields */"
      table = "/* Could not access table */"
      nextTable = "/* Could not access nextTable */"
      baseCount = "/* Could not access baseCount */"
      sizeCtl = "/* Could not access sizeCtl */"
      transferIndex = "/* Could not access transferIndex */"
      cellsBusy = "/* Could not access cellsBusy */"
      counterCells = "/* Could not access counterCells */"
      keySet = "/* Could not access keySet */"
      values = "/* Could not access values */"
      entrySet = "/* Could not access entrySet */"
      U = "/* Could not access U */"
      SIZECTL = "/* Could not access SIZECTL */"
      TRANSFERINDEX = "/* Could not access TRANSFERINDEX */"
      BASECOUNT = "/* Could not access BASECOUNT */"
      CELLSBUSY = "/* Could not access CELLSBUSY */"
      CELLVALUE = "/* Could not access CELLVALUE */"
      ABASE = "/* Could not access ABASE */"
      ASHIFT = "/* Could not access ASHIFT */"
      keySet = "/* Could not access keySet */"
      values = "/* Could not access values */"
    binding = class org.apache.cxf.jaxrs.JAXRSBinding@115c686b
      bindingInfo = class org.apache.cxf.service.model.BindingInfo@2c1039fd
      in = class org.apache.cxf.common.util.ModCountCopyOnWriteArrayList@6bde1900
      out = class org.apache.cxf.common.util.ModCountCopyOnWriteArrayList@64a5f76e
      outFault = class org.apache.cxf.common.util.ModCountCopyOnWriteArrayList@72d80d73
      inFault = class org.apache.cxf.common.util.ModCountCopyOnWriteArrayList@5faa0d04
    bindingOp = null
    serialVersionUID = "/* Could not access serialVersionUID */"
    MAXIMUM_CAPACITY = "/* Could not access MAXIMUM_CAPACITY */"
    DEFAULT_CAPACITY = "/* Could not access DEFAULT_CAPACITY */"
    MAX_ARRAY_SIZE = "/* Could not access MAX_ARRAY_SIZE */"
    DEFAULT_CONCURRENCY_LEVEL = "/* Could not access DEFAULT_CONCURRENCY_LEVEL */"
    LOAD_FACTOR = "/* Could not access LOAD_FACTOR */"
    TREEIFY_THRESHOLD = "/* Could not access TREEIFY_THRESHOLD */"
    UNTREEIFY_THRESHOLD = "/* Could not access UNTREEIFY_THRESHOLD */"
    MIN_TREEIFY_CAPACITY = "/* Could not access MIN_TREEIFY_CAPACITY */"
    MIN_TRANSFER_STRIDE = "/* Could not access MIN_TRANSFER_STRIDE */"
    RESIZE_STAMP_BITS = "/* Could not access RESIZE_STAMP_BITS */"
    MAX_RESIZERS = "/* Could not access MAX_RESIZERS */"
    RESIZE_STAMP_SHIFT = "/* Could not access RESIZE_STAMP_SHIFT */"
    MOVED = "/* Could not access MOVED */"
    TREEBIN = "/* Could not access TREEBIN */"
    RESERVED = "/* Could not access RESERVED */"
    HASH_BITS = "/* Could not access HASH_BITS */"
    NCPU = "/* Could not access NCPU */"
    serialPersistentFields = "/* Could not access serialPersistentFields */"
    table = "/* Could not access table */"
    nextTable = "/* Could not access nextTable */"
    baseCount = "/* Could not access baseCount */"
    sizeCtl = "/* Could not access sizeCtl */"
    transferIndex = "/* Could not access transferIndex */"
    cellsBusy = "/* Could not access cellsBusy */"
    counterCells = "/* Could not access counterCells */"
    keySet = "/* Could not access keySet */"
    values = "/* Could not access values */"
    entrySet = "/* Could not access entrySet */"
    U = "/* Could not access U */"
    SIZECTL = "/* Could not access SIZECTL */"
    TRANSFERINDEX = "/* Could not access TRANSFERINDEX */"
    BASECOUNT = "/* Could not access BASECOUNT */"
    CELLSBUSY = "/* Could not access CELLSBUSY */"
    CELLVALUE = "/* Could not access CELLVALUE */"
    ABASE = "/* Could not access ABASE */"
    ASHIFT = "/* Could not access ASHIFT */"
    keySet = "/* Could not access keySet */"
    values = "/* Could not access values */"
  id = null
  interceptorChain = class org.apache.cxf.phase.PhaseInterceptorChain@3f746a57
    PREVIOUS_MESSAGE = "org.apache.cxf.phase.PhaseInterceptorChain.PREVIOUS_MESSAGE"
    LOG = class com.ibm.ws.logging.internal.WsLogger@1a5e6b86
      ivCachedResourceBundleName = null
      ivCachedResourceBundle = null
      ivComponent = null
      ivOrganization = null
      ivProduct = null
      ivMinimumLocalizationLevelIntValue = 625
      ivTC = class com.ibm.websphere.ras.TraceComponent@20a40322
      loggerRegistrationComponent = class java.lang.ThreadLocal@53317b4e
      emptyHandlers = "/* Could not access emptyHandlers */"
      offValue = "/* Could not access offValue */"
      SYSTEM_LOGGER_RB_NAME = "/* Could not access SYSTEM_LOGGER_RB_NAME */"
      SYSTEM_BUNDLE = "/* Could not access SYSTEM_BUNDLE */"
      NO_RESOURCE_BUNDLE = "/* Could not access NO_RESOURCE_BUNDLE */"
      config = "/* Could not access config */"
      manager = "/* Could not access manager */"
      name = "/* Could not access name */"
      loggerBundle = "/* Could not access loggerBundle */"
      anonymous = "/* Could not access anonymous */"
      catalog = "/* Could not access catalog */"
      catalogName = "/* Could not access catalogName */"
      catalogLocale = "/* Could not access catalogLocale */"
      treeLock = "/* Could not access treeLock */"
      parent = "/* Could not access parent */"
      kids = "/* Could not access kids */"
      callerModuleRef = "/* Could not access callerModuleRef */"
      isSystemLogger = "/* Could not access isSystemLogger */"
      GLOBAL_LOGGER_NAME = "global"
      global = class java.util.logging.Logger@215c5e73
    CURRENT_MESSAGE = class java.lang.ThreadLocal@6c4b92e6
      threadLocalHashCode = "/* Could not access threadLocalHashCode */"
      nextHashCode = "/* Could not access nextHashCode */"
      HASH_INCREMENT = "/* Could not access HASH_INCREMENT */"
    nameMap = class java.util.HashMap@4f92db7e
      serialVersionUID = "/* Could not access serialVersionUID */"
      DEFAULT_INITIAL_CAPACITY = "/* Could not access DEFAULT_INITIAL_CAPACITY */"
      MAXIMUM_CAPACITY = "/* Could not access MAXIMUM_CAPACITY */"
      DEFAULT_LOAD_FACTOR = "/* Could not access DEFAULT_LOAD_FACTOR */"
      TREEIFY_THRESHOLD = "/* Could not access TREEIFY_THRESHOLD */"
      UNTREEIFY_THRESHOLD = "/* Could not access UNTREEIFY_THRESHOLD */"
      MIN_TREEIFY_CAPACITY = "/* Could not access MIN_TREEIFY_CAPACITY */"
      table = "/* Could not access table */"
      entrySet = "/* Could not access entrySet */"
      size = "/* Could not access size */"
      modCount = "/* Could not access modCount */"
      threshold = "/* Could not access threshold */"
      loadFactor = "/* Could not access loadFactor */"
      keySet = "/* Could not access keySet */"
      values = "/* Could not access values */"
    phases = class org.apache.cxf.phase.Phase[19]
      Phase[0] = class org.apache.cxf.phase.Phase@3d73af8d
      Phase[1] = class org.apache.cxf.phase.Phase@323e570a
      Phase[2] = class org.apache.cxf.phase.Phase@4eaae0fc
      Phase[3] = class org.apache.cxf.phase.Phase@55077f0c
      Phase[4] = class org.apache.cxf.phase.Phase@7528ade6
      Phase[5] = class org.apache.cxf.phase.Phase@356e324e
      Phase[6] = class org.apache.cxf.phase.Phase@2cda991f
      Phase[7] = class org.apache.cxf.phase.Phase@42cb7c97
      Phase[8] = class org.apache.cxf.phase.Phase@723cbeb5
      Phase[9] = class org.apache.cxf.phase.Phase@36840efe
      Phase[10] = class org.apache.cxf.phase.Phase@4e6e7b50
      Phase[11] = class org.apache.cxf.phase.Phase@57d889ce
      Phase[12] = class org.apache.cxf.phase.Phase@40865c96
      Phase[13] = class org.apache.cxf.phase.Phase@56634986
      Phase[14] = class org.apache.cxf.phase.Phase@6b6a1ce1
      Phase[15] = class org.apache.cxf.phase.Phase@786f7ebb
      Phase[16] = class org.apache.cxf.phase.Phase@affefcc
      Phase[17] = class org.apache.cxf.phase.Phase@461cb86c
      Phase[18] = class org.apache.cxf.phase.Phase@7daa395a
    heads = class org.apache.cxf.phase.PhaseInterceptorChain$InterceptorHolder[19]
      InterceptorHolder[0] = null
      InterceptorHolder[1] = null
      InterceptorHolder[2] = null
      InterceptorHolder[3] = null
      InterceptorHolder[4] = null
      InterceptorHolder[5] = null
      InterceptorHolder[6] = null
      InterceptorHolder[7] = null
      InterceptorHolder[8] = null
      InterceptorHolder[9] = null
      InterceptorHolder[10] = null
      InterceptorHolder[11] = class org.apache.cxf.phase.PhaseInterceptorChain$InterceptorHolder@22200ad4
      InterceptorHolder[12] = null
      InterceptorHolder[13] = class org.apache.cxf.phase.PhaseInterceptorChain$InterceptorHolder@69536852
      InterceptorHolder[14] = null
      InterceptorHolder[15] = null
      InterceptorHolder[16] = null
      InterceptorHolder[17] = class org.apache.cxf.phase.PhaseInterceptorChain$InterceptorHolder@5546f7a9
      InterceptorHolder[18] = class org.apache.cxf.phase.PhaseInterceptorChain$InterceptorHolder@5e2ac62f
    tails = class org.apache.cxf.phase.PhaseInterceptorChain$InterceptorHolder[19]
      InterceptorHolder[0] = null
      InterceptorHolder[1] = null
      InterceptorHolder[2] = null
      InterceptorHolder[3] = null
      InterceptorHolder[4] = null
      InterceptorHolder[5] = null
      InterceptorHolder[6] = null
      InterceptorHolder[7] = null
      InterceptorHolder[8] = null
      InterceptorHolder[9] = null
      InterceptorHolder[10] = null
      InterceptorHolder[11] = class org.apache.cxf.phase.PhaseInterceptorChain$InterceptorHolder@7c7e1194
      InterceptorHolder[12] = null
      InterceptorHolder[13] = class org.apache.cxf.phase.PhaseInterceptorChain$InterceptorHolder@69536852
      InterceptorHolder[14] = null
      InterceptorHolder[15] = null
      InterceptorHolder[16] = null
      InterceptorHolder[17] = class org.apache.cxf.phase.PhaseInterceptorChain$InterceptorHolder@5546f7a9
      InterceptorHolder[18] = class org.apache.cxf.phase.PhaseInterceptorChain$InterceptorHolder@5e2ac62f
    hasAfters = {false,false,false,false,false,false,false,false,false,false,false,false,false,false,false,false,false,false,false} /* array length = 19 */
    state = class org.apache.cxf.interceptor.InterceptorChain$State@6d3d71d0
      PAUSED = class org.apache.cxf.interceptor.InterceptorChain$State@e1df7b1
      SUSPENDED = class org.apache.cxf.interceptor.InterceptorChain$State@6c84b264
      EXECUTING = class org.apache.cxf.interceptor.InterceptorChain$State@6d3d71d0
      COMPLETE = class org.apache.cxf.interceptor.InterceptorChain$State@64971a65
      ABORTED = class org.apache.cxf.interceptor.InterceptorChain$State@68e955d2
      $VALUES = class org.apache.cxf.interceptor.InterceptorChain$State[5]
      name = "/* Could not access name */"
      ordinal = "/* Could not access ordinal */"
    pausedMessage = null
    faultObserver = class org.apache.cxf.interceptor.OutFaultChainInitiatorObserver@5156b44c
      LOG = class com.ibm.ws.logging.internal.WsLogger@f728885
      bus = class com.ibm.ws.jaxrs20.bus.LibertyApplicationBus@f466e17
      loader = null
      $assertionsDisabled = true
    iterator = class org.apache.cxf.phase.PhaseInterceptorChain$PhaseInterceptorIterator@5ec62ab1
      heads = class org.apache.cxf.phase.PhaseInterceptorChain$InterceptorHolder[19]
      prev = class org.apache.cxf.phase.PhaseInterceptorChain$InterceptorHolder@5546f7a9
      first = class org.apache.cxf.phase.PhaseInterceptorChain$InterceptorHolder@22200ad4
    isFineLogging = false
    faultOccurred = false
    chainReleased = false
  contents = class java.lang.Object[20]
    Object[0] = class java.lang.Class@70d0dc6e
      ANNOTATION = "/* Could not access ANNOTATION */"
      ENUM = "/* Could not access ENUM */"
      SYNTHETIC = "/* Could not access SYNTHETIC */"
      cachedConstructor = "/* Could not access cachedConstructor */"
      newInstanceCallerCache = "/* Could not access newInstanceCallerCache */"
      name = "/* Could not access name */"
      module = "/* Could not access module */"
      packageName = "/* Could not access packageName */"
      componentType = "/* Could not access componentType */"
      allPermDomain = "/* Could not access allPermDomain */"
      reflectionData = "/* Could not access reflectionData */"
      classRedefinedCount = "/* Could not access classRedefinedCount */"
      genericInfo = "/* Could not access genericInfo */"
      EMPTY_CLASS_ARRAY = "/* Could not access EMPTY_CLASS_ARRAY */"
      serialVersionUID = "/* Could not access serialVersionUID */"
      serialPersistentFields = "/* Could not access serialPersistentFields */"
      reflectionFactory = "/* Could not access reflectionFactory */"
      enumConstants = "/* Could not access enumConstants */"
      enumConstantDirectory = "/* Could not access enumConstantDirectory */"
      annotationData = "/* Could not access annotationData */"
      annotationType = "/* Could not access annotationType */"
      classValueMap = "/* Could not access classValueMap */"
    Object[1] = class org.apache.cxf.transport.http.AbstractHTTPDestination$1@2dd69a81
      val$exchange = class org.apache.cxf.message.ExchangeImpl@6107de7f
      val$req = class com.ibm.ws.jaxrs20.server.JaxRsHttpServletRequestAdapter@442719e8
      this$0 = class org.apache.cxf.transport.servlet.ServletDestination@4aa730e
      serialVersionUID = -6647880736313517638
      $$$tc$$$ = class com.ibm.websphere.ras.TraceComponent@7a7b5538
      cached = false
      in = "/* Could not access in */"
      MAX_SKIP_BUFFER_SIZE = "/* Could not access MAX_SKIP_BUFFER_SIZE */"
      DEFAULT_BUFFER_SIZE = "/* Could not access DEFAULT_BUFFER_SIZE */"
      MAX_BUFFER_SIZE = "/* Could not access MAX_BUFFER_SIZE */"
    Object[2] = class java.lang.Class@279f2327
      ANNOTATION = "/* Could not access ANNOTATION */"
      ENUM = "/* Could not access ENUM */"
      SYNTHETIC = "/* Could not access SYNTHETIC */"
      cachedConstructor = "/* Could not access cachedConstructor */"
      newInstanceCallerCache = "/* Could not access newInstanceCallerCache */"
      name = "/* Could not access name */"
      module = "/* Could not access module */"
      packageName = "/* Could not access packageName */"
      componentType = "/* Could not access componentType */"
      allPermDomain = "/* Could not access allPermDomain */"
      reflectionData = "/* Could not access reflectionData */"
      classRedefinedCount = "/* Could not access classRedefinedCount */"
      genericInfo = "/* Could not access genericInfo */"
      EMPTY_CLASS_ARRAY = "/* Could not access EMPTY_CLASS_ARRAY */"
      serialVersionUID = "/* Could not access serialVersionUID */"
      serialPersistentFields = "/* Could not access serialPersistentFields */"
      reflectionFactory = "/* Could not access reflectionFactory */"
      enumConstants = "/* Could not access enumConstants */"
      enumConstantDirectory = "/* Could not access enumConstantDirectory */"
      annotationData = "/* Could not access annotationData */"
      annotationType = "/* Could not access annotationType */"
      classValueMap = "/* Could not access classValueMap */"
    Object[3] = class org.apache.cxf.transport.http.AbstractHTTPDestination$1@2dd69a81
    Object[4] = class java.lang.Class@7440e464
      ANNOTATION = "/* Could not access ANNOTATION */"
      ENUM = "/* Could not access ENUM */"
      SYNTHETIC = "/* Could not access SYNTHETIC */"
      cachedConstructor = "/* Could not access cachedConstructor */"
      newInstanceCallerCache = "/* Could not access newInstanceCallerCache */"
      name = "/* Could not access name */"
      module = "/* Could not access module */"
      packageName = "/* Could not access packageName */"
      componentType = "/* Could not access componentType */"
      allPermDomain = "/* Could not access allPermDomain */"
      reflectionData = "/* Could not access reflectionData */"
      classRedefinedCount = "/* Could not access classRedefinedCount */"
      genericInfo = "/* Could not access genericInfo */"
      EMPTY_CLASS_ARRAY = "/* Could not access EMPTY_CLASS_ARRAY */"
      serialVersionUID = "/* Could not access serialVersionUID */"
      serialPersistentFields = "/* Could not access serialPersistentFields */"
      reflectionFactory = "/* Could not access reflectionFactory */"
      enumConstants = "/* Could not access enumConstants */"
      enumConstantDirectory = "/* Could not access enumConstantDirectory */"
      annotationData = "/* Could not access annotationData */"
      annotationType = "/* Could not access annotationType */"
      classValueMap = "/* Could not access classValueMap */"
    Object[5] = class java.util.Arrays$ArrayList@1410ca53
      serialVersionUID = "/* Could not access serialVersionUID */"
      a = "/* Could not access a */"
      modCount = "/* Could not access modCount */"
      MAX_ARRAY_SIZE = "/* Could not access MAX_ARRAY_SIZE */"
    Object[6] = null
    Object[7] = null
    Object[8] = null
    Object[9] = null
    Object[10] = null
    Object[11] = null
    Object[12] = null
    Object[13] = null
    Object[14] = null
    Object[15] = null
    Object[16] = null
    Object[17] = null
    Object[18] = null
    Object[19] = null
  index = 6
  NOT_FOUND = class java.lang.Object@6648fcf
  serialVersionUID = -4590903451121887
  serialVersionUID = "/* Could not access serialVersionUID */"
  DEFAULT_INITIAL_CAPACITY = "/* Could not access DEFAULT_INITIAL_CAPACITY */"
  MAXIMUM_CAPACITY = "/* Could not access MAXIMUM_CAPACITY */"
  DEFAULT_LOAD_FACTOR = "/* Could not access DEFAULT_LOAD_FACTOR */"
  TREEIFY_THRESHOLD = "/* Could not access TREEIFY_THRESHOLD */"
  UNTREEIFY_THRESHOLD = "/* Could not access UNTREEIFY_THRESHOLD */"
  MIN_TREEIFY_CAPACITY = "/* Could not access MIN_TREEIFY_CAPACITY */"
  table = "/* Could not access table */"
  entrySet = "/* Could not access entrySet */"
  size = "/* Could not access size */"
  modCount = "/* Could not access modCount */"
  threshold = "/* Could not access threshold */"
  loadFactor = "/* Could not access loadFactor */"
  keySet = "/* Could not access keySet */"
  values = "/* Could not access values */"

