------Start of DE processing------ = [10/7/21, 10:12:40:111 EDT]
Exception = java.lang.reflect.InvocationTargetException
Source = org.apache.cxf.jaxrs.lifecycle.PerRequestResourceProvider
probeid = 107
Stack Dump = java.lang.reflect.InvocationTargetException
	at jdk.internal.reflect.GeneratedConstructorAccessor2336.newInstance(Unknown Source)
	at java.base/java.lang.reflect.Constructor.newInstance(Constructor.java:490)
	at org.apache.cxf.jaxrs.lifecycle.PerRequestResourceProvider.createInstance(PerRequestResourceProvider.java:94)
	at org.apache.cxf.jaxrs.lifecycle.PerRequestResourceProvider.getInstance(PerRequestResourceProvider.java:84)
	at org.apache.cxf.jaxrs.JAXRSInvoker.getServiceObject(JAXRSInvoker.java:476)
	at org.apache.cxf.jaxrs.JAXRSInvoker.invoke(JAXRSInvoker.java:109)
	at org.apache.cxf.interceptor.ServiceInvokerInterceptor$1.run(ServiceInvokerInterceptor.java:59)
	at org.apache.cxf.interceptor.ServiceInvokerInterceptor.handleMessage(ServiceInvokerInterceptor.java:96)
	at org.apache.cxf.phase.PhaseInterceptorChain.doIntercept(PhaseInterceptorChain.java:308)
	at org.apache.cxf.transport.ChainInitiationObserver.onMessage(ChainInitiationObserver.java:123)
	at org.apache.cxf.transport.http.AbstractHTTPDestination.invoke(AbstractHTTPDestination.java:277)
	at com.ibm.ws.jaxrs20.endpoint.AbstractJaxRsWebEndpoint.invoke(AbstractJaxRsWebEndpoint.java:137)
	at com.ibm.websphere.jaxrs.server.IBMRestServlet.handleRequest(IBMRestServlet.java:146)
	at com.ibm.websphere.jaxrs.server.IBMRestServlet.doPost(IBMRestServlet.java:104)
	at javax.servlet.http.HttpServlet.service(HttpServlet.java:706)
	at com.ibm.websphere.jaxrs.server.IBMRestServlet.service(IBMRestServlet.java:96)
	at com.ibm.ws.webcontainer.servlet.ServletWrapper.service(ServletWrapper.java:1258)
	at com.ibm.ws.webcontainer.servlet.ServletWrapper.handleRequest(ServletWrapper.java:746)
	at com.ibm.ws.webcontainer.servlet.ServletWrapper.handleRequest(ServletWrapper.java:443)
	at com.ibm.ws.webcontainer.filter.WebAppFilterChain.invokeTarget(WebAppFilterChain.java:183)
	at com.ibm.ws.webcontainer.filter.WebAppFilterChain.doFilter(WebAppFilterChain.java:94)
	at com.ibm.ws.security.jaspi.JaspiServletFilter.doFilter(JaspiServletFilter.java:56)
	at com.ibm.ws.webcontainer.filter.FilterInstanceWrapper.doFilter(FilterInstanceWrapper.java:201)
	at com.ibm.ws.webcontainer.filter.WebAppFilterChain.doFilter(WebAppFilterChain.java:91)
	at com.ibm.ws.webcontainer.filter.WebAppFilterManager.doFilter(WebAppFilterManager.java:1002)
	at com.ibm.ws.webcontainer.filter.WebAppFilterManager.invokeFilters(WebAppFilterManager.java:1140)
	at com.ibm.ws.webcontainer.webapp.WebApp.handleRequest(WebApp.java:5049)
	at com.ibm.ws.webcontainer.osgi.DynamicVirtualHost$2.handleRequest(DynamicVirtualHost.java:314)
	at com.ibm.ws.webcontainer.WebContainer.handleRequest(WebContainer.java:1007)
	at com.ibm.ws.webcontainer.osgi.DynamicVirtualHost$2.run(DynamicVirtualHost.java:279)
	at com.ibm.ws.http.dispatcher.internal.channel.HttpDispatcherLink$TaskWrapper.run(HttpDispatcherLink.java:1159)
	at com.ibm.ws.http.dispatcher.internal.channel.HttpDispatcherLink.wrapHandlerAndExecute(HttpDispatcherLink.java:428)
	at com.ibm.ws.http.dispatcher.internal.channel.HttpDispatcherLink.ready(HttpDispatcherLink.java:387)
	at com.ibm.ws.http.channel.internal.inbound.HttpInboundLink.handleDiscrimination(HttpInboundLink.java:566)
	at com.ibm.ws.http.channel.internal.inbound.HttpInboundLink.handleNewRequest(HttpInboundLink.java:500)
	at com.ibm.ws.http.channel.internal.inbound.HttpInboundLink.processRequest(HttpInboundLink.java:360)
	at com.ibm.ws.http.channel.internal.inbound.HttpInboundLink.ready(HttpInboundLink.java:327)
	at com.ibm.ws.tcpchannel.internal.NewConnectionInitialReadCallback.sendToDiscriminators(NewConnectionInitialReadCallback.java:167)
	at com.ibm.ws.tcpchannel.internal.NewConnectionInitialReadCallback.complete(NewConnectionInitialReadCallback.java:75)
	at com.ibm.ws.tcpchannel.internal.WorkQueueManager.requestComplete(WorkQueueManager.java:504)
	at com.ibm.ws.tcpchannel.internal.WorkQueueManager.attemptIO(WorkQueueManager.java:574)
	at com.ibm.ws.tcpchannel.internal.WorkQueueManager.workerRun(WorkQueueManager.java:958)
	at com.ibm.ws.tcpchannel.internal.WorkQueueManager$Worker.run(WorkQueueManager.java:1047)
	at com.ibm.ws.threading.internal.ExecutorServiceImpl$RunnableWrapper.run(ExecutorServiceImpl.java:238)
	at java.base/java.util.concurrent.ThreadPoolExecutor.runWorker(ThreadPoolExecutor.java:1128)
	at java.base/java.util.concurrent.ThreadPoolExecutor$Worker.run(ThreadPoolExecutor.java:628)
	at java.base/java.lang.Thread.run(Thread.java:829)
Caused by: java.lang.Error: Unresolved compilation problem: 
	The declared package "" does not match the expected package "edu.oswego.rest.csvParser"

	at edu.oswego.rest.csvParser.csvParser.<init>(csvParser.java:1)
	... 47 more

Dump of callerThis
Object type = org.apache.cxf.jaxrs.lifecycle.PerRequestResourceProvider
  c = class java.lang.reflect.Constructor@39c622a6
    clazz = "/* Could not access clazz */"
    slot = "/* Could not access slot */"
    parameterTypes = "/* Could not access parameterTypes */"
    exceptionTypes = "/* Could not access exceptionTypes */"
    modifiers = "/* Could not access modifiers */"
    signature = "/* Could not access signature */"
    genericInfo = "/* Could not access genericInfo */"
    annotations = "/* Could not access annotations */"
    parameterAnnotations = "/* Could not access parameterAnnotations */"
    constructorAccessor = "/* Could not access constructorAccessor */"
    root = "/* Could not access root */"
    hasRealParameterData = "/* Could not access hasRealParameterData */"
    parameters = "/* Could not access parameters */"
    declaredAnnotations = "/* Could not access declaredAnnotations */"
    override = "/* Could not access override */"
    reflectionFactory = "/* Could not access reflectionFactory */"
    securityCheckCache = "/* Could not access securityCheckCache */"
    printStackWhenAccessFails = "/* Could not access printStackWhenAccessFails */"
    printStackPropertiesSet = "/* Could not access printStackPropertiesSet */"
  postConstructMethod = null
  preDestroyMethod = null
  params = class java.lang.Class[0]
  anns = class [Ljava.lang.annotation.Annotation;[0]
  genericTypes = class java.lang.Class[0]
  serialVersionUID = 4330447189587368180
  $$$tc$$$ = class com.ibm.websphere.ras.TraceComponent@347926f0
    strings[0] = "TraceComponent[org.apache.cxf.jaxrs.lifecycle.PerRequestResourceProvider,class org.apache.cxf.jaxrs.lifecycle.PerRequestResourceProvider,[],null,null]"

Dump of objectArray[0]
Object type = org.apache.cxf.message.MessageImpl
  LOG = class com.ibm.ws.logging.internal.WsLogger@28dd939a
    ivCachedResourceBundleName = null
    ivCachedResourceBundle = null
    ivComponent = null
    ivOrganization = null
    ivProduct = null
    ivMinimumLocalizationLevelIntValue = 625
    ivTC = class com.ibm.websphere.ras.TraceComponent@5f26d374
      strings[0] = "TraceComponent[org.apache.cxf.message.MessageImplorg.eclipse.osgi.internal.loader.EquinoxClassLoader@4bb19b78[com.ibm.ws.org.apache.cxf.cxf.core.3.2:1.0.57.cl211020210920-1900(id=209)],class org.apache.cxf.common.logging.LogUtils,[org.apache.cxf.message.MessageImplorg.eclipse.osgi.internal.loader.EquinoxClassLoader@4bb19b78[com.ibm.ws.org.apache.cxf.cxf.core.3.2:1.0.57.cl211020210920-1900(id=209)]],null,null]"
    loggerRegistrationComponent = class java.lang.ThreadLocal@1692e2a9
      threadLocalHashCode = "/* Could not access threadLocalHashCode */"
      nextHashCode = "/* Could not access nextHashCode */"
      HASH_INCREMENT = "/* Could not access HASH_INCREMENT */"
    emptyHandlers = "/* Could not access emptyHandlers */"
    offValue = "/* Could not access offValue */"
    SYSTEM_LOGGER_RB_NAME = "/* Could not access SYSTEM_LOGGER_RB_NAME */"
    SYSTEM_BUNDLE = "/* Could not access SYSTEM_BUNDLE */"
    NO_RESOURCE_BUNDLE = "/* Could not access NO_RESOURCE_BUNDLE */"
    config = "/* Could not access config */"
    manager = "/* Could not access manager */"
    name = "/* Could not access name */"
    loggerBundle = "/* Could not access loggerBundle */"
    anonymous = "/* Could not access anonymous */"
    catalog = "/* Could not access catalog */"
    catalogName = "/* Could not access catalogName */"
    catalogLocale = "/* Could not access catalogLocale */"
    treeLock = "/* Could not access treeLock */"
    parent = "/* Could not access parent */"
    kids = "/* Could not access kids */"
    callerModuleRef = "/* Could not access callerModuleRef */"
    isSystemLogger = "/* Could not access isSystemLogger */"
    GLOBAL_LOGGER_NAME = "global"
    global = class java.util.logging.Logger@5b4067e0
      emptyHandlers = "/* Could not access emptyHandlers */"
      offValue = "/* Could not access offValue */"
      SYSTEM_LOGGER_RB_NAME = "/* Could not access SYSTEM_LOGGER_RB_NAME */"
      SYSTEM_BUNDLE = "/* Could not access SYSTEM_BUNDLE */"
      NO_RESOURCE_BUNDLE = "/* Could not access NO_RESOURCE_BUNDLE */"
      config = "/* Could not access config */"
      manager = "/* Could not access manager */"
      name = "/* Could not access name */"
      loggerBundle = "/* Could not access loggerBundle */"
      anonymous = "/* Could not access anonymous */"
      catalog = "/* Could not access catalog */"
      catalogName = "/* Could not access catalogName */"
      catalogLocale = "/* Could not access catalogLocale */"
      treeLock = "/* Could not access treeLock */"
      parent = "/* Could not access parent */"
      kids = "/* Could not access kids */"
      callerModuleRef = "/* Could not access callerModuleRef */"
      isSystemLogger = "/* Could not access isSystemLogger */"
      GLOBAL_LOGGER_NAME = "global"
      global = class java.util.logging.Logger@5b4067e0
  serialVersionUID = -3020763696429459865
  exchange = class org.apache.cxf.message.ExchangeImpl@4afae6e4
    serialVersionUID = -3112077559217623594
    destination = class org.apache.cxf.transport.servlet.ServletDestination@91cabb8
      LOG = class com.ibm.ws.logging.internal.WsLogger@144946d0
      HTTP_REQUEST = "HTTP.REQUEST"
      HTTP_RESPONSE = "HTTP.RESPONSE"
      HTTP_CONTEXT = "HTTP.CONTEXT"
      HTTP_CONFIG = "HTTP.CONFIG"
      HTTP_CONTEXT_MATCH_STRATEGY = "HTTP_CONTEXT_MATCH_STRATEGY"
      RESPONSE_HEADERS_COPIED = "http.headers.copied"
      RESPONSE_COMMITED = "http.response.done"
      REQUEST_REDIRECTED = "http.request.redirected"
      CXF_CONTINUATION_MESSAGE = "cxf.continuation.message"
      CXF_ASYNC_CONTEXT = "cxf.async.context"
      SERVICE_REDIRECTION = "http.service.redirection"
      HTTP_BASE_PATH = "http.base.path"
      SSL_CIPHER_SUITE_ATTRIBUTE = "javax.servlet.request.cipher_suite"
      SSL_PEER_CERT_CHAIN_ATTRIBUTE = "javax.servlet.request.X509Certificate"
      DECODE_BASIC_AUTH_WITH_ISO8859 = "decode.basicauth.with.iso8859"
      LOG = class com.ibm.ws.logging.internal.WsLogger@40fe2a2
      tc = class com.ibm.websphere.ras.TraceComponent@25380abe
      bus = class com.ibm.ws.jaxrs20.bus.LibertyApplicationBus@e108474
      registry = class org.apache.cxf.transport.http.DestinationRegistryImpl@5a2e4b35
      path = "/api/"
      serverPolicy = null
      contextMatchStrategy = "stem"
      fixedParameterOrder = false
      multiplexWithAddress = false
      certConstraints = null
      decodeBasicAuthWithIso8859 = false
      cproviderFactory = null
      enableWebSocket = false
      serverPolicyCalced = false
      serialVersionUID = -137146086541010707
      MULTIPLEX_ID_QNAME = class javax.xml.namespace.QName@5a1adbad
      reference = class org.apache.cxf.ws.addressing.EndpointReferenceType@517cbd92
      endpointInfo = class org.apache.cxf.service.model.EndpointInfo@2a9d5fed
      bus = class com.ibm.ws.jaxrs20.bus.LibertyApplicationBus@e108474
      incomingObserver = class org.apache.cxf.transport.ChainInitiationObserver@242de68
    oneWay = false
    synchronous = true
    inMessage = class org.apache.cxf.message.MessageImpl@10b75ed5
    outMessage = null
    inFaultMessage = null
    outFaultMessage = null
    session = class org.apache.cxf.transport.http.HTTPSession@f16b895
      request = class com.ibm.ws.jaxrs20.server.JaxRsHttpServletRequestAdapter@c5a8cf7
      session = null
    bus = class com.ibm.ws.jaxrs20.bus.LibertyApplicationBus@e108474
      busCounter = class java.util.concurrent.atomic.AtomicInteger@e89aa3e
      serialVersionUID = 2386792285914827878
      $$$tc$$$ = class com.ibm.websphere.ras.TraceComponent@edbe550
      BUS_PROPERTY_NAME = "bus"
      BUS_ID_PROPERTY_NAME = "org.apache.cxf.bus.id"
      extensions = class java.util.concurrent.ConcurrentHashMap@3aad1650
      missingExtensions = class java.util.concurrent.CopyOnWriteArraySet@7a8f54df
      id = "cpr-webapp-Server-Bus"
      state = class org.apache.cxf.Bus$BusState@6e2a6478
      features = class java.util.concurrent.CopyOnWriteArrayList@2db1fbd9
      properties = class java.util.concurrent.ConcurrentHashMap@7f7c67a9
      extensionManager = class org.apache.cxf.bus.extension.ExtensionManagerImpl@7fd5ed35
      in = class org.apache.cxf.common.util.ModCountCopyOnWriteArrayList@42615f13
      out = class org.apache.cxf.common.util.ModCountCopyOnWriteArrayList@602c0bb5
      outFault = class org.apache.cxf.common.util.ModCountCopyOnWriteArrayList@7cf16936
      inFault = class org.apache.cxf.common.util.ModCountCopyOnWriteArrayList@2c1d8fd8
    endpoint = class org.apache.cxf.endpoint.EndpointImpl@56b79d31
      serialVersionUID = -7660560719050162091
      LOG = class com.ibm.ws.logging.internal.WsLogger@5ddaeaf5
      BUNDLE = class java.util.PropertyResourceBundle@5d139f81
      service = class org.apache.cxf.jaxrs.JAXRSServiceImpl@3a1aad34
      binding = class org.apache.cxf.jaxrs.JAXRSBinding@f268f2
      endpointInfo = class org.apache.cxf.service.model.EndpointInfo@2a9d5fed
      executor = null
      bus = class com.ibm.ws.jaxrs20.bus.LibertyApplicationBus@e108474
      inFaultObserver = class org.apache.cxf.interceptor.InFaultChainInitiatorObserver@457c8e3
      outFaultObserver = class org.apache.cxf.interceptor.OutFaultChainInitiatorObserver@750a7bd1
      activeFeatures = null
      cleanupHooks = null
      serialVersionUID = -1915876045710441978
      in = class org.apache.cxf.common.util.ModCountCopyOnWriteArrayList@ddb0a76
      out = class org.apache.cxf.common.util.ModCountCopyOnWriteArrayList@7dcd47a
      outFault = class org.apache.cxf.common.util.ModCountCopyOnWriteArrayList@46f2ac97
      inFault = class org.apache.cxf.common.util.ModCountCopyOnWriteArrayList@7c58747a
      serialVersionUID = "/* Could not access serialVersionUID */"
      MAXIMUM_CAPACITY = "/* Could not access MAXIMUM_CAPACITY */"
      DEFAULT_CAPACITY = "/* Could not access DEFAULT_CAPACITY */"
      MAX_ARRAY_SIZE = "/* Could not access MAX_ARRAY_SIZE */"
      DEFAULT_CONCURRENCY_LEVEL = "/* Could not access DEFAULT_CONCURRENCY_LEVEL */"
      LOAD_FACTOR = "/* Could not access LOAD_FACTOR */"
      TREEIFY_THRESHOLD = "/* Could not access TREEIFY_THRESHOLD */"
      UNTREEIFY_THRESHOLD = "/* Could not access UNTREEIFY_THRESHOLD */"
      MIN_TREEIFY_CAPACITY = "/* Could not access MIN_TREEIFY_CAPACITY */"
      MIN_TRANSFER_STRIDE = "/* Could not access MIN_TRANSFER_STRIDE */"
      RESIZE_STAMP_BITS = "/* Could not access RESIZE_STAMP_BITS */"
      MAX_RESIZERS = "/* Could not access MAX_RESIZERS */"
      RESIZE_STAMP_SHIFT = "/* Could not access RESIZE_STAMP_SHIFT */"
      MOVED = "/* Could not access MOVED */"
      TREEBIN = "/* Could not access TREEBIN */"
      RESERVED = "/* Could not access RESERVED */"
      HASH_BITS = "/* Could not access HASH_BITS */"
      NCPU = "/* Could not access NCPU */"
      serialPersistentFields = "/* Could not access serialPersistentFields */"
      table = "/* Could not access table */"
      nextTable = "/* Could not access nextTable */"
      baseCount = "/* Could not access baseCount */"
      sizeCtl = "/* Could not access sizeCtl */"
      transferIndex = "/* Could not access transferIndex */"
      cellsBusy = "/* Could not access cellsBusy */"
      counterCells = "/* Could not access counterCells */"
      keySet = "/* Could not access keySet */"
      values = "/* Could not access values */"
      entrySet = "/* Could not access entrySet */"
      U = "/* Could not access U */"
      SIZECTL = "/* Could not access SIZECTL */"
      TRANSFERINDEX = "/* Could not access TRANSFERINDEX */"
      BASECOUNT = "/* Could not access BASECOUNT */"
      CELLSBUSY = "/* Could not access CELLSBUSY */"
      CELLVALUE = "/* Could not access CELLVALUE */"
      ABASE = "/* Could not access ABASE */"
      ASHIFT = "/* Could not access ASHIFT */"
      keySet = "/* Could not access keySet */"
      values = "/* Could not access values */"
    service = class org.apache.cxf.jaxrs.JAXRSServiceImpl@3a1aad34
      serialVersionUID = 6765400202555126993
      classResourceInfos = class java.util.ArrayList@36e4826f
      dataBinding = null
      executor = null
      invoker = class com.ibm.ws.jaxrs20.server.LibertyJaxRsInvoker@58330974
      endpoints = class java.util.HashMap@2b58ca74
      address = null
      createServiceModel = false
      serviceName = null
      serialVersionUID = -1915876045710441978
      in = class org.apache.cxf.common.util.ModCountCopyOnWriteArrayList@20cc8107
      out = class org.apache.cxf.common.util.ModCountCopyOnWriteArrayList@3229888b
      outFault = class org.apache.cxf.common.util.ModCountCopyOnWriteArrayList@72915f13
      inFault = class org.apache.cxf.common.util.ModCountCopyOnWriteArrayList@1ff7205f
      serialVersionUID = "/* Could not access serialVersionUID */"
      MAXIMUM_CAPACITY = "/* Could not access MAXIMUM_CAPACITY */"
      DEFAULT_CAPACITY = "/* Could not access DEFAULT_CAPACITY */"
      MAX_ARRAY_SIZE = "/* Could not access MAX_ARRAY_SIZE */"
      DEFAULT_CONCURRENCY_LEVEL = "/* Could not access DEFAULT_CONCURRENCY_LEVEL */"
      LOAD_FACTOR = "/* Could not access LOAD_FACTOR */"
      TREEIFY_THRESHOLD = "/* Could not access TREEIFY_THRESHOLD */"
      UNTREEIFY_THRESHOLD = "/* Could not access UNTREEIFY_THRESHOLD */"
      MIN_TREEIFY_CAPACITY = "/* Could not access MIN_TREEIFY_CAPACITY */"
      MIN_TRANSFER_STRIDE = "/* Could not access MIN_TRANSFER_STRIDE */"
      RESIZE_STAMP_BITS = "/* Could not access RESIZE_STAMP_BITS */"
      MAX_RESIZERS = "/* Could not access MAX_RESIZERS */"
      RESIZE_STAMP_SHIFT = "/* Could not access RESIZE_STAMP_SHIFT */"
      MOVED = "/* Could not access MOVED */"
      TREEBIN = "/* Could not access TREEBIN */"
      RESERVED = "/* Could not access RESERVED */"
      HASH_BITS = "/* Could not access HASH_BITS */"
      NCPU = "/* Could not access NCPU */"
      serialPersistentFields = "/* Could not access serialPersistentFields */"
      table = "/* Could not access table */"
      nextTable = "/* Could not access nextTable */"
      baseCount = "/* Could not access baseCount */"
      sizeCtl = "/* Could not access sizeCtl */"
      transferIndex = "/* Could not access transferIndex */"
      cellsBusy = "/* Could not access cellsBusy */"
      counterCells = "/* Could not access counterCells */"
      keySet = "/* Could not access keySet */"
      values = "/* Could not access values */"
      entrySet = "/* Could not access entrySet */"
      U = "/* Could not access U */"
      SIZECTL = "/* Could not access SIZECTL */"
      TRANSFERINDEX = "/* Could not access TRANSFERINDEX */"
      BASECOUNT = "/* Could not access BASECOUNT */"
      CELLSBUSY = "/* Could not access CELLSBUSY */"
      CELLVALUE = "/* Could not access CELLVALUE */"
      ABASE = "/* Could not access ABASE */"
      ASHIFT = "/* Could not access ASHIFT */"
      keySet = "/* Could not access keySet */"
      values = "/* Could not access values */"
    binding = class org.apache.cxf.jaxrs.JAXRSBinding@f268f2
      bindingInfo = class org.apache.cxf.service.model.BindingInfo@71a02b66
      in = class org.apache.cxf.common.util.ModCountCopyOnWriteArrayList@57d21270
      out = class org.apache.cxf.common.util.ModCountCopyOnWriteArrayList@3796cfc2
      outFault = class org.apache.cxf.common.util.ModCountCopyOnWriteArrayList@d075121
      inFault = class org.apache.cxf.common.util.ModCountCopyOnWriteArrayList@7d0cb0fc
    bindingOp = null
    serialVersionUID = "/* Could not access serialVersionUID */"
    MAXIMUM_CAPACITY = "/* Could not access MAXIMUM_CAPACITY */"
    DEFAULT_CAPACITY = "/* Could not access DEFAULT_CAPACITY */"
    MAX_ARRAY_SIZE = "/* Could not access MAX_ARRAY_SIZE */"
    DEFAULT_CONCURRENCY_LEVEL = "/* Could not access DEFAULT_CONCURRENCY_LEVEL */"
    LOAD_FACTOR = "/* Could not access LOAD_FACTOR */"
    TREEIFY_THRESHOLD = "/* Could not access TREEIFY_THRESHOLD */"
    UNTREEIFY_THRESHOLD = "/* Could not access UNTREEIFY_THRESHOLD */"
    MIN_TREEIFY_CAPACITY = "/* Could not access MIN_TREEIFY_CAPACITY */"
    MIN_TRANSFER_STRIDE = "/* Could not access MIN_TRANSFER_STRIDE */"
    RESIZE_STAMP_BITS = "/* Could not access RESIZE_STAMP_BITS */"
    MAX_RESIZERS = "/* Could not access MAX_RESIZERS */"
    RESIZE_STAMP_SHIFT = "/* Could not access RESIZE_STAMP_SHIFT */"
    MOVED = "/* Could not access MOVED */"
    TREEBIN = "/* Could not access TREEBIN */"
    RESERVED = "/* Could not access RESERVED */"
    HASH_BITS = "/* Could not access HASH_BITS */"
    NCPU = "/* Could not access NCPU */"
    serialPersistentFields = "/* Could not access serialPersistentFields */"
    table = "/* Could not access table */"
    nextTable = "/* Could not access nextTable */"
    baseCount = "/* Could not access baseCount */"
    sizeCtl = "/* Could not access sizeCtl */"
    transferIndex = "/* Could not access transferIndex */"
    cellsBusy = "/* Could not access cellsBusy */"
    counterCells = "/* Could not access counterCells */"
    keySet = "/* Could not access keySet */"
    values = "/* Could not access values */"
    entrySet = "/* Could not access entrySet */"
    U = "/* Could not access U */"
    SIZECTL = "/* Could not access SIZECTL */"
    TRANSFERINDEX = "/* Could not access TRANSFERINDEX */"
    BASECOUNT = "/* Could not access BASECOUNT */"
    CELLSBUSY = "/* Could not access CELLSBUSY */"
    CELLVALUE = "/* Could not access CELLVALUE */"
    ABASE = "/* Could not access ABASE */"
    ASHIFT = "/* Could not access ASHIFT */"
    keySet = "/* Could not access keySet */"
    values = "/* Could not access values */"
  id = null
  interceptorChain = class org.apache.cxf.phase.PhaseInterceptorChain@42213e0f
    PREVIOUS_MESSAGE = "org.apache.cxf.phase.PhaseInterceptorChain.PREVIOUS_MESSAGE"
    LOG = class com.ibm.ws.logging.internal.WsLogger@a4b7fbc
      ivCachedResourceBundleName = null
      ivCachedResourceBundle = null
      ivComponent = null
      ivOrganization = null
      ivProduct = null
      ivMinimumLocalizationLevelIntValue = 625
      ivTC = class com.ibm.websphere.ras.TraceComponent@284674cd
      loggerRegistrationComponent = class java.lang.ThreadLocal@1692e2a9
      emptyHandlers = "/* Could not access emptyHandlers */"
      offValue = "/* Could not access offValue */"
      SYSTEM_LOGGER_RB_NAME = "/* Could not access SYSTEM_LOGGER_RB_NAME */"
      SYSTEM_BUNDLE = "/* Could not access SYSTEM_BUNDLE */"
      NO_RESOURCE_BUNDLE = "/* Could not access NO_RESOURCE_BUNDLE */"
      config = "/* Could not access config */"
      manager = "/* Could not access manager */"
      name = "/* Could not access name */"
      loggerBundle = "/* Could not access loggerBundle */"
      anonymous = "/* Could not access anonymous */"
      catalog = "/* Could not access catalog */"
      catalogName = "/* Could not access catalogName */"
      catalogLocale = "/* Could not access catalogLocale */"
      treeLock = "/* Could not access treeLock */"
      parent = "/* Could not access parent */"
      kids = "/* Could not access kids */"
      callerModuleRef = "/* Could not access callerModuleRef */"
      isSystemLogger = "/* Could not access isSystemLogger */"
      GLOBAL_LOGGER_NAME = "global"
      global = class java.util.logging.Logger@5b4067e0
    CURRENT_MESSAGE = class java.lang.ThreadLocal@607f25d1
      threadLocalHashCode = "/* Could not access threadLocalHashCode */"
      nextHashCode = "/* Could not access nextHashCode */"
      HASH_INCREMENT = "/* Could not access HASH_INCREMENT */"
    nameMap = class java.util.HashMap@fe347e7
      serialVersionUID = "/* Could not access serialVersionUID */"
      DEFAULT_INITIAL_CAPACITY = "/* Could not access DEFAULT_INITIAL_CAPACITY */"
      MAXIMUM_CAPACITY = "/* Could not access MAXIMUM_CAPACITY */"
      DEFAULT_LOAD_FACTOR = "/* Could not access DEFAULT_LOAD_FACTOR */"
      TREEIFY_THRESHOLD = "/* Could not access TREEIFY_THRESHOLD */"
      UNTREEIFY_THRESHOLD = "/* Could not access UNTREEIFY_THRESHOLD */"
      MIN_TREEIFY_CAPACITY = "/* Could not access MIN_TREEIFY_CAPACITY */"
      table = "/* Could not access table */"
      entrySet = "/* Could not access entrySet */"
      size = "/* Could not access size */"
      modCount = "/* Could not access modCount */"
      threshold = "/* Could not access threshold */"
      loadFactor = "/* Could not access loadFactor */"
      keySet = "/* Could not access keySet */"
      values = "/* Could not access values */"
    phases = class org.apache.cxf.phase.Phase[19]
      Phase[0] = class org.apache.cxf.phase.Phase@5b774e1f
      Phase[1] = class org.apache.cxf.phase.Phase@2564e82a
      Phase[2] = class org.apache.cxf.phase.Phase@5d755252
      Phase[3] = class org.apache.cxf.phase.Phase@7ba6647b
      Phase[4] = class org.apache.cxf.phase.Phase@1ac0caa6
      Phase[5] = class org.apache.cxf.phase.Phase@1867446c
      Phase[6] = class org.apache.cxf.phase.Phase@6ff762f0
      Phase[7] = class org.apache.cxf.phase.Phase@27ba56c9
      Phase[8] = class org.apache.cxf.phase.Phase@3bb32d62
      Phase[9] = class org.apache.cxf.phase.Phase@19d54a5c
      Phase[10] = class org.apache.cxf.phase.Phase@4de14b74
      Phase[11] = class org.apache.cxf.phase.Phase@3898401f
      Phase[12] = class org.apache.cxf.phase.Phase@1ae2b253
      Phase[13] = class org.apache.cxf.phase.Phase@29d69cf9
      Phase[14] = class org.apache.cxf.phase.Phase@6eabd85c
      Phase[15] = class org.apache.cxf.phase.Phase@1449f52e
      Phase[16] = class org.apache.cxf.phase.Phase@1b36adde
      Phase[17] = class org.apache.cxf.phase.Phase@61acb15
      Phase[18] = class org.apache.cxf.phase.Phase@36439ab2
    heads = class org.apache.cxf.phase.PhaseInterceptorChain$InterceptorHolder[19]
      InterceptorHolder[0] = null
      InterceptorHolder[1] = null
      InterceptorHolder[2] = null
      InterceptorHolder[3] = null
      InterceptorHolder[4] = null
      InterceptorHolder[5] = null
      InterceptorHolder[6] = null
      InterceptorHolder[7] = null
      InterceptorHolder[8] = null
      InterceptorHolder[9] = null
      InterceptorHolder[10] = null
      InterceptorHolder[11] = class org.apache.cxf.phase.PhaseInterceptorChain$InterceptorHolder@3be34cf3
      InterceptorHolder[12] = null
      InterceptorHolder[13] = class org.apache.cxf.phase.PhaseInterceptorChain$InterceptorHolder@2985493d
      InterceptorHolder[14] = null
      InterceptorHolder[15] = null
      InterceptorHolder[16] = null
      InterceptorHolder[17] = class org.apache.cxf.phase.PhaseInterceptorChain$InterceptorHolder@3a8a7cbf
      InterceptorHolder[18] = class org.apache.cxf.phase.PhaseInterceptorChain$InterceptorHolder@481b3773
    tails = class org.apache.cxf.phase.PhaseInterceptorChain$InterceptorHolder[19]
      InterceptorHolder[0] = null
      InterceptorHolder[1] = null
      InterceptorHolder[2] = null
      InterceptorHolder[3] = null
      InterceptorHolder[4] = null
      InterceptorHolder[5] = null
      InterceptorHolder[6] = null
      InterceptorHolder[7] = null
      InterceptorHolder[8] = null
      InterceptorHolder[9] = null
      InterceptorHolder[10] = null
      InterceptorHolder[11] = class org.apache.cxf.phase.PhaseInterceptorChain$InterceptorHolder@1bdeacf3
      InterceptorHolder[12] = null
      InterceptorHolder[13] = class org.apache.cxf.phase.PhaseInterceptorChain$InterceptorHolder@2985493d
      InterceptorHolder[14] = null
      InterceptorHolder[15] = null
      InterceptorHolder[16] = null
      InterceptorHolder[17] = class org.apache.cxf.phase.PhaseInterceptorChain$InterceptorHolder@3a8a7cbf
      InterceptorHolder[18] = class org.apache.cxf.phase.PhaseInterceptorChain$InterceptorHolder@481b3773
    hasAfters = {false,false,false,false,false,false,false,false,false,false,false,false,false,false,false,false,false,false,false} /* array length = 19 */
    state = class org.apache.cxf.interceptor.InterceptorChain$State@41236d67
      PAUSED = class org.apache.cxf.interceptor.InterceptorChain$State@64ccc48f
      SUSPENDED = class org.apache.cxf.interceptor.InterceptorChain$State@64bd0a00
      EXECUTING = class org.apache.cxf.interceptor.InterceptorChain$State@41236d67
      COMPLETE = class org.apache.cxf.interceptor.InterceptorChain$State@13727778
      ABORTED = class org.apache.cxf.interceptor.InterceptorChain$State@53514981
      $VALUES = class org.apache.cxf.interceptor.InterceptorChain$State[5]
      name = "/* Could not access name */"
      ordinal = "/* Could not access ordinal */"
    pausedMessage = null
    faultObserver = class org.apache.cxf.interceptor.OutFaultChainInitiatorObserver@750a7bd1
      LOG = class com.ibm.ws.logging.internal.WsLogger@6df8f9d1
      bus = class com.ibm.ws.jaxrs20.bus.LibertyApplicationBus@e108474
      loader = null
      $assertionsDisabled = true
    iterator = class org.apache.cxf.phase.PhaseInterceptorChain$PhaseInterceptorIterator@29792bbb
      heads = class org.apache.cxf.phase.PhaseInterceptorChain$InterceptorHolder[19]
      prev = class org.apache.cxf.phase.PhaseInterceptorChain$InterceptorHolder@3a8a7cbf
      first = class org.apache.cxf.phase.PhaseInterceptorChain$InterceptorHolder@3be34cf3
    isFineLogging = false
    faultOccurred = false
    chainReleased = false
  contents = class java.lang.Object[20]
    Object[0] = class java.lang.Class@659bcf32
      ANNOTATION = "/* Could not access ANNOTATION */"
      ENUM = "/* Could not access ENUM */"
      SYNTHETIC = "/* Could not access SYNTHETIC */"
      cachedConstructor = "/* Could not access cachedConstructor */"
      newInstanceCallerCache = "/* Could not access newInstanceCallerCache */"
      name = "/* Could not access name */"
      module = "/* Could not access module */"
      packageName = "/* Could not access packageName */"
      componentType = "/* Could not access componentType */"
      allPermDomain = "/* Could not access allPermDomain */"
      reflectionData = "/* Could not access reflectionData */"
      classRedefinedCount = "/* Could not access classRedefinedCount */"
      genericInfo = "/* Could not access genericInfo */"
      EMPTY_CLASS_ARRAY = "/* Could not access EMPTY_CLASS_ARRAY */"
      serialVersionUID = "/* Could not access serialVersionUID */"
      serialPersistentFields = "/* Could not access serialPersistentFields */"
      reflectionFactory = "/* Could not access reflectionFactory */"
      enumConstants = "/* Could not access enumConstants */"
      enumConstantDirectory = "/* Could not access enumConstantDirectory */"
      annotationData = "/* Could not access annotationData */"
      annotationType = "/* Could not access annotationType */"
      classValueMap = "/* Could not access classValueMap */"
    Object[1] = class org.apache.cxf.transport.http.AbstractHTTPDestination$1@7a051169
      val$exchange = class org.apache.cxf.message.ExchangeImpl@4afae6e4
      val$req = class com.ibm.ws.jaxrs20.server.JaxRsHttpServletRequestAdapter@c5a8cf7
      this$0 = class org.apache.cxf.transport.servlet.ServletDestination@91cabb8
      serialVersionUID = -6647880736313517638
      $$$tc$$$ = class com.ibm.websphere.ras.TraceComponent@20e076ea
      cached = false
      in = "/* Could not access in */"
      MAX_SKIP_BUFFER_SIZE = "/* Could not access MAX_SKIP_BUFFER_SIZE */"
      DEFAULT_BUFFER_SIZE = "/* Could not access DEFAULT_BUFFER_SIZE */"
      MAX_BUFFER_SIZE = "/* Could not access MAX_BUFFER_SIZE */"
    Object[2] = class java.lang.Class@279f2327
      ANNOTATION = "/* Could not access ANNOTATION */"
      ENUM = "/* Could not access ENUM */"
      SYNTHETIC = "/* Could not access SYNTHETIC */"
      cachedConstructor = "/* Could not access cachedConstructor */"
      newInstanceCallerCache = "/* Could not access newInstanceCallerCache */"
      name = "/* Could not access name */"
      module = "/* Could not access module */"
      packageName = "/* Could not access packageName */"
      componentType = "/* Could not access componentType */"
      allPermDomain = "/* Could not access allPermDomain */"
      reflectionData = "/* Could not access reflectionData */"
      classRedefinedCount = "/* Could not access classRedefinedCount */"
      genericInfo = "/* Could not access genericInfo */"
      EMPTY_CLASS_ARRAY = "/* Could not access EMPTY_CLASS_ARRAY */"
      serialVersionUID = "/* Could not access serialVersionUID */"
      serialPersistentFields = "/* Could not access serialPersistentFields */"
      reflectionFactory = "/* Could not access reflectionFactory */"
      enumConstants = "/* Could not access enumConstants */"
      enumConstantDirectory = "/* Could not access enumConstantDirectory */"
      annotationData = "/* Could not access annotationData */"
      annotationType = "/* Could not access annotationType */"
      classValueMap = "/* Could not access classValueMap */"
    Object[3] = class org.apache.cxf.transport.http.AbstractHTTPDestination$1@7a051169
    Object[4] = class java.lang.Class@7440e464
      ANNOTATION = "/* Could not access ANNOTATION */"
      ENUM = "/* Could not access ENUM */"
      SYNTHETIC = "/* Could not access SYNTHETIC */"
      cachedConstructor = "/* Could not access cachedConstructor */"
      newInstanceCallerCache = "/* Could not access newInstanceCallerCache */"
      name = "/* Could not access name */"
      module = "/* Could not access module */"
      packageName = "/* Could not access packageName */"
      componentType = "/* Could not access componentType */"
      allPermDomain = "/* Could not access allPermDomain */"
      reflectionData = "/* Could not access reflectionData */"
      classRedefinedCount = "/* Could not access classRedefinedCount */"
      genericInfo = "/* Could not access genericInfo */"
      EMPTY_CLASS_ARRAY = "/* Could not access EMPTY_CLASS_ARRAY */"
      serialVersionUID = "/* Could not access serialVersionUID */"
      serialPersistentFields = "/* Could not access serialPersistentFields */"
      reflectionFactory = "/* Could not access reflectionFactory */"
      enumConstants = "/* Could not access enumConstants */"
      enumConstantDirectory = "/* Could not access enumConstantDirectory */"
      annotationData = "/* Could not access annotationData */"
      annotationType = "/* Could not access annotationType */"
      classValueMap = "/* Could not access classValueMap */"
    Object[5] = class java.util.Collections$EmptyList@46781e90
      serialVersionUID = "/* Could not access serialVersionUID */"
      modCount = "/* Could not access modCount */"
      MAX_ARRAY_SIZE = "/* Could not access MAX_ARRAY_SIZE */"
    Object[6] = null
    Object[7] = null
    Object[8] = null
    Object[9] = null
    Object[10] = null
    Object[11] = null
    Object[12] = null
    Object[13] = null
    Object[14] = null
    Object[15] = null
    Object[16] = null
    Object[17] = null
    Object[18] = null
    Object[19] = null
  index = 6
  NOT_FOUND = class java.lang.Object@311f8003
  serialVersionUID = -4590903451121887
  serialVersionUID = "/* Could not access serialVersionUID */"
  DEFAULT_INITIAL_CAPACITY = "/* Could not access DEFAULT_INITIAL_CAPACITY */"
  MAXIMUM_CAPACITY = "/* Could not access MAXIMUM_CAPACITY */"
  DEFAULT_LOAD_FACTOR = "/* Could not access DEFAULT_LOAD_FACTOR */"
  TREEIFY_THRESHOLD = "/* Could not access TREEIFY_THRESHOLD */"
  UNTREEIFY_THRESHOLD = "/* Could not access UNTREEIFY_THRESHOLD */"
  MIN_TREEIFY_CAPACITY = "/* Could not access MIN_TREEIFY_CAPACITY */"
  table = "/* Could not access table */"
  entrySet = "/* Could not access entrySet */"
  size = "/* Could not access size */"
  modCount = "/* Could not access modCount */"
  threshold = "/* Could not access threshold */"
  loadFactor = "/* Could not access loadFactor */"
  keySet = "/* Could not access keySet */"
  values = "/* Could not access values */"

