------Start of DE processing------ = [11/4/21, 11:38:03:114 EDT]
Exception = com.ibm.websphere.servlet.error.ServletErrorReport
Source = com.ibm.ws.webcontainer.filter.WebAppFilterChain.doFilter
probeid = 82
Stack Dump = com.ibm.websphere.servlet.error.ServletErrorReport: java.lang.Error: Unresolved compilation problem: 
	Syntax error, insert &quot;&#59;&quot; to complete Statement

	at com.ibm.ws.webcontainer.servlet.ServletWrapper.service(ServletWrapper.java:1356)
	at com.ibm.ws.webcontainer.servlet.ServletWrapper.handleRequest(ServletWrapper.java:746)
	at com.ibm.ws.webcontainer.servlet.ServletWrapper.handleRequest(ServletWrapper.java:443)
	at com.ibm.ws.webcontainer.filter.WebAppFilterChain.invokeTarget(WebAppFilterChain.java:193)
	at com.ibm.ws.webcontainer.filter.WebAppFilterChain.doFilter(WebAppFilterChain.java:98)
	at com.ibm.ws.security.jaspi.JaspiServletFilter.doFilter(JaspiServletFilter.java:56)
	at com.ibm.ws.webcontainer.filter.FilterInstanceWrapper.doFilter(FilterInstanceWrapper.java:201)
	at com.ibm.ws.webcontainer.filter.WebAppFilterChain.doFilter(WebAppFilterChain.java:91)
	at com.ibm.ws.webcontainer.filter.WebAppFilterManager.doFilter(WebAppFilterManager.java:1002)
	at com.ibm.ws.webcontainer.filter.WebAppFilterManager.invokeFilters(WebAppFilterManager.java:1140)
	at com.ibm.ws.webcontainer.webapp.WebApp.handleRequest(WebApp.java:5049)
	at com.ibm.ws.webcontainer.osgi.DynamicVirtualHost$2.handleRequest(DynamicVirtualHost.java:314)
	at com.ibm.ws.webcontainer.WebContainer.handleRequest(WebContainer.java:1007)
	at com.ibm.ws.webcontainer.osgi.DynamicVirtualHost$2.run(DynamicVirtualHost.java:279)
	at com.ibm.ws.http.dispatcher.internal.channel.HttpDispatcherLink$TaskWrapper.run(HttpDispatcherLink.java:1159)
	at com.ibm.ws.http.dispatcher.internal.channel.HttpDispatcherLink.wrapHandlerAndExecute(HttpDispatcherLink.java:428)
	at com.ibm.ws.http.dispatcher.internal.channel.HttpDispatcherLink.ready(HttpDispatcherLink.java:387)
	at com.ibm.ws.http.channel.internal.inbound.HttpInboundLink.handleDiscrimination(HttpInboundLink.java:566)
	at com.ibm.ws.http.channel.internal.inbound.HttpInboundLink.handleNewRequest(HttpInboundLink.java:500)
	at com.ibm.ws.http.channel.internal.inbound.HttpInboundLink.processRequest(HttpInboundLink.java:360)
	at com.ibm.ws.http.channel.internal.inbound.HttpInboundLink.ready(HttpInboundLink.java:327)
	at com.ibm.ws.http.channel.h2internal.H2StreamProcessor$Http2Ready.run(H2StreamProcessor.java:1789)
	at com.ibm.ws.threading.internal.ExecutorServiceImpl$RunnableWrapper.run(ExecutorServiceImpl.java:238)
	at java.base/java.util.concurrent.ThreadPoolExecutor.runWorker(ThreadPoolExecutor.java:1128)
	at java.base/java.util.concurrent.ThreadPoolExecutor$Worker.run(ThreadPoolExecutor.java:628)
	at java.base/java.lang.Thread.run(Thread.java:829)
Caused by: java.lang.Error: Unresolved compilation problem: 
	Syntax error, insert ";" to complete Statement

	at edu.oswego.rest.sociallogin.HelloServlet.doGet(HelloServlet.java:103)
	at javax.servlet.http.HttpServlet.service(HttpServlet.java:686)
	at javax.servlet.http.HttpServlet.service(HttpServlet.java:791)
	at com.ibm.ws.webcontainer.servlet.ServletWrapper.service(ServletWrapper.java:1258)
	... 25 more

Dump of callerThis
Object type = com.ibm.ws.webcontainer.filter.WebAppFilterChain
  _filters = class java.util.ArrayList@2ab4a8b6
    serialVersionUID = "/* Could not access serialVersionUID */"
    DEFAULT_CAPACITY = "/* Could not access DEFAULT_CAPACITY */"
    EMPTY_ELEMENTDATA = "/* Could not access EMPTY_ELEMENTDATA */"
    DEFAULTCAPACITY_EMPTY_ELEMENTDATA = "/* Could not access DEFAULTCAPACITY_EMPTY_ELEMENTDATA */"
    elementData = "/* Could not access elementData */"
    size = "/* Could not access size */"
    MAX_ARRAY_SIZE = "/* Could not access MAX_ARRAY_SIZE */"
    modCount = "/* Could not access modCount */"
    MAX_ARRAY_SIZE = "/* Could not access MAX_ARRAY_SIZE */"
  _currentFilterIndex = 1
  _numberOfFilters = 1
  requestProcessor = class com.ibm.ws.webcontainer.osgi.servlet.ServletWrapper@6eff4a33
    serialVersionUID = 1
    _mo = class com.ibm.ws.cdi.impl.managedobject.CDIManagedObject@3a61a8d7
      tc = class com.ibm.websphere.ras.TraceComponent@29534576
      managedObject = class edu.oswego.rest.sociallogin.HelloServlet@3bd9ad9f
      creationalContext = class org.jboss.weld.contexts.CreationalContextImpl@13c23163
      injectionTarget = class org.jboss.weld.injection.producer.BeanInjectionTarget@7283cea1
      lifecycleManaged = true
      beanScope = null
      identity = "edu.oswego.rest.sociallogin.HelloServlet@3bd9ad9f"
      websphereInjectionServices = class com.ibm.ws.cdi.impl.weld.injection.WebSphereInjectionServicesImpl@31ee3fb3
      currentInjectionTargets = null
      currentInjectionContext = null
      serialVersionUID = 642874158156701263
    serialVersionUID = -4479626085298397598
    notifyInvocationListeners = false
    UNINITIALIZED_STATE = -1
    AVAILABLE_STATE = 0
    UNAVAILABLE_STATE = 1
    UNAVAILABLE_PERMANENTLY_STATE = 2
    collabHelper = class com.ibm.ws.webcontainer.osgi.collaborator.CollaboratorHelperImpl@43e9846a
    nServicing = class java.util.concurrent.atomic.AtomicInteger@444a2ab1
      serialVersionUID = "/* Could not access serialVersionUID */"
      U = "/* Could not access U */"
      VALUE = "/* Could not access VALUE */"
      value = "/* Could not access value */"
      serialVersionUID = "/* Could not access serialVersionUID */"
    lastAccessTime = 1636040263902
    state = 0
    logger = class com.ibm.ws.logging.internal.WsLogger@240d2d99
      ivCachedResourceBundleName = "com.ibm.ws.webcontainer.resources.Messages"
      ivCachedResourceBundle = class com.ibm.ws.webcontainer.resources.Messages@71858f44
      ivComponent = null
      ivOrganization = null
      ivProduct = null
      ivMinimumLocalizationLevelIntValue = 625
      ivTC = class com.ibm.websphere.ras.TraceComponent@5c107b72
      loggerRegistrationComponent = class java.lang.ThreadLocal@3f43d5ba
      emptyHandlers = "/* Could not access emptyHandlers */"
      offValue = "/* Could not access offValue */"
      SYSTEM_LOGGER_RB_NAME = "/* Could not access SYSTEM_LOGGER_RB_NAME */"
      SYSTEM_BUNDLE = "/* Could not access SYSTEM_BUNDLE */"
      NO_RESOURCE_BUNDLE = "/* Could not access NO_RESOURCE_BUNDLE */"
      config = "/* Could not access config */"
      manager = "/* Could not access manager */"
      name = "/* Could not access name */"
      loggerBundle = "/* Could not access loggerBundle */"
      anonymous = "/* Could not access anonymous */"
      catalog = "/* Could not access catalog */"
      catalogName = "/* Could not access catalogName */"
      catalogLocale = "/* Could not access catalogLocale */"
      treeLock = "/* Could not access treeLock */"
      parent = "/* Could not access parent */"
      kids = "/* Could not access kids */"
      callerModuleRef = "/* Could not access callerModuleRef */"
      isSystemLogger = "/* Could not access isSystemLogger */"
      GLOBAL_LOGGER_NAME = "global"
      global = class java.util.logging.Logger@30bd3bfc
    CLASS_NAME = "com.ibm.ws.webcontainer.servlet.ServletWrapper"
    nls = class com.ibm.ejs.ras.TraceNLS@76c90ee
      resolver = class com.ibm.ws.logging.internal.TraceNLSResolver@41c1cffd
      finder = null
      ivBundleName = "com.ibm.ws.webcontainer.resources.Messages"
      caller = class java.lang.Class@52dcc144
    servletConfig = class com.ibm.ws.webcontainer.servlet.ServletConfig@12e63d10
      logger = class com.ibm.ws.logging.internal.WsLogger@240d2d99
      CLASS_NAME = "com.ibm.ws.webcontainer.servlet.ServletConfig"
      nls = class com.ibm.ejs.ras.TraceNLS@420ea47
      liberty_nls = class com.ibm.ejs.ras.TraceNLS@3e059bc4
      enabled = true
      servletName = "HelloServlet"
      className = "edu.oswego.rest.sociallogin.HelloServlet"
      mappings = class java.util.ArrayList@39b3d684
      startUpWeight = -1
      DEFAULT_STARTUP = -1
      isCachingEnabled = true
      isStatisticsEnabled = true
      isInternal = false
      metaData = class com.ibm.ws.webcontainer.osgi.metadata.WebComponentMetaDataImpl@379a0a36
      singleThreadModelServlet = false
      isJsp = false
      webAppConfig = class com.ibm.ws.webcontainer.osgi.webapp.WebAppConfiguration@4d496dcd
      servletWrapper = class com.ibm.ws.webcontainer.osgi.servlet.ServletWrapper@6eff4a33
      servletClass = null
      servlet = null
      addedToLoadOnStartup = true
      previousWeight = null
      multipartConfig = null
      multipartConfigBaseLocation = null
      runAsRole = null
      servletSecurityElement = class javax.servlet.ServletSecurityElement@34ebbc50
      declareRolesAnnotation = null
      logger = class com.ibm.ws.logging.internal.WsLogger@240d2d99
      CLASS_NAME = "com.ibm.ws.webcontainer.servlet.TargetConfig"
      initParams = null
      fileName = null
      displayName = null
      name = "HelloServlet"
      description = null
      smallIcon = null
      largeIcon = null
      context = class com.ibm.ws.webcontainer40.facade.ServletContextFacade40@7aaefbfb
      className = null
      asyncSupported = false
      _id = "ServletGeneratedId2"
      _attributes = null
      serialVersionUID = 7511545662945734886
      $$$tc$$$ = class com.ibm.websphere.ras.TraceComponent@740930c2
    context = class com.ibm.ws.webcontainer40.osgi.webapp.WebApp40@68ba3402
    target = class edu.oswego.rest.sociallogin.HelloServlet@3bd9ad9f
      CLIENT_ID = "51547256571-4hgvg5mtjrdit2bnaft8k2b5j44e6l3b.apps.googleusercontent.com"
      serialVersionUID = 1
      AcceptedStudents = class java.util.ArrayList@1bcc9fe9
      authenticateUser = class edu.oswego.rest.objects.User@1d43a11
      METHOD_DELETE = "DELETE"
      METHOD_HEAD = "HEAD"
      METHOD_GET = "GET"
      METHOD_OPTIONS = "OPTIONS"
      METHOD_POST = "POST"
      METHOD_PUT = "PUT"
      METHOD_TRACE = "TRACE"
      HEADER_IFMODSINCE = "If-Modified-Since"
      HEADER_LASTMOD = "Last-Modified"
      LSTRING_FILE = "javax.servlet.http.LocalStrings"
      lStrings = class java.util.PropertyResourceBundle@46e01916
      LSTRING_FILE = "javax.servlet.LocalStrings"
      lStrings = class java.util.PropertyResourceBundle@59c313a9
      config = class com.ibm.ws.webcontainer.servlet.ServletConfig@12e63d10
    cacheWrappers = class java.util.ArrayList@2bbef068
      serialVersionUID = "/* Could not access serialVersionUID */"
      DEFAULT_CAPACITY = "/* Could not access DEFAULT_CAPACITY */"
      EMPTY_ELEMENTDATA = "/* Could not access EMPTY_ELEMENTDATA */"
      DEFAULTCAPACITY_EMPTY_ELEMENTDATA = "/* Could not access DEFAULTCAPACITY_EMPTY_ELEMENTDATA */"
      elementData = "/* Could not access elementData */"
      size = "/* Could not access size */"
      MAX_ARRAY_SIZE = "/* Could not access MAX_ARRAY_SIZE */"
      modCount = "/* Could not access modCount */"
      MAX_ARRAY_SIZE = "/* Could not access MAX_ARRAY_SIZE */"
    targetLoader = class com.ibm.ws.classloading.internal.ThreadContextClassLoader@718c14bf
    evtSource = class com.ibm.ws.webcontainer.webapp.WebAppEventSource@a6dd081
    event = class com.ibm.websphere.servlet.event.ServletEvent@66126163
      serialVersionUID = 3906650803920713522
      _servletName = "HelloServlet"
      _servletClassName = "edu.oswego.rest.sociallogin.HelloServlet"
      $$$tc$$$ = class com.ibm.websphere.ras.TraceComponent@47d95a73
      serialVersionUID = 3546927969739289392
      _context = class com.ibm.ws.webcontainer40.facade.ServletContextFacade40@7aaefbfb
      _servletNames = class com.ibm.ws.webcontainer.util.EmptyEnumeration@252b0eec
      $$$tc$$$ = class com.ibm.websphere.ras.TraceComponent@2a46abb7
      serialVersionUID = "/* Could not access serialVersionUID */"
      source = "/* Could not access source */"
    unavailableMessage = null
    unavailableUntil = -1
    isSTM = false
    internalServlet = false
    webAppInvocationCollaborators = null
    platformHelper = class com.ibm.ws.webcontainer.PlatformHelper@51a66af
    webAppNameSpaceCollab = class com.ibm.ws.webcontainer.osgi.collaborator.WebAppNameSpaceCollaboratorImpl@71d3a255
    txCollab = class com.ibm.ws.transaction.services.WebAppTransactionCollaboratorImpl@23ee2f28
    connCollab = class com.ibm.ws.webcontainer.collaborator.ConnectionHandleCollaborator@2637c5a1
      tc = class com.ibm.websphere.ras.TraceComponent@4ab0d965
      threadContext = class com.ibm.ws.threadContext.ThreadContextImpl@45da1a98
    suppressServletExceptionLogging = false
    throwExceptionEnum = class java.util.RegularEnumSet@7a565cbf
      serialVersionUID = "/* Could not access serialVersionUID */"
      elements = "/* Could not access elements */"
      serialPersistentFields = "/* Could not access serialPersistentFields */"
      elementType = "/* Could not access elementType */"
      universe = "/* Could not access universe */"
      MAX_ARRAY_SIZE = "/* Could not access MAX_ARRAY_SIZE */"
    discernUnavailableServlet = false
    reInitServletonInitUnavailableException = true
    destroyServletonServiceUnavailableException = false
    servlet23 = true
    PARAMS_HEAD_TRACE = class java.lang.Class[2]
      Class[0] = class java.lang.Class@5bb523e
      Class[1] = class java.lang.Class@63b27246
    defaultHeadMethodInUse = false
    defaultTraceMethodInUse = false
    checkedForDefaultMethods = null
    defaultTraceRequestBehavior = false
    defaultHeadRequestBehavior = false
    useOriginalRequestState = false
    warningStatusSet = false
    LSTRING_FILE = "javax.servlet.LocalStrings"
    lStrings = class java.util.PropertyResourceBundle@59c313a9
      encoding = "/* Could not access encoding */"
      lookup = "/* Could not access lookup */"
      INITIAL_CACHE_SIZE = "/* Could not access INITIAL_CACHE_SIZE */"
      NONEXISTENT_BUNDLE = "/* Could not access NONEXISTENT_BUNDLE */"
      cacheList = "/* Could not access cacheList */"
      referenceQueue = "/* Could not access referenceQueue */"
      parent = "/* Could not access parent */"
      locale = "/* Could not access locale */"
      name = "/* Could not access name */"
      expired = "/* Could not access expired */"
      cacheKey = "/* Could not access cacheKey */"
      keySet = "/* Could not access keySet */"
      UNKNOWN_FORMAT = "/* Could not access UNKNOWN_FORMAT */"
      TRACE_ON = "/* Could not access TRACE_ON */"
      $assertionsDisabled = "/* Could not access $assertionsDisabled */"
    config = null
  _filtersDefined = true
  logger = class com.ibm.ws.logging.internal.WsLogger@16dabebb
    ivCachedResourceBundleName = null
    ivCachedResourceBundle = null
    ivComponent = null
    ivOrganization = null
    ivProduct = null
    ivMinimumLocalizationLevelIntValue = 625
    ivTC = class com.ibm.websphere.ras.TraceComponent@5fa68df6
      strings[0] = "TraceComponent[com.ibm.ws.webcontainer.filter,class com.ibm.wsspi.webcontainer.logging.LoggerFactory$1,[com.ibm.ws.webcontainer.filter],null,null]"
    loggerRegistrationComponent = class java.lang.ThreadLocal@3f43d5ba
      threadLocalHashCode = "/* Could not access threadLocalHashCode */"
      nextHashCode = "/* Could not access nextHashCode */"
      HASH_INCREMENT = "/* Could not access HASH_INCREMENT */"
    emptyHandlers = "/* Could not access emptyHandlers */"
    offValue = "/* Could not access offValue */"
    SYSTEM_LOGGER_RB_NAME = "/* Could not access SYSTEM_LOGGER_RB_NAME */"
    SYSTEM_BUNDLE = "/* Could not access SYSTEM_BUNDLE */"
    NO_RESOURCE_BUNDLE = "/* Could not access NO_RESOURCE_BUNDLE */"
    config = "/* Could not access config */"
    manager = "/* Could not access manager */"
    name = "/* Could not access name */"
    loggerBundle = "/* Could not access loggerBundle */"
    anonymous = "/* Could not access anonymous */"
    catalog = "/* Could not access catalog */"
    catalogName = "/* Could not access catalogName */"
    catalogLocale = "/* Could not access catalogLocale */"
    treeLock = "/* Could not access treeLock */"
    parent = "/* Could not access parent */"
    kids = "/* Could not access kids */"
    callerModuleRef = "/* Could not access callerModuleRef */"
    isSystemLogger = "/* Could not access isSystemLogger */"
    GLOBAL_LOGGER_NAME = "global"
    global = class java.util.logging.Logger@30bd3bfc
      emptyHandlers = "/* Could not access emptyHandlers */"
      offValue = "/* Could not access offValue */"
      SYSTEM_LOGGER_RB_NAME = "/* Could not access SYSTEM_LOGGER_RB_NAME */"
      SYSTEM_BUNDLE = "/* Could not access SYSTEM_BUNDLE */"
      NO_RESOURCE_BUNDLE = "/* Could not access NO_RESOURCE_BUNDLE */"
      config = "/* Could not access config */"
      manager = "/* Could not access manager */"
      name = "/* Could not access name */"
      loggerBundle = "/* Could not access loggerBundle */"
      anonymous = "/* Could not access anonymous */"
      catalog = "/* Could not access catalog */"
      catalogName = "/* Could not access catalogName */"
      catalogLocale = "/* Could not access catalogLocale */"
      treeLock = "/* Could not access treeLock */"
      parent = "/* Could not access parent */"
      kids = "/* Could not access kids */"
      callerModuleRef = "/* Could not access callerModuleRef */"
      isSystemLogger = "/* Could not access isSystemLogger */"
      GLOBAL_LOGGER_NAME = "global"
      global = class java.util.logging.Logger@30bd3bfc
  CLASS_NAME = "com.ibm.ws.webcontainer.filter.WebAppFilterChain"
  webapp = class com.ibm.ws.webcontainer40.osgi.webapp.WebApp40@68ba3402
    tc = class com.ibm.websphere.ras.TraceComponent@54278eaf
      strings[0] = "TraceComponent[com.ibm.ws.webcontainer40.osgi.webapp.WebApp40,class com.ibm.ws.webcontainer40.osgi.webapp.WebApp40,[webcontainer],com.ibm.ws.webcontainer31.resources.Messages,null]"
    servlet40NLS = class com.ibm.ejs.ras.TraceNLS@2487410a
      resolver = class com.ibm.ws.logging.internal.TraceNLSResolver@41c1cffd
      finder = null
      ivBundleName = "com.ibm.ws.webcontainer40.resources.Messages"
      caller = class java.lang.Class@3df79336
    CLASS_NAME = "com.ibm.ws.webcontainer40.osgi.webapp.WebApp40"
    defaultSessionTimeout = 30
    tc = class com.ibm.websphere.ras.TraceComponent@145d9561
      strings[0] = "TraceComponent[com.ibm.ws.webcontainer31.osgi.webapp.WebApp31,class com.ibm.ws.webcontainer31.osgi.webapp.WebApp31,[webcontainer],com.ibm.ws.webcontainer31.resources.Messages,null]"
    CLASS_NAME = "com.ibm.ws.webcontainer31.osgi.webapp.WebApp31"
    servlet31NLS = class com.ibm.ejs.ras.TraceNLS@1f9f4ae6
      resolver = class com.ibm.ws.logging.internal.TraceNLSResolver@41c1cffd
      finder = null
      ivBundleName = "com.ibm.ws.webcontainer31.resources.Messages"
      caller = class java.lang.Class@36bc7327
    validListenerClasses = class java.lang.Class[7]
      Class[0] = class java.lang.Class@55287080
      Class[1] = class java.lang.Class@3e336a6f
      Class[2] = class java.lang.Class@541c760
      Class[3] = class java.lang.Class@602e768e
      Class[4] = class java.lang.Class@7614b67b
      Class[5] = class java.lang.Class@66562d7c
      Class[6] = class java.lang.Class@66bc9e84
    wsocServHandler = null
    tc = class com.ibm.websphere.ras.TraceComponent@1ec9c470
      strings[0] = "TraceComponent[com.ibm.ws.webcontainer.osgi.webapp.WebApp,class com.ibm.ws.webcontainer.osgi.webapp.WebApp,[webcontainer],com.ibm.ws.webcontainer.resources.LShimMessages,null]"
    CLASS_NAME = "com.ibm.ws.webcontainer.osgi.webapp.WebApp"
    metaDataService = class com.ibm.ws.container.service.metadata.internal.MetaDataServiceImpl@3e38ea5c
      applicationMetaDataManager = class com.ibm.ws.container.service.metadata.internal.ApplicationMetaDataManager@647b7203
      moduleMetaDataManager = class com.ibm.ws.container.service.metadata.internal.ModuleMetaDataManager@39753d0d
      componentMetaDataManager = class com.ibm.ws.container.service.metadata.internal.ComponentMetaDataManager@4f2bd43f
      methodMetaDataManager = class com.ibm.ws.container.service.metadata.internal.MethodMetaDataManager@1d18bb0f
      appModuleNameToModuleContainer = class java.util.concurrent.ConcurrentHashMap@22cc29c5
      jeeNameToComponentMetaData = class java.util.concurrent.ConcurrentHashMap@3241f5c4
      deferredMetaDataFactories = class com.ibm.wsspi.kernel.service.utils.ConcurrentServiceReferenceSet@23da459f
      deferredMetaDataInitializers = class com.ibm.wsspi.kernel.service.utils.ConcurrentServiceReferenceMap@7b425228
      serialVersionUID = -2494605732980966097
      $$$tc$$$ = class com.ibm.websphere.ras.TraceComponent@27622994
    namespacePopulated = false
    referenceContext = class com.ibm.ws.injectionengine.osgi.internal.OSGiReferenceContextImpl@2520a97c
      scopeData = class com.ibm.ws.injectionengine.osgi.internal.OSGiInjectionScopeData@71caddb
      serialVersionUID = 521511923892134915
      $$$tc$$$ = class com.ibm.websphere.ras.TraceComponent@2e9e7829
      CLASS_NAME = "com.ibm.ws.injectionengine.ReferenceContextImpl"
      tc = class com.ibm.websphere.ras.TraceComponent@2b4318be
      ivInjectionEngine = class com.ibm.ws.injectionengine.osgi.internal.OSGiInjectionEngineImpl@362231
      ivProviders = class java.util.ArrayList@f126eb0
      ivComponentJavaContext = null
      ivComponentNameSpace = null
      ivJavaColonCompEnvMap = class java.util.LinkedHashMap@70de9b6c
      ivEjbContext10 = class java.util.Properties@50fa23d4
      ivResourceRefConfigList = class com.ibm.ws.resource.internal.ResourceRefConfigListImpl@1614a874
      isAlreadyProcessed = true
      ivProcessFailure = null
      ivInjectionTargetMap = class java.util.concurrent.ConcurrentHashMap@a6f33e8
      svInjTarMapCacheSize = 256
      ivDeclaredInjectionTargets = class java.util.HashMap@eeedc32
      ivProcessedInjectionClasses = class java.util.HashSet@f8bbab8
      svInjClassMapCacheSize = 512
      ivProcessedInjectionBindings = class java.util.LinkedHashSet@3ceff435
      ivAnyProcessDynamic = true
      ivCheckAppConfig = false
    j2eeNameFactory = class com.ibm.ws.container.service.metadata.internal.J2EENameFactoryImpl@3a88fb35
      serialVersionUID = 3486344295038028821
      $$$tc$$$ = class com.ibm.websphere.ras.TraceComponent@7edcd042
    moduleLoader = class com.ibm.ws.classloading.internal.AppClassLoader@3ffae671
      tc = class com.ibm.websphere.ras.TraceComponent@4abca386
      disableSharedClassesCache = false
      PARENT_FIRST_SEARCH_ORDER = class java.util.Collections$UnmodifiableRandomAccessList@3d556dae
      packagesDefined = class java.util.Collections$SetFromMap@275e798c
      CLASS_LOADING_TRACE_PREFIX = "com.ibm.ws.class.load."
      DEFAULT_PACKAGE = "default.package"
      perPackageClassLoadingTraceComponents = class java.util.concurrent.ConcurrentHashMap@e199f5f
      config = class com.ibm.ws.classloading.internal.ClassLoaderConfigurationImpl@414a700d
      privateLibraries = null
      delegateLoaders = class com.ibm.ws.classloading.internal.util.CompositeIterable@57e45d97
      nativeLibraryFiles = class java.util.ArrayList@322ccfe
      transformers = class java.util.ArrayList@410358a2
      apiAccess = class com.ibm.ws.classloading.internal.GatewayClassLoader@745157c3
      generator = class com.ibm.ws.classloading.internal.ClassGeneratorManager@53db8297
      protectionDomains = class java.util.concurrent.ConcurrentHashMap@2626659e
      parent = class com.ibm.ws.classloading.internal.GatewayClassLoader@745157c3
      hook = null
      serialVersionUID = 8734164900246230615
      tc = class com.ibm.websphere.ras.TraceComponent@3fbd9fa4
      smartClassPath = class com.ibm.ws.classloading.internal.ContainerClassLoader$SmartClassPathImpl@33f60898
      nativeLibraryContainers = class java.util.ArrayList@686b800c
      redefiner = class com.ibm.ws.classloading.internal.util.ClassRedefiner@672b78ac
      jarProtocol = "wsjar:"
      mapCreationQueue = class java.util.concurrent.Executors$FinalizableDelegatedExecutorService@72b4fb42
      serialVersionUID = 6399598832433768509
      serialVersionUID = 1837293532091806117
      $$$tc$$$ = class com.ibm.websphere.ras.TraceComponent@6d18f884
      serialVersionUID = -4586727107834513475
      $$$tc$$$ = class com.ibm.websphere.ras.TraceComponent@3867621a
      serialVersionUID = -7709588811276454856
      $$$tc$$$ = class com.ibm.websphere.ras.TraceComponent@bc40983
      initialized = "/* Could not access initialized */"
      pdcache = "/* Could not access pdcache */"
      parent = "/* Could not access parent */"
      name = "/* Could not access name */"
      unnamedModule = "/* Could not access unnamedModule */"
      nameAndId = "/* Could not access nameAndId */"
      parallelLockMap = "/* Could not access parallelLockMap */"
      package2certs = "/* Could not access package2certs */"
      nocerts = "/* Could not access nocerts */"
      classes = "/* Could not access classes */"
      defaultDomain = "/* Could not access defaultDomain */"
      packages = "/* Could not access packages */"
      scl = "/* Could not access scl */"
      usr_paths = "/* Could not access usr_paths */"
      sys_paths = "/* Could not access sys_paths */"
      loadedLibraryNames = "/* Could not access loadedLibraryNames */"
      systemNativeLibraries = "/* Could not access systemNativeLibraries */"
      nativeLibraries = "/* Could not access nativeLibraries */"
      assertionLock = "/* Could not access assertionLock */"
      defaultAssertionStatus = "/* Could not access defaultAssertionStatus */"
      packageAssertionStatus = "/* Could not access packageAssertionStatus */"
      classAssertionStatus = "/* Could not access classAssertionStatus */"
      classLoaderValueMap = "/* Could not access classLoaderValueMap */"
      $assertionsDisabled = "/* Could not access $assertionsDisabled */"
    webAppConfig = class com.ibm.ws.webcontainer.osgi.webapp.WebAppConfiguration@4d496dcd
      webModuleMetaData = class com.ibm.ws.webcontainer.osgi.metadata.WebModuleMetaDataImpl@4a9b58b5
      webComponentMetaData = class com.ibm.ws.webcontainer.osgi.metadata.WebComponentMetaDataImpl@3f920f84
      dVirtualHost = class com.ibm.ws.webcontainer.osgi.DynamicVirtualHost@30ac233d
      orderedLibPaths = class java.util.Collections$UnmodifiableRandomAccessList@58aa16a6
      bundleHeaders = null
      cdiEnabled = true
      CLASS_NAME = "com.ibm.ws.webcontainer.webapp.WebAppConfiguration"
      logger = class com.ibm.ws.logging.internal.WsLogger@664553ba
      tc = class com.ibm.websphere.ras.TraceComponent@6408b01b
      nls = class com.ibm.ejs.ras.TraceNLS@1b43e6bb
      version = 31
      contextRoot = "/api"
      isDefaultContextRootUsed = false
      sessionTimeout = 0
      moduleSessionTimeoutSet = false
      moduleSessionTrackingModeSet = false
      sessionCookieConfig = class com.ibm.ws.session.SessionCookieConfigImpl@7c0c990a
      hasProgrammaticCookieConfig = false
      sessionDefaultTrackingModeSet = class java.util.RegularEnumSet@6eb50d65
      sessionManagerConfig = class com.ibm.ws.session.SessionManagerConfig@4174d118
      displayName = "Hello Servlet"
      description = null
      reloadInterval = 0
      distributable = false
      denyUncoveredHttpMethods = false
      reloadingEnabled = false
      serveServletsByClassnameEnabled = false
      defaultErrorPage = null
      additionalClassPath = null
      fileServingEnabled = null
      directoryBrowsingEnabled = false
      autoRequestEncoding = false
      autoResponseEncoding = false
      autoLoadFilters = false
      requestListeners = null
      requestAttributeListeners = null
      sessionListeners = null
      localeMap = null
      moduleName = "guide-social-login"
      j2eeModuleName = "guide-social-login.war"
      moduleId = null
      isSyncToThreadEnabled = false
      encodeDispatchedRequestURI = false
      isSystemApp = false
      ardEnabled = false
      ardDispatchType = null
      listeners = class java.util.ArrayList@450681b3
      welcomeFileList = class java.util.ArrayList@5dda94d0
      servletMappings = class java.util.HashMap@1b42742b
      lastIndexBeforeDeclaredFilters = 1
      filterMappings = class java.util.ArrayList@7cd98a4a
      servletInfo = class java.util.concurrent.ConcurrentHashMap@d23877b
      filterInfo = class java.util.HashMap@456ee1b
      mimeMappings = class java.util.HashMap@c3d2196
      mimeFilters = null
      isMimeFilteringEnabled = false
      theWebGroup = null
      jspAttributes = class java.util.HashMap@3c866181
      fileServingAttributes = class java.util.HashMap@2d8f3135
      invokerAttributes = class java.util.HashMap@1e1a34a9
      contextParams = class java.util.HashMap@7b4e976d
      virtualHost = "default_host"
      exceptionErrorPages = class java.util.HashMap@744b7bec
      codeErrorPages = class java.util.HashMap@2099fac9
      tagLibList = null
      precompileJsps = false
      webApp = class com.ibm.ws.webcontainer40.osgi.webapp.WebApp40@68ba3402
      virtualHostList = class java.util.Collections$EmptyList@6fe93d0f
      appStartupWeight = 0
      moduleStartupWeight = 0
      metaDataComplete = false
      classesToScan = class java.util.ArrayList@60132a60
      uriFilterMappingInfos = class java.util.ArrayList@4f28b995
      servletFilterMappingInfos = null
      dynamicServletRegistrationMap = null
      applicationName = "guide-social-login"
      libBinPathList = class java.util.ArrayList@20884d0b
      webXmlDefinedListeners = class java.util.HashSet@62f1d50
      allRefs = class java.util.EnumMap@7f1677df
      allRefBindings = class java.util.EnumMap@75f88db9
      envEntryValues = class java.util.HashMap@17fa7618
      resourceRefConfigList = null
      disallowAllFileServingProp = "false"
      disallowServeServletsByClassnameProp = "true"
      disableStaticMappingCache = false
      jspCachedLocations = class java.util.HashMap@69413c2a
      primedSTSHeader = "NoValue"
      enablemultireadofpostdata = false
      requestEncoding = null
      responseEncoding = null
      NULLSERVLETNAME = "com.ibm.ws.webcontainer.NullServletName"
      _id = "WebAppGeneratedId4"
      _attributes = null
      serialVersionUID = 7511545662945734886
      $$$tc$$$ = class com.ibm.websphere.ras.TraceComponent@740930c2
    extensionProcessingDisabled = false
    managedObjectService = class com.ibm.ws.cdi.impl.managedobject.CDIManagedObjectService@34da1432
      cdiServiceRef = class com.ibm.wsspi.kernel.service.utils.AtomicServiceReference@3803ce84
      defaultMOSRef = class com.ibm.wsspi.kernel.service.utils.AtomicServiceReference@551f395
      cdiRuntime = class com.ibm.ws.cdi.liberty.CDIRuntimeImpl@74d6a81d
      serialVersionUID = 6431825704414919683
      $$$tc$$$ = class com.ibm.websphere.ras.TraceComponent@7b78af5
    internalServletMetaData = interface com.ibm.wsspi.webcontainer.metadata.WebComponentMetaData[2]
      WebComponentMetaData[0] = null
      WebComponentMetaData[1] = null
    loginProcessor = null
    logoutProcessor = null
    collabHelper = class com.ibm.ws.webcontainer.osgi.collaborator.CollaboratorHelperImpl@43e9846a
      webAppInvCollabs = class java.util.Collections$UnmodifiableSet@93ad0de
      securityDomainForApp = null
      logger = class com.ibm.ws.logging.internal.WsLogger@57412f4d
      staticDefaultSecurityCollaborator = class com.ibm.ws.webcontainer.collaborator.WebAppSecurityCollaborator@165e3057
      logger = class com.ibm.ws.logging.internal.WsLogger@59afbb46
      CLASS_NAME = "com.ibm.wsspi.webcontainer.collaborator.CollaboratorHelper"
      webApp = class com.ibm.ws.webcontainer40.osgi.webapp.WebApp40@68ba3402
      securityCollaborator = class com.ibm.ws.webcontainer.security.WebAppSecurityCollaboratorImpl@6cc3c8d
      nameSpaceCollaborator = class com.ibm.ws.webcontainer.osgi.collaborator.WebAppNameSpaceCollaboratorImpl@71d3a255
      transactionCollaborator = class com.ibm.ws.transaction.services.WebAppTransactionCollaboratorImpl@23ee2f28
      connectionCollaborator = class com.ibm.ws.webcontainer.collaborator.ConnectionHandleCollaborator@2637c5a1
      allCollabEnum = class java.util.RegularEnumSet@5829405e
      servlet_23_or_greater = true
      DEFER_SERVLET_REQUEST_LISTENER_DESTROY_ON_ERROR = false
    envObject = class com.ibm.ws.util.WSThreadLocal@546913ca
      tc = class com.ibm.ejs.ras.TraceComponent@1b19266b
      count = 10
      index = 2
      SUSPECTED_MISUSAGE_THRESHOLD = 200
      threadLocalHashCode = "/* Could not access threadLocalHashCode */"
      nextHashCode = "/* Could not access nextHashCode */"
      HASH_INCREMENT = "/* Could not access HASH_INCREMENT */"
    orderedLibPaths = class java.util.Collections$UnmodifiableRandomAccessList@58aa16a6
      serialVersionUID = "/* Could not access serialVersionUID */"
      serialVersionUID = "/* Could not access serialVersionUID */"
      list = "/* Could not access list */"
      serialVersionUID = "/* Could not access serialVersionUID */"
      c = "/* Could not access c */"
    perm = class com.ibm.websphere.security.WebSphereRuntimePermission@69004024
      serialVersionUID = -3306242789188168337
      $$$tc$$$ = class com.ibm.websphere.ras.TraceComponent@62ec9809
      serialVersionUID = "/* Could not access serialVersionUID */"
      wildcard = "/* Could not access wildcard */"
      path = "/* Could not access path */"
      exitVM = "/* Could not access exitVM */"
      serialVersionUID = "/* Could not access serialVersionUID */"
      name = "/* Could not access name */"
    WELCOME_FILE_LIST = "com.ibm.ws.webcontainer.config.WelcomeFileList"
    DIR_BROWSING_MAPPING = "__dirBrowsing__1636039793142"
    FILTER_PROXY_MAPPING = "/__filterProxy__1636039793142"
    logger = class com.ibm.ws.logging.internal.WsLogger@664553ba
      ivCachedResourceBundleName = null
      ivCachedResourceBundle = null
      ivComponent = null
      ivOrganization = null
      ivProduct = null
      ivMinimumLocalizationLevelIntValue = 625
      ivTC = class com.ibm.websphere.ras.TraceComponent@72481b7
      loggerRegistrationComponent = class java.lang.ThreadLocal@3f43d5ba
      emptyHandlers = "/* Could not access emptyHandlers */"
      offValue = "/* Could not access offValue */"
      SYSTEM_LOGGER_RB_NAME = "/* Could not access SYSTEM_LOGGER_RB_NAME */"
      SYSTEM_BUNDLE = "/* Could not access SYSTEM_BUNDLE */"
      NO_RESOURCE_BUNDLE = "/* Could not access NO_RESOURCE_BUNDLE */"
      config = "/* Could not access config */"
      manager = "/* Could not access manager */"
      name = "/* Could not access name */"
      loggerBundle = "/* Could not access loggerBundle */"
      anonymous = "/* Could not access anonymous */"
      catalog = "/* Could not access catalog */"
      catalogName = "/* Could not access catalogName */"
      catalogLocale = "/* Could not access catalogLocale */"
      treeLock = "/* Could not access treeLock */"
      parent = "/* Could not access parent */"
      kids = "/* Could not access kids */"
      callerModuleRef = "/* Could not access callerModuleRef */"
      isSystemLogger = "/* Could not access isSystemLogger */"
      GLOBAL_LOGGER_NAME = "global"
      global = class java.util.logging.Logger@30bd3bfc
    CLASS_NAME = "com.ibm.ws.webcontainer.webapp.WebApp"
    loader = class com.ibm.ws.classloading.internal.ThreadContextClassLoader@718c14bf
      tc = class com.ibm.websphere.ras.TraceComponent@2877b62d
      bundle = class java.util.concurrent.atomic.AtomicReference@11cbcd38
      key = "WebModule:guide-social-login#guide-social-login.war"
      refCount = class java.util.concurrent.atomic.AtomicInteger@470d44c0
      appLoader = class com.ibm.ws.classloading.internal.AppClassLoader@3ffae671
      clSvc = class com.ibm.ws.classloading.internal.ClassLoadingServiceImpl@47f5970b
      serialVersionUID = 846416563800781557
      tc = class com.ibm.websphere.ras.TraceComponent@1c62bd43
      followOnClassLoaders = class java.util.ArrayList@1a8f65e7
      serialVersionUID = 8829649920524275888
      serialVersionUID = -4586727107834513475
      $$$tc$$$ = class com.ibm.websphere.ras.TraceComponent@3867621a
      serialVersionUID = -7709588811276454856
      $$$tc$$$ = class com.ibm.websphere.ras.TraceComponent@bc40983
      initialized = "/* Could not access initialized */"
      pdcache = "/* Could not access pdcache */"
      parent = "/* Could not access parent */"
      name = "/* Could not access name */"
      unnamedModule = "/* Could not access unnamedModule */"
      nameAndId = "/* Could not access nameAndId */"
      parallelLockMap = "/* Could not access parallelLockMap */"
      package2certs = "/* Could not access package2certs */"
      nocerts = "/* Could not access nocerts */"
      classes = "/* Could not access classes */"
      defaultDomain = "/* Could not access defaultDomain */"
      packages = "/* Could not access packages */"
      scl = "/* Could not access scl */"
      usr_paths = "/* Could not access usr_paths */"
      sys_paths = "/* Could not access sys_paths */"
      loadedLibraryNames = "/* Could not access loadedLibraryNames */"
      systemNativeLibraries = "/* Could not access systemNativeLibraries */"
      nativeLibraries = "/* Could not access nativeLibraries */"
      assertionLock = "/* Could not access assertionLock */"
      defaultAssertionStatus = "/* Could not access defaultAssertionStatus */"
      packageAssertionStatus = "/* Could not access packageAssertionStatus */"
      classAssertionStatus = "/* Could not access classAssertionStatus */"
      classLoaderValueMap = "/* Could not access classLoaderValueMap */"
      $assertionsDisabled = "/* Could not access $assertionsDisabled */"
    facade = class com.ibm.ws.webcontainer40.facade.ServletContextFacade40@7aaefbfb
      context = class com.ibm.ws.webcontainer40.osgi.webapp.WebApp40@68ba3402
    features = class java.util.ArrayList@7239dd2e
      serialVersionUID = "/* Could not access serialVersionUID */"
      DEFAULT_CAPACITY = "/* Could not access DEFAULT_CAPACITY */"
      EMPTY_ELEMENTDATA = "/* Could not access EMPTY_ELEMENTDATA */"
      DEFAULTCAPACITY_EMPTY_ELEMENTDATA = "/* Could not access DEFAULTCAPACITY_EMPTY_ELEMENTDATA */"
      elementData = "/* Could not access elementData */"
      size = "/* Could not access size */"
      MAX_ARRAY_SIZE = "/* Could not access MAX_ARRAY_SIZE */"
      modCount = "/* Could not access modCount */"
      MAX_ARRAY_SIZE = "/* Could not access MAX_ARRAY_SIZE */"
    applicationName = "guide-social-login"
    config = class com.ibm.ws.webcontainer.osgi.webapp.WebAppConfiguration@4d496dcd
    securityEnabledForApp = true
    webExtensionProcessor = class com.ibm.ws.webcontainer.osgi.extension.WebExtensionProcessor@1953b22d
      webApp = class com.ibm.ws.webcontainer40.osgi.webapp.WebApp40@68ba3402
      extensionContext = class com.ibm.ws.webcontainer40.osgi.webapp.WebApp40@68ba3402
    production = true
    isServlet23 = true
    contextPath = "/api"
    internalServletList = class [Ljava.lang.String;[2]
      String[][0] = class java.lang.String[2]
      String[][1] = class java.lang.String[2]
    BY_NAME_ONLY = "/_1636040262812_/"
    filterManager = class com.ibm.ws.webcontainer.osgi.filter.WebAppFilterManagerImpl@58bba24e
      _filterWrappers = class java.util.Hashtable@38d03003
      chainCache = class java.util.Collections$SynchronizedMap@62be0d06
      forwardChainCache = class java.util.Collections$SynchronizedMap@29a41572
      includeChainCache = class java.util.Collections$SynchronizedMap@548522c4
      errorChainCache = class java.util.Collections$SynchronizedMap@6d6c507f
      _filtersDefined = true
      FMI_MAPPING_SINGLE_SLASH = 0
      FMI_MAPPING_PATH_MATCH = 1
      FMI_MAPPING_EXTENSION_MATCH = 2
      FMI_MAPPING_EXACT_MATCH = 3
      logger = class com.ibm.ws.logging.internal.WsLogger@16dabebb
      CLASS_NAME = "com.ibm.ws.webcontainer.filter.WebAppFilterManager"
      nls = class com.ibm.ejs.ras.TraceNLS@7fa8a6e9
      webAppConfig = class com.ibm.ws.webcontainer.osgi.webapp.WebAppConfiguration@4d496dcd
      webApp = class com.ibm.ws.webcontainer40.osgi.webapp.WebApp40@68ba3402
      collabHelper = class com.ibm.ws.webcontainer.osgi.collaborator.CollaboratorHelperImpl@43e9846a
      secCollab = class com.ibm.ws.webcontainer.security.WebAppSecurityCollaboratorImpl@6cc3c8d
      sessionSecurityIntegrationEnabled = true
      assumeFilterSuccessOnSecurityError = false
      useOriginalRequestState = false
      _evtSource = class com.ibm.ws.webcontainer.webapp.WebAppEventSource@a6dd081
      defaultComponentMetaData = class com.ibm.ws.webcontainer.osgi.metadata.WebComponentMetaDataImpl@3f920f84
      DEFER_SERVLET_REQUEST_LISTENER_DESTROY_ON_ERROR = false
    documentRoot = null
    SERVLET_API_VERSION = "Servlet 2.5"
    disableServletAuditLogging = -1
    serverInfo = "IBM WebSphere Liberty/21.0.0.11"
    sessionCtx = class com.ibm.ws.webcontainer31.session.impl.HttpSessionContext31Impl@6091d0b7
      methodClassName = "HttpSessionContextImpl"
      _smc = class com.ibm.ws.session.SessionManagerConfig@4174d118
      sessionStoreService = null
      _sap = class com.ibm.ws.session.SessionApplicationParameters@5d5402de
      _coreHttpSessionManager = class com.ibm.ws.session.SessionManager@4118ac20
      _coreHttpAppSessionManager = null
      _sam = class com.ibm.ws.webcontainer.session.impl.SessionAffinityManagerImpl@34883236
      isSIPApplication = false
      sessionAttributeListener = false
      sessionListener = true
      mHttpSessionAttributeListeners = class java.util.ArrayList@39094742
      mHttpSessionListeners = class java.util.ArrayList@44b6e04f
      mHttpSessionIdListeners = class java.util.ArrayList@40cb3d55
      mHttpSessionAttributeListenersJ2eeNames = class java.util.ArrayList@3527aef8
      mHttpSessionListenersJ2eeNames = class java.util.ArrayList@46e7dc49
      mHttpSessionIdListenersJ2eeNames = class java.util.ArrayList@35a0f842
      mLocalHost = null
      _refCount = 1
      currentThreadSacHashtable = null
      methodClassName = "SessionContext"
      ANONYMOUS_USER = "anonymous"
      wasHttpSessionObserver = class com.ibm.ws.session.WasHttpSessionObserver@2c985a36
      wasHttpSessionAttributeObserver = null
      _invalidator = class com.ibm.ws.session.SessionInvalidatorWithThreadPool@24407133
      _storer = class com.ibm.ws.session.EOSSessionStorer@5c3de466
      wasHttpAppSessionObserver = null
      mHttpAppSessionListeners = null
      cmvcInfo = "CMVC Version 1.9 6/24/07 11:12:24"
      _loggedVersion = true
      CREATE_CORE_SESSION_MANAGER = 0
      GET_REQUESTED_SESSION_ID = 1
      GET_IHTTP_SESSION = 2
      SESSION_PRE_INVOKE = 3
      SESSION_POST_INVOKE = 4
      STOP = 5
      STOP_LISTENERS = 6
      IS_VALID = 7
      ENCODE_URL = 8
      SHOULD_ENCODE_URL = 9
      IS_PROTOCOL_SWITCH = 10
      GET_LOCAL_HOST = 11
      ADD_HTTP_SESSION_ATTRIBUTE_LISTENER = 12
      ADD_HTTP_SESSION_LISTENER = 13
      GET_SESSION_AFFINITY_CONTEXT = 14
      CHECK_SECURITY = 15
      INVALIDATE = 16
      CHECK_SESSSIONID_IS_RIGHT_LENGTH = 17
      LOCK_SESSION = 18
      UNLOCK_SESSION = 19
      ADD_HTTP_SESSION_ID_LISTENER = 20
      methodNames = class java.lang.String[21]
    eventSource = class com.ibm.ws.webcontainer.webapp.WebAppEventSource@a6dd081
      _invocationListeners = class com.ibm.ws.webcontainer.util.EventListeners@1dec77bd
      _servletListeners = class com.ibm.ws.webcontainer.util.EventListeners@3bbded6a
      _errorListeners = class com.ibm.ws.webcontainer.util.EventListeners@317a7cd3
      _applicationListeners = class com.ibm.ws.webcontainer.util.EventListeners@70adaca1
      _filterInvocationListeners = class com.ibm.ws.webcontainer.util.EventListeners@e826c96
      _filterListeners = class com.ibm.ws.webcontainer.util.EventListeners@5a800691
      _filterErrorListeners = class com.ibm.ws.webcontainer.util.EventListeners@38fe65f6
    nls = class com.ibm.ejs.ras.TraceNLS@f41ba50
      resolver = class com.ibm.ws.logging.internal.TraceNLSResolver@41c1cffd
      finder = null
      ivBundleName = "com.ibm.ws.webcontainer.resources.Messages"
      caller = class java.lang.Class@3a383b8c
    liberty_nls = class com.ibm.ejs.ras.TraceNLS@556ace66
      resolver = class com.ibm.ws.logging.internal.TraceNLSResolver@41c1cffd
      finder = null
      ivBundleName = "com.ibm.ws.webcontainer.resources.LShimMessages"
      caller = class java.lang.Class@3a383b8c
    error_nls = class com.ibm.ejs.ras.TraceNLS@3b90b814
      resolver = class com.ibm.ws.logging.internal.TraceNLSResolver@41c1cffd
      finder = null
      ivBundleName = "com.ibm.ws.webcontainer.resources.ErrorPage"
      caller = class java.lang.Class@3a383b8c
    sessionListeners = class java.util.ArrayList@5f9d9e3f
      serialVersionUID = "/* Could not access serialVersionUID */"
      DEFAULT_CAPACITY = "/* Could not access DEFAULT_CAPACITY */"
      EMPTY_ELEMENTDATA = "/* Could not access EMPTY_ELEMENTDATA */"
      DEFAULTCAPACITY_EMPTY_ELEMENTDATA = "/* Could not access DEFAULTCAPACITY_EMPTY_ELEMENTDATA */"
      elementData = "/* Could not access elementData */"
      size = "/* Could not access size */"
      MAX_ARRAY_SIZE = "/* Could not access MAX_ARRAY_SIZE */"
      modCount = "/* Could not access modCount */"
      MAX_ARRAY_SIZE = "/* Could not access MAX_ARRAY_SIZE */"
    sessionIdListeners = class java.util.ArrayList@5d0c3ca6
      serialVersionUID = "/* Could not access serialVersionUID */"
      DEFAULT_CAPACITY = "/* Could not access DEFAULT_CAPACITY */"
      EMPTY_ELEMENTDATA = "/* Could not access EMPTY_ELEMENTDATA */"
      DEFAULTCAPACITY_EMPTY_ELEMENTDATA = "/* Could not access DEFAULTCAPACITY_EMPTY_ELEMENTDATA */"
      elementData = "/* Could not access elementData */"
      size = "/* Could not access size */"
      MAX_ARRAY_SIZE = "/* Could not access MAX_ARRAY_SIZE */"
      modCount = "/* Could not access modCount */"
      MAX_ARRAY_SIZE = "/* Could not access MAX_ARRAY_SIZE */"
    sessionAttrListeners = class java.util.ArrayList@5e16d09f
      serialVersionUID = "/* Could not access serialVersionUID */"
      DEFAULT_CAPACITY = "/* Could not access DEFAULT_CAPACITY */"
      EMPTY_ELEMENTDATA = "/* Could not access EMPTY_ELEMENTDATA */"
      DEFAULTCAPACITY_EMPTY_ELEMENTDATA = "/* Could not access DEFAULTCAPACITY_EMPTY_ELEMENTDATA */"
      elementData = "/* Could not access elementData */"
      size = "/* Could not access size */"
      MAX_ARRAY_SIZE = "/* Could not access MAX_ARRAY_SIZE */"
      modCount = "/* Could not access modCount */"
      MAX_ARRAY_SIZE = "/* Could not access MAX_ARRAY_SIZE */"
    addedSessionListeners = class java.util.ArrayList@60789351
      serialVersionUID = "/* Could not access serialVersionUID */"
      DEFAULT_CAPACITY = "/* Could not access DEFAULT_CAPACITY */"
      EMPTY_ELEMENTDATA = "/* Could not access EMPTY_ELEMENTDATA */"
      DEFAULTCAPACITY_EMPTY_ELEMENTDATA = "/* Could not access DEFAULTCAPACITY_EMPTY_ELEMENTDATA */"
      elementData = "/* Could not access elementData */"
      size = "/* Could not access size */"
      MAX_ARRAY_SIZE = "/* Could not access MAX_ARRAY_SIZE */"
      modCount = "/* Could not access modCount */"
      MAX_ARRAY_SIZE = "/* Could not access MAX_ARRAY_SIZE */"
    addedSessionAttrListeners = class java.util.ArrayList@53a79507
      serialVersionUID = "/* Could not access serialVersionUID */"
      DEFAULT_CAPACITY = "/* Could not access DEFAULT_CAPACITY */"
      EMPTY_ELEMENTDATA = "/* Could not access EMPTY_ELEMENTDATA */"
      DEFAULTCAPACITY_EMPTY_ELEMENTDATA = "/* Could not access DEFAULTCAPACITY_EMPTY_ELEMENTDATA */"
      elementData = "/* Could not access elementData */"
      size = "/* Could not access size */"
      MAX_ARRAY_SIZE = "/* Could not access MAX_ARRAY_SIZE */"
      modCount = "/* Could not access modCount */"
      MAX_ARRAY_SIZE = "/* Could not access MAX_ARRAY_SIZE */"
    servletContextListeners = class java.util.ArrayList@6f726ad9
      serialVersionUID = "/* Could not access serialVersionUID */"
      DEFAULT_CAPACITY = "/* Could not access DEFAULT_CAPACITY */"
      EMPTY_ELEMENTDATA = "/* Could not access EMPTY_ELEMENTDATA */"
      DEFAULTCAPACITY_EMPTY_ELEMENTDATA = "/* Could not access DEFAULTCAPACITY_EMPTY_ELEMENTDATA */"
      elementData = "/* Could not access elementData */"
      size = "/* Could not access size */"
      MAX_ARRAY_SIZE = "/* Could not access MAX_ARRAY_SIZE */"
      modCount = "/* Could not access modCount */"
      MAX_ARRAY_SIZE = "/* Could not access MAX_ARRAY_SIZE */"
    servletContextLAttrListeners = class java.util.ArrayList@708cd80
      serialVersionUID = "/* Could not access serialVersionUID */"
      DEFAULT_CAPACITY = "/* Could not access DEFAULT_CAPACITY */"
      EMPTY_ELEMENTDATA = "/* Could not access EMPTY_ELEMENTDATA */"
      DEFAULTCAPACITY_EMPTY_ELEMENTDATA = "/* Could not access DEFAULTCAPACITY_EMPTY_ELEMENTDATA */"
      elementData = "/* Could not access elementData */"
      size = "/* Could not access size */"
      MAX_ARRAY_SIZE = "/* Could not access MAX_ARRAY_SIZE */"
      modCount = "/* Could not access modCount */"
      MAX_ARRAY_SIZE = "/* Could not access MAX_ARRAY_SIZE */"
    servletRequestListeners = class java.util.ArrayList@234e342b
      serialVersionUID = "/* Could not access serialVersionUID */"
      DEFAULT_CAPACITY = "/* Could not access DEFAULT_CAPACITY */"
      EMPTY_ELEMENTDATA = "/* Could not access EMPTY_ELEMENTDATA */"
      DEFAULTCAPACITY_EMPTY_ELEMENTDATA = "/* Could not access DEFAULTCAPACITY_EMPTY_ELEMENTDATA */"
      elementData = "/* Could not access elementData */"
      size = "/* Could not access size */"
      MAX_ARRAY_SIZE = "/* Could not access MAX_ARRAY_SIZE */"
      modCount = "/* Could not access modCount */"
      MAX_ARRAY_SIZE = "/* Could not access MAX_ARRAY_SIZE */"
    servletRequestLAttrListeners = class java.util.ArrayList@4cae82e8
      serialVersionUID = "/* Could not access serialVersionUID */"
      DEFAULT_CAPACITY = "/* Could not access DEFAULT_CAPACITY */"
      EMPTY_ELEMENTDATA = "/* Could not access EMPTY_ELEMENTDATA */"
      DEFAULTCAPACITY_EMPTY_ELEMENTDATA = "/* Could not access DEFAULTCAPACITY_EMPTY_ELEMENTDATA */"
      elementData = "/* Could not access elementData */"
      size = "/* Could not access size */"
      MAX_ARRAY_SIZE = "/* Could not access MAX_ARRAY_SIZE */"
      modCount = "/* Could not access modCount */"
      MAX_ARRAY_SIZE = "/* Could not access MAX_ARRAY_SIZE */"
    prependSlashToResource = false
    destroyed = false
    webAppNameSpaceCollab = class com.ibm.ws.webcontainer.osgi.collaborator.WebAppNameSpaceCollaboratorImpl@71d3a255
      cmdai = class com.ibm.ws.threadContext.ComponentMetaDataAccessorImpl@25250652
    txCollab = class com.ibm.ws.transaction.services.WebAppTransactionCollaboratorImpl@23ee2f28
      tc = class com.ibm.websphere.ras.TraceComponent@112613a0
      ltCurrentRef = class com.ibm.wsspi.kernel.service.utils.AtomicServiceReference@6ef9318d
      tranMgrRef = class com.ibm.wsspi.kernel.service.utils.AtomicServiceReference@2e31c35
      userTranRef = class com.ibm.wsspi.kernel.service.utils.AtomicServiceReference@4230a87d
      uowCallbackRef = class com.ibm.wsspi.kernel.service.utils.AtomicServiceReference@3c9ea4ae
      serialVersionUID = -8319003162899973281
    sessionActivationListeners = class java.util.ArrayList@1b6f407f
      serialVersionUID = "/* Could not access serialVersionUID */"
      DEFAULT_CAPACITY = "/* Could not access DEFAULT_CAPACITY */"
      EMPTY_ELEMENTDATA = "/* Could not access EMPTY_ELEMENTDATA */"
      DEFAULTCAPACITY_EMPTY_ELEMENTDATA = "/* Could not access DEFAULTCAPACITY_EMPTY_ELEMENTDATA */"
      elementData = "/* Could not access elementData */"
      size = "/* Could not access size */"
      MAX_ARRAY_SIZE = "/* Could not access MAX_ARRAY_SIZE */"
      modCount = "/* Could not access modCount */"
      MAX_ARRAY_SIZE = "/* Could not access MAX_ARRAY_SIZE */"
    sessionBindingListeners = class java.util.ArrayList@1b71f029
      serialVersionUID = "/* Could not access serialVersionUID */"
      DEFAULT_CAPACITY = "/* Could not access DEFAULT_CAPACITY */"
      EMPTY_ELEMENTDATA = "/* Could not access EMPTY_ELEMENTDATA */"
      DEFAULTCAPACITY_EMPTY_ELEMENTDATA = "/* Could not access DEFAULTCAPACITY_EMPTY_ELEMENTDATA */"
      elementData = "/* Could not access elementData */"
      size = "/* Could not access size */"
      MAX_ARRAY_SIZE = "/* Could not access MAX_ARRAY_SIZE */"
      modCount = "/* Could not access modCount */"
      MAX_ARRAY_SIZE = "/* Could not access MAX_ARRAY_SIZE */"
    scratchdir = null
    jspClassLoaderLimit = 0
    jspClassLoaderExclusionList = null
    jspClassLoadersMap = null
    jspClassLoaderLimitTrackIF = false
    defaultExtProc = null
    directoryBrowsingServlet = null
    cdiContexts = class java.util.concurrent.ConcurrentHashMap@775c3818
      serialVersionUID = "/* Could not access serialVersionUID */"
      MAXIMUM_CAPACITY = "/* Could not access MAXIMUM_CAPACITY */"
      DEFAULT_CAPACITY = "/* Could not access DEFAULT_CAPACITY */"
      MAX_ARRAY_SIZE = "/* Could not access MAX_ARRAY_SIZE */"
      DEFAULT_CONCURRENCY_LEVEL = "/* Could not access DEFAULT_CONCURRENCY_LEVEL */"
      LOAD_FACTOR = "/* Could not access LOAD_FACTOR */"
      TREEIFY_THRESHOLD = "/* Could not access TREEIFY_THRESHOLD */"
      UNTREEIFY_THRESHOLD = "/* Could not access UNTREEIFY_THRESHOLD */"
      MIN_TREEIFY_CAPACITY = "/* Could not access MIN_TREEIFY_CAPACITY */"
      MIN_TRANSFER_STRIDE = "/* Could not access MIN_TRANSFER_STRIDE */"
      RESIZE_STAMP_BITS = "/* Could not access RESIZE_STAMP_BITS */"
      MAX_RESIZERS = "/* Could not access MAX_RESIZERS */"
      RESIZE_STAMP_SHIFT = "/* Could not access RESIZE_STAMP_SHIFT */"
      MOVED = "/* Could not access MOVED */"
      TREEBIN = "/* Could not access TREEBIN */"
      RESERVED = "/* Could not access RESERVED */"
      HASH_BITS = "/* Could not access HASH_BITS */"
      NCPU = "/* Could not access NCPU */"
      serialPersistentFields = "/* Could not access serialPersistentFields */"
      table = "/* Could not access table */"
      nextTable = "/* Could not access nextTable */"
      baseCount = "/* Could not access baseCount */"
      sizeCtl = "/* Could not access sizeCtl */"
      transferIndex = "/* Could not access transferIndex */"
      cellsBusy = "/* Could not access cellsBusy */"
      counterCells = "/* Could not access counterCells */"
      keySet = "/* Could not access keySet */"
      values = "/* Could not access values */"
      entrySet = "/* Could not access entrySet */"
      U = "/* Could not access U */"
      SIZECTL = "/* Could not access SIZECTL */"
      TRANSFERINDEX = "/* Could not access TRANSFERINDEX */"
      BASECOUNT = "/* Could not access BASECOUNT */"
      CELLSBUSY = "/* Could not access CELLSBUSY */"
      CELLVALUE = "/* Could not access CELLVALUE */"
      ABASE = "/* Could not access ABASE */"
      ASHIFT = "/* Could not access ASHIFT */"
      keySet = "/* Could not access keySet */"
      values = "/* Could not access values */"
    moduleConfig = class com.ibm.ws.webcontainer.osgi.container.DeployedModule@2519deb4
      tc = class com.ibm.websphere.ras.TraceComponent@3f77fc19
      loader = class com.ibm.ws.classloading.internal.ThreadContextClassLoader@718c14bf
      webApp = class com.ibm.ws.webcontainer40.osgi.webapp.WebApp40@68ba3402
      webAppConfig = class com.ibm.ws.webcontainer.osgi.webapp.WebAppConfiguration@4d496dcd
      contextRootAdded = class com.ibm.ws.threading.internal.NonCancelableResultFuture@cadb4a
      properContextRoot = "/api"
      mappingContextRoot = "/api/*"
      initTaskCount = class java.util.concurrent.atomic.AtomicInteger@2724eb89
      initTasksDoneListener = class com.ibm.ws.webcontainer.osgi.WebContainer$2@148935df
      serialVersionUID = -2104814060051592457
      $$$tc$$$ = class com.ibm.websphere.ras.TraceComponent@39967450
    extensionFactories = class java.util.ArrayList@44940ed0
      serialVersionUID = "/* Could not access serialVersionUID */"
      DEFAULT_CAPACITY = "/* Could not access DEFAULT_CAPACITY */"
      EMPTY_ELEMENTDATA = "/* Could not access EMPTY_ELEMENTDATA */"
      DEFAULTCAPACITY_EMPTY_ELEMENTDATA = "/* Could not access DEFAULTCAPACITY_EMPTY_ELEMENTDATA */"
      elementData = "/* Could not access elementData */"
      size = "/* Could not access size */"
      MAX_ARRAY_SIZE = "/* Could not access MAX_ARRAY_SIZE */"
      modCount = "/* Could not access modCount */"
      MAX_ARRAY_SIZE = "/* Could not access MAX_ARRAY_SIZE */"
    initialized = true
    lock = class com.ibm.ws.webcontainer.webapp.WebApp$1@50f05ed3
      this$0 = class com.ibm.ws.webcontainer40.osgi.webapp.WebApp40@68ba3402
    afterServletContextCreated = false
    redirectContextRoot = false
    errorExceptionTypeFirst = false
    initFilterBeforeServletInit = false
    SET_400_SC_ON_TOO_MANY_PARENT_DIRS = false
    sortedServletConfigs = class java.util.ArrayList@467a302d
      serialVersionUID = "/* Could not access serialVersionUID */"
      DEFAULT_CAPACITY = "/* Could not access DEFAULT_CAPACITY */"
      EMPTY_ELEMENTDATA = "/* Could not access EMPTY_ELEMENTDATA */"
      DEFAULTCAPACITY_EMPTY_ELEMENTDATA = "/* Could not access DEFAULTCAPACITY_EMPTY_ELEMENTDATA */"
      elementData = "/* Could not access elementData */"
      size = "/* Could not access size */"
      MAX_ARRAY_SIZE = "/* Could not access MAX_ARRAY_SIZE */"
      modCount = "/* Could not access modCount */"
      MAX_ARRAY_SIZE = "/* Could not access MAX_ARRAY_SIZE */"
    effectiveMajorVersion = 3
    effectiveMinorVersion = 1
    canAddServletContextListener = true
    withinContextInitOfProgAddListener = false
    lastProgAddListenerInitialized = "com.ibm.ws.cache.CacheServiceImpl"
    webInfLibClassloader = null
    metaInfCache = class com.ibm.ws.webcontainer.webapp.WebApp$2@2d7daa28
      this$0 = class com.ibm.ws.webcontainer40.osgi.webapp.WebApp40@68ba3402
      serialVersionUID = "/* Could not access serialVersionUID */"
      head = "/* Could not access head */"
      tail = "/* Could not access tail */"
      accessOrder = "/* Could not access accessOrder */"
      serialVersionUID = "/* Could not access serialVersionUID */"
      DEFAULT_INITIAL_CAPACITY = "/* Could not access DEFAULT_INITIAL_CAPACITY */"
      MAXIMUM_CAPACITY = "/* Could not access MAXIMUM_CAPACITY */"
      DEFAULT_LOAD_FACTOR = "/* Could not access DEFAULT_LOAD_FACTOR */"
      TREEIFY_THRESHOLD = "/* Could not access TREEIFY_THRESHOLD */"
      UNTREEIFY_THRESHOLD = "/* Could not access UNTREEIFY_THRESHOLD */"
      MIN_TREEIFY_CAPACITY = "/* Could not access MIN_TREEIFY_CAPACITY */"
      table = "/* Could not access table */"
      entrySet = "/* Could not access entrySet */"
      size = "/* Could not access size */"
      modCount = "/* Could not access modCount */"
      threshold = "/* Could not access threshold */"
      loadFactor = "/* Could not access loadFactor */"
      keySet = "/* Could not access keySet */"
      values = "/* Could not access values */"
    useMetaInfCache = true
    SUN_CONFIGURE_LISTENER_CLASSNAME = "com.sun.faces.config.ConfigureListener"
    MYFACES_LIFECYCLE_LISTENER_CLASSNAME = "org.apache.myfaces.webapp.StartupServletContextListener"
    JSF_IMPL_ENABLED_PARAM = "com.ibm.ws.jsf.JSF_IMPL_ENABLED"
    JSF_IMPL_ENABLED_CUSTOM = "Custom"
    JSF_IMPL_ENABLED_NONE = "None"
    staticDocRoot = class com.ibm.ws.webcontainer.util.DocumentRootUtils@1b2f0af3
      logger = class com.ibm.ws.logging.internal.WsLogger@38036566
      CLASS_NAME = "com.ibm.ws.webcontainer.util.DocumentRootUtils"
      useContentLength = false
      matchedFile = null
      matchedZipFile = null
      matchedEntry = null
      matchedURL = null
      edrRoot = null
      pfedrRoot = null
      ctxt = class com.ibm.ws.webcontainer40.osgi.webapp.WebApp40@68ba3402
      baseDir = null
      edr = null
      pfedr = null
      metaInfRes = null
      searchpfEDR = false
      searchEDR = false
      searchMetaInfRes = true
      matchFromEDR = false
      matchFromMetaInfRes = false
      matchIsADirectory = false
      appConfig = class com.ibm.ws.webcontainer.osgi.webapp.WebAppConfiguration@4d496dcd
      attributeType = "staticFile"
      STATIC_FILE = "staticFile"
      JSP = "jsp"
      PFEDR = "preFragmentExtendedDocumentRoot"
      EDR = "extendedDocumentRoot"
    jspDocRoot = class com.ibm.ws.webcontainer.util.DocumentRootUtils@c43aae3
      logger = class com.ibm.ws.logging.internal.WsLogger@38036566
      CLASS_NAME = "com.ibm.ws.webcontainer.util.DocumentRootUtils"
      useContentLength = false
      matchedFile = null
      matchedZipFile = null
      matchedEntry = null
      matchedURL = null
      edrRoot = null
      pfedrRoot = null
      ctxt = class com.ibm.ws.webcontainer40.osgi.webapp.WebApp40@68ba3402
      baseDir = null
      edr = null
      pfedr = null
      metaInfRes = null
      searchpfEDR = false
      searchEDR = false
      searchMetaInfRes = true
      matchFromEDR = false
      matchFromMetaInfRes = false
      matchIsADirectory = false
      appConfig = class com.ibm.ws.webcontainer.osgi.webapp.WebAppConfiguration@4d496dcd
      attributeType = "jsp"
      STATIC_FILE = "staticFile"
      JSP = "jsp"
      PFEDR = "preFragmentExtendedDocumentRoot"
      EDR = "extendedDocumentRoot"
    container = class com.ibm.ws.adaptable.module.internal.AdaptableContainerImpl@59b6b16b
      root = class com.ibm.ws.adaptable.module.internal.AdaptableContainerImpl@59b6b16b
      rootOverlay = class com.ibm.ws.artifact.overlay.internal.DirectoryBasedOverlayContainerImpl@61acd05b
      factoryHolder = class com.ibm.ws.adaptable.module.internal.AdaptableModuleFactoryImpl@269a064a
      delegate = class com.ibm.ws.artifact.overlay.internal.DirectoryBasedOverlayContainerImpl@61acd05b
      notifier = class com.ibm.ws.adaptable.module.internal.NotifierImpl@a5b1752
      serialVersionUID = -5950528200509051684
      $$$tc$$$ = class com.ibm.websphere.ras.TraceComponent@746e0766
    metaInfResourceFinder = class com.ibm.ws.webcontainer.util.MetaInfResourceFinder@4c2f7da9
      jarResourceContainers = class java.util.ArrayList@1401d20a
      container = class com.ibm.ws.adaptable.module.internal.AdaptableContainerImpl@59b6b16b
    postConstructMethods = class com.ibm.ws.webcontainer.webapp.WebApp$AnnotatedMethods@5b5d1aee
      annotationClass = class java.lang.Class@587385f
      noOpClassNames = class java.util.HashSet@55e2d983
      annotatedMethodNames = class java.util.concurrent.ConcurrentHashMap@78e4bcbb
      EMPTY_METHODS = class java.lang.reflect.Method[0]
    preDestroyMethods = class com.ibm.ws.webcontainer.webapp.WebApp$AnnotatedMethods@3846ebe4
      annotationClass = class java.lang.Class@23e037c7
      noOpClassNames = class java.util.HashSet@37f845a7
      annotatedMethodNames = class java.util.concurrent.ConcurrentHashMap@57397d21
      EMPTY_METHODS = class java.lang.reflect.Method[0]
    OBJ_EMPTY = class java.lang.Object[0]
    CLASS_EMPTY = class java.lang.Class[0]
    DEFAULT_JSP_EXTENSIONS = class java.util.ArrayList@29c35abd
      serialVersionUID = "/* Could not access serialVersionUID */"
      DEFAULT_CAPACITY = "/* Could not access DEFAULT_CAPACITY */"
      EMPTY_ELEMENTDATA = "/* Could not access EMPTY_ELEMENTDATA */"
      DEFAULTCAPACITY_EMPTY_ELEMENTDATA = "/* Could not access DEFAULTCAPACITY_EMPTY_ELEMENTDATA */"
      elementData = "/* Could not access elementData */"
      size = "/* Could not access size */"
      MAX_ARRAY_SIZE = "/* Could not access MAX_ARRAY_SIZE */"
      modCount = "/* Could not access modCount */"
      MAX_ARRAY_SIZE = "/* Could not access MAX_ARRAY_SIZE */"
    DEFER_SERVLET_REQUEST_LISTENER_DESTROY_ON_ERROR = false
    DO_ACCEPT_PARTIAL = true
    DO_NOT_ACCEPT_PARTIAL = false
    DO_ACCEPT_EXCLUDED = true
    DO_NOT_ACCEPT_EXCLUDED = false
    commands = class java.util.ArrayList@1eb6a819
      serialVersionUID = "/* Could not access serialVersionUID */"
      DEFAULT_CAPACITY = "/* Could not access DEFAULT_CAPACITY */"
      EMPTY_ELEMENTDATA = "/* Could not access EMPTY_ELEMENTDATA */"
      DEFAULTCAPACITY_EMPTY_ELEMENTDATA = "/* Could not access DEFAULTCAPACITY_EMPTY_ELEMENTDATA */"
      elementData = "/* Could not access elementData */"
      size = "/* Could not access size */"
      MAX_ARRAY_SIZE = "/* Could not access MAX_ARRAY_SIZE */"
      modCount = "/* Could not access modCount */"
      MAX_ARRAY_SIZE = "/* Could not access MAX_ARRAY_SIZE */"
    requestMapper = class com.ibm.wsspi.webcontainer.util.URIMapper@2d0f5b4b
      matcher = class com.ibm.wsspi.webcontainer40.util.URIMatcher40@6cb24c51
    parent = class com.ibm.ws.webcontainer.osgi.webapp.WebGroup@22999cc5
      tc = class com.ibm.websphere.ras.TraceComponent@3eeb14ac
      logger = class com.ibm.ws.logging.internal.WsLogger@664553ba
      CLASS_NAME = "com.ibm.ws.webcontainer.webapp.WebGroup"
      sessUrlRewritePrefix = ";jsessionid="
      qMark = "?"
      config = class com.ibm.ws.webcontainer.osgi.webapp.WebGroupConfiguration@4fec6033
      webApp = class com.ibm.ws.webcontainer40.osgi.webapp.WebApp40@68ba3402
      commands = class java.util.ArrayList@379b2ab0
      requestMapper = null
      parent = class com.ibm.ws.webcontainer.osgi.DynamicVirtualHost@30ac233d
      name = "/api/*"
      isAlive = true
      subElements = class java.util.HashMap@65170881
      attributes = null
      config = null
      serialVersionUID = -8271459000149267764
      $$$tc$$$ = class com.ibm.websphere.ras.TraceComponent@222ae0d9
    name = "guide-social-login"
    isAlive = true
    subElements = null
    attributes = class java.util.concurrent.ConcurrentHashMap@11bc3c99
      serialVersionUID = "/* Could not access serialVersionUID */"
      MAXIMUM_CAPACITY = "/* Could not access MAXIMUM_CAPACITY */"
      DEFAULT_CAPACITY = "/* Could not access DEFAULT_CAPACITY */"
      MAX_ARRAY_SIZE = "/* Could not access MAX_ARRAY_SIZE */"
      DEFAULT_CONCURRENCY_LEVEL = "/* Could not access DEFAULT_CONCURRENCY_LEVEL */"
      LOAD_FACTOR = "/* Could not access LOAD_FACTOR */"
      TREEIFY_THRESHOLD = "/* Could not access TREEIFY_THRESHOLD */"
      UNTREEIFY_THRESHOLD = "/* Could not access UNTREEIFY_THRESHOLD */"
      MIN_TREEIFY_CAPACITY = "/* Could not access MIN_TREEIFY_CAPACITY */"
      MIN_TRANSFER_STRIDE = "/* Could not access MIN_TRANSFER_STRIDE */"
      RESIZE_STAMP_BITS = "/* Could not access RESIZE_STAMP_BITS */"
      MAX_RESIZERS = "/* Could not access MAX_RESIZERS */"
      RESIZE_STAMP_SHIFT = "/* Could not access RESIZE_STAMP_SHIFT */"
      MOVED = "/* Could not access MOVED */"
      TREEBIN = "/* Could not access TREEBIN */"
      RESERVED = "/* Could not access RESERVED */"
      HASH_BITS = "/* Could not access HASH_BITS */"
      NCPU = "/* Could not access NCPU */"
      serialPersistentFields = "/* Could not access serialPersistentFields */"
      table = "/* Could not access table */"
      nextTable = "/* Could not access nextTable */"
      baseCount = "/* Could not access baseCount */"
      sizeCtl = "/* Could not access sizeCtl */"
      transferIndex = "/* Could not access transferIndex */"
      cellsBusy = "/* Could not access cellsBusy */"
      counterCells = "/* Could not access counterCells */"
      keySet = "/* Could not access keySet */"
      values = "/* Could not access values */"
      entrySet = "/* Could not access entrySet */"
      U = "/* Could not access U */"
      SIZECTL = "/* Could not access SIZECTL */"
      TRANSFERINDEX = "/* Could not access TRANSFERINDEX */"
      BASECOUNT = "/* Could not access BASECOUNT */"
      CELLSBUSY = "/* Could not access CELLSBUSY */"
      CELLVALUE = "/* Could not access CELLVALUE */"
      ABASE = "/* Could not access ABASE */"
      ASHIFT = "/* Could not access ASHIFT */"
      keySet = "/* Could not access keySet */"
      values = "/* Could not access values */"
    config = null
    serialVersionUID = -8271459000149267764
    $$$tc$$$ = class com.ibm.websphere.ras.TraceComponent@222ae0d9
      strings[0] = "TraceComponent[com.ibm.ws.container.AbstractContainer,class com.ibm.ws.container.AbstractContainer,[],null,null]"

