********************************************************************************
product = Open Liberty 21.0.0.12 (wlp-1.0.59.cl211220211117-1256)
wlp.install.dir = /home/ductran/Desktop/CSC480-21F/frontend/target/liberty/wlp/
java.home = /usr/lib/jvm/java-11-openjdk-amd64
java.version = 11.0.11
java.runtime = OpenJDK Runtime Environment (11.0.11+9-Ubuntu-0ubuntu2.20.04)
os = Linux (5.11.0-41-generic; amd64) (en_US)
process = 26276@ductran34
********************************************************************************
[12/1/21, 22:48:23:368 EST] 00000001 com.ibm.ws.kernel.launch.internal.FrameworkManager           A CWWKE0001I: The server defaultServer has been launched.
[12/1/21, 22:48:23:861 EST] 00000016 com.ibm.ws.config.xml.internal.ServerXMLConfiguration        A CWWKG0093A: Processing configuration drop-ins resource: /home/ductran/Desktop/CSC480-21F/frontend/target/liberty/wlp/usr/servers/defaultServer/configDropins/overrides/liberty-plugin-variable-config.xml
[12/1/21, 22:48:24:035 EST] 00000001 com.ibm.ws.kernel.launch.internal.FrameworkManager           I CWWKE0002I: The kernel started after 0.887 seconds
[12/1/21, 22:48:24:049 EST] 00000021 com.ibm.ws.kernel.feature.internal.FeatureManager            I CWWKF0007I: Feature update started.
[12/1/21, 22:48:24:284 EST] 00000017 .apache.cxf.cxf.core.3.2:1.0.59.cl211220211117-1256(id=155)] I Aries Blueprint packages not available. So namespaces will not be registered
[12/1/21, 22:48:24:286 EST] 00000019 .apache.cxf.cxf.core.3.2:1.0.59.cl211220211117-1256(id=155)] I Aries Blueprint packages not available. So namespaces will not be registered
[12/1/21, 22:48:24:340 EST] 00000015 com.ibm.ws.security.ready.internal.SecurityReadyServiceImpl  I CWWKS0007I: The security service is starting...
[12/1/21, 22:48:24:563 EST] 00000018 com.ibm.ws.cache.ServerCache                                 I DYNA1001I: WebSphere Dynamic Cache instance named baseCache initialized successfully.
[12/1/21, 22:48:24:566 EST] 00000018 com.ibm.ws.cache.ServerCache                                 I DYNA1071I: The cache provider default is being used.
[12/1/21, 22:48:24:568 EST] 00000018 com.ibm.ws.cache.CacheServiceImpl                            I DYNA1056I: Dynamic Cache (object cache) initialized successfully.
[12/1/21, 22:48:24:573 EST] 00000019 .ws.security.mp.jwt.v11.config.impl.MpConfigProxyServiceImpl I CWWKS5775I: The MicroProfile JWT version 1.1 mpConfigProxy processed successfully.
[12/1/21, 22:48:24:653 EST] 00000017 com.ibm.ws.app.manager.internal.monitor.DropinMonitor        A CWWKZ0058I: Monitoring dropins for applications.
[12/1/21, 22:48:25:215 EST] 0000001d com.ibm.ws.ssl.config.WSKeyStore                             A CWPKI0820A: The default keystore has been created using the 'keystore_password' environment variable.
[12/1/21, 22:48:25:246 EST] 0000002e com.ibm.ws.security.token.ltpa.internal.LTPAKeyCreateTask    I CWWKS4105I: LTPA configuration is ready after 0.023 seconds.
[12/1/21, 22:48:25:270 EST] 00000015 ibm.ws.security.authentication.internal.jaas.JAASServiceImpl I CWWKS1123I: The collective authentication plugin with class name NullCollectiveAuthenticationPlugin has been activated. 
[12/1/21, 22:48:25:497 EST] 00000015 com.ibm.ws.security.jwt.internal.ConsumerImpl                I CWWKS6012I: The JSON Web Token (JWT) consumer service is available.
[12/1/21, 22:48:25:531 EST] 00000015 com.ibm.ws.security.jwt.web.JwtEndpointServices              I CWWKS6002I: The JSON Web Token (JWT) endpoint service is available.
[12/1/21, 22:48:25:547 EST] 0000001d com.ibm.ws.ssl.config.WSKeyStore                             I Successfully loaded default keystore: /home/ductran/Desktop/CSC480-21F/frontend/target/liberty/wlp/usr/servers/defaultServer/resources/security/key.p12 of type: PKCS12
[12/1/21, 22:48:25:667 EST] 00000015 com.ibm.ws.session.WASSessionCore                            I SESN8501I: The session manager did not find a persistent storage location; HttpSession objects will be stored in the local application server's memory.
[12/1/21, 22:48:25:722 EST] 0000001d com.ibm.ws.security.mp.jwt.impl.MicroProfileJwtServiceImpl   I CWWKS5500I: The MicroProfile JWT configuration [MicroProfileJwtService] was successfully processed.
[12/1/21, 22:48:25:724 EST] 0000001d com.ibm.ws.security.mp.jwt.impl.MicroProfileJwtConfigImpl    I CWWKS5500I: The MicroProfile JWT configuration [defaultMpJwt] was successfully processed.
[12/1/21, 22:48:26:131 EST] 00000037 com.ibm.ws.app.manager.AppMessageHelper                      I CWWKZ0018I: Starting application Frontend.
[12/1/21, 22:48:26:132 EST] 00000037 bm.ws.app.manager.war.internal.WARDeployedAppInfoFactoryImpl I CWWKZ0134I: The Frontend application is using the loose application definition at the /home/ductran/Desktop/CSC480-21F/frontend/target/liberty/wlp/usr/servers/defaultServer/apps/Frontend.war.xml location.
[12/1/21, 22:48:26:422 EST] 00000033 com.ibm.ws.webcontainer.osgi.webapp.WebGroup                 I SRVE0169I: Loading Web Module: OpenAPIUI.
[12/1/21, 22:48:26:419 EST] 00000034 com.ibm.ws.webcontainer.osgi.webapp.WebGroup                 I SRVE0169I: Loading Web Module: PrivateMicroProfileMetrics.
[12/1/21, 22:48:26:420 EST] 00000036 com.ibm.ws.webcontainer.osgi.webapp.WebGroup                 I SRVE0169I: Loading Web Module: health.
[12/1/21, 22:48:26:420 EST] 00000030 com.ibm.ws.webcontainer.osgi.webapp.WebGroup                 I SRVE0169I: Loading Web Module: com.ibm.ws.security.jwt.
[12/1/21, 22:48:26:419 EST] 00000031 com.ibm.ws.webcontainer.osgi.webapp.WebGroup                 I SRVE0169I: Loading Web Module: MicroProfileOpenAPI.
[12/1/21, 22:48:26:424 EST] 00000033 com.ibm.ws.http.internal.VirtualHostImpl                     A CWWKT0016I: Web application available (default_host): http://ductran34.lan:3006/openapi/ui/
[12/1/21, 22:48:26:427 EST] 00000031 com.ibm.ws.http.internal.VirtualHostImpl                     A CWWKT0016I: Web application available (default_host): http://ductran34.lan:3006/openapi/
[12/1/21, 22:48:26:429 EST] 00000030 com.ibm.ws.http.internal.VirtualHostImpl                     A CWWKT0016I: Web application available (default_host): http://ductran34.lan:3006/jwt/
[12/1/21, 22:48:26:434 EST] 00000036 com.ibm.ws.http.internal.VirtualHostImpl                     A CWWKT0016I: Web application available (default_host): http://ductran34.lan:3006/health/
[12/1/21, 22:48:26:438 EST] 00000035 com.ibm.ws.webcontainer.osgi.webapp.WebGroup                 I SRVE0169I: Loading Web Module: ibm/api.
[12/1/21, 22:48:26:443 EST] 00000034 com.ibm.ws.http.internal.VirtualHostImpl                     A CWWKT0016I: Web application available (default_host): http://ductran34.lan:3006/metrics/
[12/1/21, 22:48:26:446 EST] 00000035 com.ibm.ws.http.internal.VirtualHostImpl                     A CWWKT0016I: Web application available (default_host): http://ductran34.lan:3006/ibm/api/
[12/1/21, 22:48:26:508 EST] 0000002e com.ibm.ws.session.WASSessionCore                            I SESN0176I: A new session context will be created for application key default_host/ibm/api
[12/1/21, 22:48:26:508 EST] 0000002d com.ibm.ws.session.WASSessionCore                            I SESN0176I: A new session context will be created for application key default_host/jwt
[12/1/21, 22:48:26:508 EST] 0000002b com.ibm.ws.session.WASSessionCore                            I SESN0176I: A new session context will be created for application key default_host/metrics
[12/1/21, 22:48:26:509 EST] 00000026 com.ibm.ws.session.WASSessionCore                            I SESN0176I: A new session context will be created for application key default_host/openapi
[12/1/21, 22:48:26:508 EST] 0000002a com.ibm.ws.session.WASSessionCore                            I SESN0176I: A new session context will be created for application key default_host/health
[12/1/21, 22:48:26:508 EST] 00000023 com.ibm.ws.session.WASSessionCore                            I SESN0176I: A new session context will be created for application key default_host/openapi/ui
[12/1/21, 22:48:26:515 EST] 00000037 org.jboss.weld.Version                                       I WELD-000900: 3.1.8 (Final)
[12/1/21, 22:48:26:525 EST] 0000002e com.ibm.ws.util                                              I SESN0172I: The session manager is using the Java default SecureRandom implementation for session ID generation.
[12/1/21, 22:48:26:537 EST] 00000023 com.ibm.ws.util                                              I SESN0172I: The session manager is using the Java default SecureRandom implementation for session ID generation.
[12/1/21, 22:48:26:538 EST] 0000002a com.ibm.ws.util                                              I SESN0172I: The session manager is using the Java default SecureRandom implementation for session ID generation.
[12/1/21, 22:48:26:538 EST] 00000026 com.ibm.ws.util                                              I SESN0172I: The session manager is using the Java default SecureRandom implementation for session ID generation.
[12/1/21, 22:48:26:539 EST] 0000002d com.ibm.ws.util                                              I SESN0172I: The session manager is using the Java default SecureRandom implementation for session ID generation.
[12/1/21, 22:48:26:542 EST] 0000002b com.ibm.ws.util                                              I SESN0172I: The session manager is using the Java default SecureRandom implementation for session ID generation.
[12/1/21, 22:48:26:568 EST] 00000023 com.ibm.ws.cache.CacheServiceImpl                            I DYNA1056I: Dynamic Cache (object cache) initialized successfully.
[12/1/21, 22:48:26:733 EST] 0000002b com.ibm.ws.webcontainer.servlet                              I SRVE0242I: [com.ibm.ws.microprofile.metrics.private] [/metrics] [PrivateMetricsRESTProxyServlet]: Initialization successful.
[12/1/21, 22:48:26:733 EST] 00000026 com.ibm.ws.webcontainer.servlet                              I SRVE0242I: [com.ibm.ws.microprofile.openapi] [/openapi] [OpenAPIServlet]: Initialization successful.
[12/1/21, 22:48:26:744 EST] 0000002a com.ibm.ws.webcontainer.servlet                              I SRVE0242I: [com.ibm.ws.microprofile.health.2.0] [/health] [HealthCheckReadinessServlet]: Initialization successful.
[12/1/21, 22:48:26:745 EST] 0000002a com.ibm.ws.webcontainer.servlet                              I SRVE0242I: [com.ibm.ws.microprofile.health.2.0] [/health] [HealthCheckServlet]: Initialization successful.
[12/1/21, 22:48:26:747 EST] 0000002a com.ibm.ws.webcontainer.servlet                              I SRVE0242I: [com.ibm.ws.microprofile.health.2.0] [/health] [HealthCheckLivenessServlet]: Initialization successful.
[12/1/21, 22:48:26:844 EST] 00000035 com.ibm.ws.webcontainer.osgi.mbeans.PluginGenerator          I SRVE9103I: A configuration file for a web server plugin was automatically generated for this server at /home/ductran/Desktop/CSC480-21F/frontend/target/liberty/wlp/usr/servers/defaultServer/logs/state/plugin-cfg.xml.
[12/1/21, 22:48:27:909 EST] 00000037 com.ibm.ws.webcontainer.osgi.webapp.WebGroup                 I SRVE0169I: Loading Web Module: Frontend.
[12/1/21, 22:48:27:909 EST] 00000037 com.ibm.ws.http.internal.VirtualHostImpl                     A CWWKT0016I: Web application available (default_host): http://ductran34.lan:3006/
[12/1/21, 22:48:27:913 EST] 00000035 com.ibm.ws.session.WASSessionCore                            I SESN0176I: A new session context will be created for application key default_host/
[12/1/21, 22:48:27:913 EST] 00000035 com.ibm.ws.util                                              I SESN0172I: The session manager is using the Java default SecureRandom implementation for session ID generation.
[12/1/21, 22:48:27:925 EST] 00000035 com.ibm.ws.app.manager.AppMessageHelper                      A CWWKZ0001I: Application Frontend started in 1.794 seconds.
[12/1/21, 22:48:27:955 EST] 00000037 com.ibm.ws.webcontainer.osgi.mbeans.PluginGenerator          I SRVE9103I: A configuration file for a web server plugin was automatically generated for this server at /home/ductran/Desktop/CSC480-21F/frontend/target/liberty/wlp/usr/servers/defaultServer/logs/state/plugin-cfg.xml.
[12/1/21, 22:48:27:955 EST] 00000021 com.ibm.ws.tcpchannel.internal.TCPPort                       I CWWKO0219I: TCP Channel defaultHttpEndpoint has been started and is now listening for requests on host *  (IPv6) port 3006.
[12/1/21, 22:48:27:957 EST] 00000021 com.ibm.ws.tcpchannel.internal.TCPPort                       I CWWKO0219I: TCP Channel defaultHttpEndpoint-ssl has been started and is now listening for requests on host *  (IPv6) port 9443.
[12/1/21, 22:48:27:962 EST] 00000021 com.ibm.ws.kernel.feature.internal.FeatureManager            A CWWKF0012I: The server installed the following features: [appSecurity-2.0, cdi-2.0, concurrent-1.0, distributedMap-1.0, jaxrs-2.1, jaxrsClient-2.1, jndi-1.0, json-1.0, jsonb-1.0, jsonp-1.1, jwt-1.0, microProfile-3.2, mpConfig-1.3, mpFaultTolerance-2.0, mpHealth-2.1, mpJwt-1.1, mpMetrics-2.2, mpOpenAPI-1.1, mpOpenTracing-1.3, mpRestClient-1.3, opentracing-1.3, servlet-4.0, ssl-1.0].
[12/1/21, 22:48:27:963 EST] 00000021 com.ibm.ws.kernel.feature.internal.FeatureManager            I CWWKF0008I: Feature update completed in 3.928 seconds.
[12/1/21, 22:48:27:963 EST] 00000021 com.ibm.ws.kernel.feature.internal.FeatureManager            A CWWKF0011I: The defaultServer server is ready to run a smarter planet. The defaultServer server started in 4.817 seconds.
[12/1/21, 22:49:39:600 EST] 00000011 com.ibm.ws.kernel.launch.internal.FrameworkManager           A CWWKE0085I: The server defaultServer is stopping because the JVM is exiting.
[12/1/21, 22:49:39:602 EST] 00000043 com.ibm.ws.runtime.update.internal.RuntimeUpdateManagerImpl  A CWWKE1100I: Waiting for up to 30 seconds for the server to quiesce.
[12/1/21, 22:49:39:608 EST] 0000002c com.ibm.ws.tcpchannel.internal.TCPChannel                    I CWWKO0220I: TCP Channel defaultHttpEndpoint-ssl has stopped listening for requests on host *  (IPv6) port 9443.
[12/1/21, 22:49:39:611 EST] 0000002c com.ibm.ws.tcpchannel.internal.TCPChannel                    I CWWKO0220I: TCP Channel defaultHttpEndpoint has stopped listening for requests on host *  (IPv6) port 3006.
[12/1/21, 22:49:39:611 EST] 0000002c com.ibm.ws.http.internal.VirtualHostImpl                     A CWWKT0017I: Web application removed (default_host): http://ductran34.lan:3006/jwt/
[12/1/21, 22:49:39:611 EST] 0000002c com.ibm.ws.http.internal.VirtualHostImpl                     A CWWKT0017I: Web application removed (default_host): http://ductran34.lan:3006/openapi/ui/
[12/1/21, 22:49:39:612 EST] 0000002c com.ibm.ws.http.internal.VirtualHostImpl                     A CWWKT0017I: Web application removed (default_host): http://ductran34.lan:3006/health/
[12/1/21, 22:49:39:612 EST] 0000002c com.ibm.ws.http.internal.VirtualHostImpl                     A CWWKT0017I: Web application removed (default_host): http://ductran34.lan:3006/metrics/
[12/1/21, 22:49:39:612 EST] 0000002c com.ibm.ws.http.internal.VirtualHostImpl                     A CWWKT0017I: Web application removed (default_host): http://ductran34.lan:3006/
[12/1/21, 22:49:39:612 EST] 0000002c com.ibm.ws.http.internal.VirtualHostImpl                     A CWWKT0017I: Web application removed (default_host): http://ductran34.lan:3006/openapi/
[12/1/21, 22:49:39:613 EST] 0000002c com.ibm.ws.http.internal.VirtualHostImpl                     A CWWKT0017I: Web application removed (default_host): http://ductran34.lan:3006/ibm/api/
[12/1/21, 22:49:39:768 EST] 00000012 com.ibm.ws.kernel.launch.internal.ServerCommandListener      A CWWKE0055I: Server shutdown requested on Wednesday, December 1, 2021 at 10:49 PM. The server defaultServer is shutting down.
[12/1/21, 22:49:40:616 EST] 00000043 com.ibm.ws.runtime.update.internal.RuntimeUpdateManagerImpl  I CWWKE1101I: Server quiesce complete.
[12/1/21, 22:49:40:686 EST] 00000031 com.ibm.ws.app.manager.AppMessageHelper                      A CWWKZ0009I: The application Frontend has stopped successfully.
[12/1/21, 22:49:40:785 EST] 00000043 .ws.security.mp.jwt.v11.config.impl.MpConfigProxyServiceImpl I CWWKS5777I: The MicroProfile JWT version 1.1 mpConfigProxy deactivated successfully.
[12/1/21, 22:49:40:786 EST] 00000043 com.ibm.ws.security.mp.jwt.impl.MicroProfileJwtConfigImpl    I CWWKS5502I: The MicroProfile JWT configuration [defaultMpJwt] was successfully deactivated.
[12/1/21, 22:49:40:787 EST] 00000043 com.ibm.ws.security.mp.jwt.impl.MicroProfileJwtServiceImpl   I CWWKS5502I: The MicroProfile JWT configuration [MicroProfileJwtService] was successfully deactivated.
[12/1/21, 22:49:40:859 EST] 00000043 com.ibm.ws.security.ready.internal.SecurityReadyServiceImpl  I CWWKS0009I: The security service has stopped.
[12/1/21, 22:49:40:872 EST] 00000043 ibm.ws.security.authentication.internal.jaas.JAASServiceImpl I CWWKS1124I: The collective authentication plugin with class name NullCollectiveAuthenticationPlugin has been deactivated. 
[12/1/21, 22:49:41:140 EST] 00000001 com.ibm.ws.kernel.launch.internal.FrameworkManager           A CWWKE0036I: The server defaultServer stopped after 1 minutes, 17.994 seconds.
