********************************************************************************
product = Open Liberty 21.0.0.12 (wlp-1.0.59.cl211220211117-1256)
wlp.install.dir = /home/ductran/Desktop/CSC480-21F/frontend/target/liberty/wlp/
java.home = /usr/lib/jvm/java-11-openjdk-amd64
java.version = 11.0.11
java.runtime = OpenJDK Runtime Environment (11.0.11+9-Ubuntu-0ubuntu2.20.04)
os = Linux (5.11.0-40-generic; amd64) (en_US)
process = 46184@ductran34
********************************************************************************
[11/30/21, 23:23:51:077 EST] 00000001 com.ibm.ws.kernel.launch.internal.FrameworkManager           A CWWKE0001I: The server defaultServer has been launched.
[11/30/21, 23:23:51:585 EST] 00000016 com.ibm.ws.config.xml.internal.ServerXMLConfiguration        A CWWKG0093A: Processing configuration drop-ins resource: /home/ductran/Desktop/CSC480-21F/frontend/target/liberty/wlp/usr/servers/defaultServer/configDropins/overrides/liberty-plugin-variable-config.xml
[11/30/21, 23:23:51:844 EST] 00000001 com.ibm.ws.kernel.launch.internal.FrameworkManager           I CWWKE0002I: The kernel started after 0.957 seconds
[11/30/21, 23:23:51:861 EST] 00000021 com.ibm.ws.kernel.feature.internal.FeatureManager            I CWWKF0007I: Feature update started.
[11/30/21, 23:23:52:380 EST] 00000017 g.apache.cxf.cxf.core.3.2:1.0.59.cl211220211117-1256(id=90)] I Aries Blueprint packages not available. So namespaces will not be registered
[11/30/21, 23:23:52:588 EST] 00000018 com.ibm.ws.app.manager.internal.monitor.DropinMonitor        A CWWKZ0058I: Monitoring dropins for applications.
[11/30/21, 23:23:52:971 EST] 0000002c com.ibm.ws.app.manager.AppMessageHelper                      I CWWKZ0018I: Starting application guide-rest-client-reactjs.
[11/30/21, 23:23:52:972 EST] 0000002c bm.ws.app.manager.war.internal.WARDeployedAppInfoFactoryImpl I CWWKZ0134I: The guide-rest-client-reactjs application is using the loose application definition at the /home/ductran/Desktop/CSC480-21F/frontend/target/liberty/wlp/usr/servers/defaultServer/apps/guide-rest-client-reactjs.war.xml location.
[11/30/21, 23:23:53:246 EST] 0000002c com.ibm.ws.session.WASSessionCore                            I SESN8501I: The session manager did not find a persistent storage location; HttpSession objects will be stored in the local application server's memory.
[11/30/21, 23:23:53:256 EST] 0000002c com.ibm.ws.webcontainer.osgi.webapp.WebGroup                 I SRVE0169I: Loading Web Module: Liberty Project.
[11/30/21, 23:23:53:260 EST] 0000002c com.ibm.ws.http.internal.VirtualHostImpl                     A CWWKT0016I: Web application available (default_host): http://ductran34.lan:9080/
[11/30/21, 23:23:53:313 EST] 0000002f com.ibm.ws.session.WASSessionCore                            I SESN0176I: A new session context will be created for application key default_host/
[11/30/21, 23:23:53:322 EST] 0000002f com.ibm.ws.util                                              I SESN0172I: The session manager is using the Java default SecureRandom implementation for session ID generation.
[11/30/21, 23:23:53:361 EST] 0000002f com.ibm.ws.app.manager.AppMessageHelper                      A CWWKZ0001I: Application guide-rest-client-reactjs started in 0.390 seconds.
[11/30/21, 23:23:53:391 EST] 00000021 com.ibm.ws.tcpchannel.internal.TCPPort                       I CWWKO0219I: TCP Channel defaultHttpEndpoint has been started and is now listening for requests on host *  (IPv6) port 9080.
[11/30/21, 23:23:53:413 EST] 00000021 com.ibm.ws.kernel.feature.internal.FeatureManager            A CWWKF0012I: The server installed the following features: [jaxrs-2.1, jaxrsClient-2.1, jsonp-1.1, servlet-4.0].
[11/30/21, 23:23:53:414 EST] 00000021 com.ibm.ws.kernel.feature.internal.FeatureManager            I CWWKF0008I: Feature update completed in 1.573 seconds.
[11/30/21, 23:23:53:414 EST] 00000021 com.ibm.ws.kernel.feature.internal.FeatureManager            A CWWKF0011I: The defaultServer server is ready to run a smarter planet. The defaultServer server started in 2.530 seconds.
[11/30/21, 23:23:53:613 EST] 00000030 com.ibm.ws.webcontainer.osgi.mbeans.PluginGenerator          I SRVE9103I: A configuration file for a web server plugin was automatically generated for this server at /home/ductran/Desktop/CSC480-21F/frontend/target/liberty/wlp/usr/servers/defaultServer/logs/state/plugin-cfg.xml.
[11/30/21, 23:24:41:903 EST] 00000021 com.ibm.ws.webcontainer.extension                            W SRVE0190E: File not found: /favicon.ico
[11/30/21, 23:25:28:917 EST] 00000032 com.ibm.ws.webcontainer.extension                            W SRVE0190E: File not found: /login
[11/30/21, 23:29:18:629 EST] 00000011 com.ibm.ws.kernel.launch.internal.FrameworkManager           A CWWKE0085I: The server defaultServer is stopping because the JVM is exiting.
[11/30/21, 23:29:18:637 EST] 00000038 com.ibm.ws.runtime.update.internal.RuntimeUpdateManagerImpl  A CWWKE1100I: Waiting for up to 30 seconds for the server to quiesce.
[11/30/21, 23:29:18:652 EST] 00000030 com.ibm.ws.tcpchannel.internal.TCPChannel                    I CWWKO0220I: TCP Channel defaultHttpEndpoint has stopped listening for requests on host *  (IPv6) port 9080.
[11/30/21, 23:29:18:655 EST] 00000030 com.ibm.ws.http.internal.VirtualHostImpl                     A CWWKT0017I: Web application removed (default_host): http://ductran34.lan:9080/
[11/30/21, 23:29:18:805 EST] 00000012 com.ibm.ws.kernel.launch.internal.ServerCommandListener      A CWWKE0055I: Server shutdown requested on Tuesday, November 30, 2021 at 11:29 PM. The server defaultServer is shutting down.
[11/30/21, 23:29:19:660 EST] 00000038 com.ibm.ws.runtime.update.internal.RuntimeUpdateManagerImpl  I CWWKE1101I: Server quiesce complete.
[11/30/21, 23:29:19:687 EST] 00000034 com.ibm.ws.app.manager.AppMessageHelper                      A CWWKZ0009I: The application guide-rest-client-reactjs has stopped successfully.
[11/30/21, 23:29:19:878 EST] 00000001 com.ibm.ws.kernel.launch.internal.FrameworkManager           A CWWKE0036I: The server defaultServer stopped after 5 minutes, 28.993 seconds.
